<?xml version="1.0" encoding="UTF-8"?>
<TestRun id="9c5eba18-7686-4135-9e23-49cb56ebdb41" name="asus@COREY-ASUS 2013-05-04 19:31:03" runUser="COREY-ASUS\asus" xmlns="http://microsoft.com/schemas/VisualStudio/TeamTest/2010">
  <TestSettings name="Local" id="4086bb99-4879-4a3b-8a59-bbea98ebebc6">
    <Description>These are default test settings for a local test run.</Description>
    <Deployment enabled="false" runDeploymentRoot="asus_COREY-ASUS 2013-05-04 19_31_03">
      <DeploymentItem filename="D:\Documents\Visual Studio 2012\EECS-311 Assignment 3\HappyFunBlob\bin\x86\Debug\HappyFunBlob.exe" />
    </Deployment>
    <Execution>
      <TestTypeSpecific />
      <AgentRule name="Execution Agents">
      </AgentRule>
    </Execution>
  </TestSettings>
  <Times creation="2013-05-04T19:31:03.3264578-05:00" queuing="2013-05-04T19:31:03.3884614-05:00" start="2013-05-04T19:31:03.3934616-05:00" finish="2013-05-04T19:31:03.6094628-05:00" />
  <ResultSummary outcome="Failed">
    <Counters total="13" executed="13" passed="9" error="0" failed="4" timeout="0" aborted="0" inconclusive="0" passedButRunAborted="0" notRunnable="0" notExecuted="0" disconnected="0" warning="0" completed="0" inProgress="0" pending="0" />
  </ResultSummary>
  <TestDefinitions>
    <UnitTest name="BuildTreeSplitAlongYTest" storage="d:\documents\visual studio 2012\eecs-311 assignment 3\tests\bin\debug\tests.dll" id="1e9ad0a3-0f9e-4b0e-7759-2aa9158a5696">
      <Execution id="7bb4d7c0-cf14-42ca-b8e3-166771305ae0" />
      <TestMethod codeBase="D:/Documents/Visual Studio 2012/EECS-311 Assignment 3/Tests/bin/Debug/Tests.DLL" adapterTypeName="Microsoft.VisualStudio.TestTools.TestTypes.Unit.UnitTestAdapter, Microsoft.VisualStudio.QualityTools.Tips.UnitTest.Adapter, Version=10.0.0.0, Culture=neutral, PublicKeyToken=b03f5f7f11d50a3a" className="DictionaryTests.BSPTreeTest, Tests, Version=1.0.0.0, Culture=neutral, PublicKeyToken=null" name="BuildTreeSplitAlongYTest" />
    </UnitTest>
    <UnitTest name="DoAllIntersectingObjectsNullIntersectionTest" storage="d:\documents\visual studio 2012\eecs-311 assignment 3\tests\bin\debug\tests.dll" id="ff460abd-4f60-52b4-1b9d-22af420ce364">
      <Execution id="b865de67-e1c1-4aaf-b8f4-a0dadaec39c2" />
      <TestMethod codeBase="D:/Documents/Visual Studio 2012/EECS-311 Assignment 3/Tests/bin/Debug/Tests.DLL" adapterTypeName="Microsoft.VisualStudio.TestTools.TestTypes.Unit.UnitTestAdapter, Microsoft.VisualStudio.QualityTools.Tips.UnitTest.Adapter, Version=10.0.0.0, Culture=neutral, PublicKeyToken=b03f5f7f11d50a3a" className="DictionaryTests.BSPTreeTest, Tests, Version=1.0.0.0, Culture=neutral, PublicKeyToken=null" name="DoAllIntersectingObjectsNullIntersectionTest" />
    </UnitTest>
    <UnitTest name="NoSplitAvailableTest" storage="d:\documents\visual studio 2012\eecs-311 assignment 3\tests\bin\debug\tests.dll" id="4f1fb53f-3ae3-81d5-493f-9d8ce970c212">
      <Execution id="182d2963-a9ea-4071-a057-5af366bb0c90" />
      <TestMethod codeBase="D:/Documents/Visual Studio 2012/EECS-311 Assignment 3/Tests/bin/Debug/Tests.DLL" adapterTypeName="Microsoft.VisualStudio.TestTools.TestTypes.Unit.UnitTestAdapter, Microsoft.VisualStudio.QualityTools.Tips.UnitTest.Adapter, Version=10.0.0.0, Culture=neutral, PublicKeyToken=b03f5f7f11d50a3a" className="DictionaryTests.BSPTreeTest, Tests, Version=1.0.0.0, Culture=neutral, PublicKeyToken=null" name="NoSplitAvailableTest" />
    </UnitTest>
    <UnitTest name="BuildLeafTest" storage="d:\documents\visual studio 2012\eecs-311 assignment 3\tests\bin\debug\tests.dll" id="b36ef38a-b380-8d91-4854-af00d8a90814">
      <Execution id="b711a518-c6da-49df-a97b-4576f06270f6" />
      <TestMethod codeBase="D:/Documents/Visual Studio 2012/EECS-311 Assignment 3/Tests/bin/Debug/Tests.DLL" adapterTypeName="Microsoft.VisualStudio.TestTools.TestTypes.Unit.UnitTestAdapter, Microsoft.VisualStudio.QualityTools.Tips.UnitTest.Adapter, Version=10.0.0.0, Culture=neutral, PublicKeyToken=b03f5f7f11d50a3a" className="DictionaryTests.BSPTreeTest, Tests, Version=1.0.0.0, Culture=neutral, PublicKeyToken=null" name="BuildLeafTest" />
    </UnitTest>
    <UnitTest name="DoAllIntersectingObjectsFrontTest" storage="d:\documents\visual studio 2012\eecs-311 assignment 3\tests\bin\debug\tests.dll" id="8de2ba16-e2b5-88cf-6ef8-3b3f32283dc4">
      <Execution id="3e20e5e7-0141-45a2-bc18-f39a1ea05cdd" />
      <TestMethod codeBase="D:/Documents/Visual Studio 2012/EECS-311 Assignment 3/Tests/bin/Debug/Tests.DLL" adapterTypeName="Microsoft.VisualStudio.TestTools.TestTypes.Unit.UnitTestAdapter, Microsoft.VisualStudio.QualityTools.Tips.UnitTest.Adapter, Version=10.0.0.0, Culture=neutral, PublicKeyToken=b03f5f7f11d50a3a" className="DictionaryTests.BSPTreeTest, Tests, Version=1.0.0.0, Culture=neutral, PublicKeyToken=null" name="DoAllIntersectingObjectsFrontTest" />
    </UnitTest>
    <UnitTest name="BuildTreeSplitAlongXTest" storage="d:\documents\visual studio 2012\eecs-311 assignment 3\tests\bin\debug\tests.dll" id="56be26ec-e6df-d032-f6f8-c5b905723717">
      <Execution id="e36c622d-d498-4056-967c-f0c1fd786d9c" />
      <TestMethod codeBase="D:/Documents/Visual Studio 2012/EECS-311 Assignment 3/Tests/bin/Debug/Tests.DLL" adapterTypeName="Microsoft.VisualStudio.TestTools.TestTypes.Unit.UnitTestAdapter, Microsoft.VisualStudio.QualityTools.Tips.UnitTest.Adapter, Version=10.0.0.0, Culture=neutral, PublicKeyToken=b03f5f7f11d50a3a" className="DictionaryTests.BSPTreeTest, Tests, Version=1.0.0.0, Culture=neutral, PublicKeyToken=null" name="BuildTreeSplitAlongXTest" />
    </UnitTest>
    <UnitTest name="BuildCorrectFormatTree" storage="d:\documents\visual studio 2012\eecs-311 assignment 3\tests\bin\debug\tests.dll" id="80e82119-a391-b72e-106c-695ef83d8b6e">
      <Execution id="3a5f6ab7-71dd-4a16-9c39-d67e48f95e40" />
      <TestMethod codeBase="D:/Documents/Visual Studio 2012/EECS-311 Assignment 3/Tests/bin/Debug/Tests.DLL" adapterTypeName="Microsoft.VisualStudio.TestTools.TestTypes.Unit.UnitTestAdapter, Microsoft.VisualStudio.QualityTools.Tips.UnitTest.Adapter, Version=10.0.0.0, Culture=neutral, PublicKeyToken=b03f5f7f11d50a3a" className="DictionaryTests.BSPTreeTest, Tests, Version=1.0.0.0, Culture=neutral, PublicKeyToken=null" name="BuildCorrectFormatTree" />
    </UnitTest>
    <UnitTest name="DoAllIntersectingObjectsFrontAndBackTest" storage="d:\documents\visual studio 2012\eecs-311 assignment 3\tests\bin\debug\tests.dll" id="47c7fea3-f1fe-f08f-db86-130052062a9a">
      <Execution id="c437f2a7-4d62-4870-be21-bb30ea61b03e" />
      <TestMethod codeBase="D:/Documents/Visual Studio 2012/EECS-311 Assignment 3/Tests/bin/Debug/Tests.DLL" adapterTypeName="Microsoft.VisualStudio.TestTools.TestTypes.Unit.UnitTestAdapter, Microsoft.VisualStudio.QualityTools.Tips.UnitTest.Adapter, Version=10.0.0.0, Culture=neutral, PublicKeyToken=b03f5f7f11d50a3a" className="DictionaryTests.BSPTreeTest, Tests, Version=1.0.0.0, Culture=neutral, PublicKeyToken=null" name="DoAllIntersectingObjectsFrontAndBackTest" />
    </UnitTest>
    <UnitTest name="SortGameObjectsTest" storage="d:\documents\visual studio 2012\eecs-311 assignment 3\tests\bin\debug\tests.dll" id="8ecd4a90-916d-4070-9846-17a8baf14dd1">
      <Execution id="836c3ab5-acbb-41bf-83c9-1b0e1432c819" />
      <TestMethod codeBase="D:/Documents/Visual Studio 2012/EECS-311 Assignment 3/Tests/bin/Debug/Tests.DLL" adapterTypeName="Microsoft.VisualStudio.TestTools.TestTypes.Unit.UnitTestAdapter, Microsoft.VisualStudio.QualityTools.Tips.UnitTest.Adapter, Version=10.0.0.0, Culture=neutral, PublicKeyToken=b03f5f7f11d50a3a" className="DictionaryTests.BSPTreeTest, Tests, Version=1.0.0.0, Culture=neutral, PublicKeyToken=null" name="SortGameObjectsTest" />
    </UnitTest>
    <UnitTest name="DoAllIntersectingObjectsBackTest" storage="d:\documents\visual studio 2012\eecs-311 assignment 3\tests\bin\debug\tests.dll" id="55799dd9-ab23-02d7-a266-1bd1ee6e9c08">
      <Execution id="066caa6b-34dc-41df-921b-a6dec693de45" />
      <TestMethod codeBase="D:/Documents/Visual Studio 2012/EECS-311 Assignment 3/Tests/bin/Debug/Tests.DLL" adapterTypeName="Microsoft.VisualStudio.TestTools.TestTypes.Unit.UnitTestAdapter, Microsoft.VisualStudio.QualityTools.Tips.UnitTest.Adapter, Version=10.0.0.0, Culture=neutral, PublicKeyToken=b03f5f7f11d50a3a" className="DictionaryTests.BSPTreeTest, Tests, Version=1.0.0.0, Culture=neutral, PublicKeyToken=null" name="DoAllIntersectingObjectsBackTest" />
    </UnitTest>
    <UnitTest name="BuildTreeSplitAlongZTest" storage="d:\documents\visual studio 2012\eecs-311 assignment 3\tests\bin\debug\tests.dll" id="b8ee0cd3-a365-9e18-6e43-154ad1c47c94">
      <Execution id="f87528ea-30a8-4548-971e-99d38e29e812" />
      <TestMethod codeBase="D:/Documents/Visual Studio 2012/EECS-311 Assignment 3/Tests/bin/Debug/Tests.DLL" adapterTypeName="Microsoft.VisualStudio.TestTools.TestTypes.Unit.UnitTestAdapter, Microsoft.VisualStudio.QualityTools.Tips.UnitTest.Adapter, Version=10.0.0.0, Culture=neutral, PublicKeyToken=b03f5f7f11d50a3a" className="DictionaryTests.BSPTreeTest, Tests, Version=1.0.0.0, Culture=neutral, PublicKeyToken=null" name="BuildTreeSplitAlongZTest" />
    </UnitTest>
    <UnitTest name="SortReversedGameObjectsTest" storage="d:\documents\visual studio 2012\eecs-311 assignment 3\tests\bin\debug\tests.dll" id="77ac8a9b-16e5-9913-ee8e-d341fea774be">
      <Execution id="9a83b869-ed55-44f0-990e-b191cf560b7a" />
      <TestMethod codeBase="D:/Documents/Visual Studio 2012/EECS-311 Assignment 3/Tests/bin/Debug/Tests.DLL" adapterTypeName="Microsoft.VisualStudio.TestTools.TestTypes.Unit.UnitTestAdapter, Microsoft.VisualStudio.QualityTools.Tips.UnitTest.Adapter, Version=10.0.0.0, Culture=neutral, PublicKeyToken=b03f5f7f11d50a3a" className="DictionaryTests.BSPTreeTest, Tests, Version=1.0.0.0, Culture=neutral, PublicKeyToken=null" name="SortReversedGameObjectsTest" />
    </UnitTest>
    <UnitTest name="ArrangeGameObjectsCorrectlyTest" storage="d:\documents\visual studio 2012\eecs-311 assignment 3\tests\bin\debug\tests.dll" id="599eb862-1ebc-17e2-4a0c-30dbd3dcf77f">
      <Execution id="0b33ba09-9c58-48d3-b662-4ce3aaf821c7" />
      <TestMethod codeBase="D:/Documents/Visual Studio 2012/EECS-311 Assignment 3/Tests/bin/Debug/Tests.DLL" adapterTypeName="Microsoft.VisualStudio.TestTools.TestTypes.Unit.UnitTestAdapter, Microsoft.VisualStudio.QualityTools.Tips.UnitTest.Adapter, Version=10.0.0.0, Culture=neutral, PublicKeyToken=b03f5f7f11d50a3a" className="DictionaryTests.BSPTreeTest, Tests, Version=1.0.0.0, Culture=neutral, PublicKeyToken=null" name="ArrangeGameObjectsCorrectlyTest" />
    </UnitTest>
  </TestDefinitions>
  <TestLists>
    <TestList name="Results Not in a List" id="8c84fa94-04c1-424b-9868-57a2d4851a1d" />
    <TestList name="All Loaded Results" id="19431567-8539-422a-85d7-44ee4e166bda" />
  </TestLists>
  <TestEntries>
    <TestEntry testId="1e9ad0a3-0f9e-4b0e-7759-2aa9158a5696" executionId="7bb4d7c0-cf14-42ca-b8e3-166771305ae0" testListId="8c84fa94-04c1-424b-9868-57a2d4851a1d" />
    <TestEntry testId="47c7fea3-f1fe-f08f-db86-130052062a9a" executionId="c437f2a7-4d62-4870-be21-bb30ea61b03e" testListId="8c84fa94-04c1-424b-9868-57a2d4851a1d" />
    <TestEntry testId="4f1fb53f-3ae3-81d5-493f-9d8ce970c212" executionId="182d2963-a9ea-4071-a057-5af366bb0c90" testListId="8c84fa94-04c1-424b-9868-57a2d4851a1d" />
    <TestEntry testId="55799dd9-ab23-02d7-a266-1bd1ee6e9c08" executionId="066caa6b-34dc-41df-921b-a6dec693de45" testListId="8c84fa94-04c1-424b-9868-57a2d4851a1d" />
    <TestEntry testId="56be26ec-e6df-d032-f6f8-c5b905723717" executionId="e36c622d-d498-4056-967c-f0c1fd786d9c" testListId="8c84fa94-04c1-424b-9868-57a2d4851a1d" />
    <TestEntry testId="599eb862-1ebc-17e2-4a0c-30dbd3dcf77f" executionId="0b33ba09-9c58-48d3-b662-4ce3aaf821c7" testListId="8c84fa94-04c1-424b-9868-57a2d4851a1d" />
    <TestEntry testId="77ac8a9b-16e5-9913-ee8e-d341fea774be" executionId="9a83b869-ed55-44f0-990e-b191cf560b7a" testListId="8c84fa94-04c1-424b-9868-57a2d4851a1d" />
    <TestEntry testId="80e82119-a391-b72e-106c-695ef83d8b6e" executionId="3a5f6ab7-71dd-4a16-9c39-d67e48f95e40" testListId="8c84fa94-04c1-424b-9868-57a2d4851a1d" />
    <TestEntry testId="8de2ba16-e2b5-88cf-6ef8-3b3f32283dc4" executionId="3e20e5e7-0141-45a2-bc18-f39a1ea05cdd" testListId="8c84fa94-04c1-424b-9868-57a2d4851a1d" />
    <TestEntry testId="8ecd4a90-916d-4070-9846-17a8baf14dd1" executionId="836c3ab5-acbb-41bf-83c9-1b0e1432c819" testListId="8c84fa94-04c1-424b-9868-57a2d4851a1d" />
    <TestEntry testId="b36ef38a-b380-8d91-4854-af00d8a90814" executionId="b711a518-c6da-49df-a97b-4576f06270f6" testListId="8c84fa94-04c1-424b-9868-57a2d4851a1d" />
    <TestEntry testId="b8ee0cd3-a365-9e18-6e43-154ad1c47c94" executionId="f87528ea-30a8-4548-971e-99d38e29e812" testListId="8c84fa94-04c1-424b-9868-57a2d4851a1d" />
    <TestEntry testId="ff460abd-4f60-52b4-1b9d-22af420ce364" executionId="b865de67-e1c1-4aaf-b8f4-a0dadaec39c2" testListId="8c84fa94-04c1-424b-9868-57a2d4851a1d" />
  </TestEntries>
  <Results>
    <UnitTestResult executionId="7bb4d7c0-cf14-42ca-b8e3-166771305ae0" testId="1e9ad0a3-0f9e-4b0e-7759-2aa9158a5696" testName="BuildTreeSplitAlongYTest" computerName="COREY-ASUS" duration="00:00:00.0157025" startTime="2013-05-04T19:31:03.3954618-05:00" endTime="2013-05-04T19:31:03.5444627-05:00" testType="13cdc9d9-ddb5-4fa4-a97d-d965ccfc6d4b" outcome="Passed" testListId="8c84fa94-04c1-424b-9868-57a2d4851a1d" relativeResultsDirectory="7bb4d7c0-cf14-42ca-b8e3-166771305ae0">
    </UnitTestResult>
    <UnitTestResult executionId="c437f2a7-4d62-4870-be21-bb30ea61b03e" testId="47c7fea3-f1fe-f08f-db86-130052062a9a" testName="DoAllIntersectingObjectsFrontAndBackTest" computerName="COREY-ASUS" duration="00:00:00.0117758" startTime="2013-05-04T19:31:03.5444627-05:00" endTime="2013-05-04T19:31:03.5594628-05:00" testType="13cdc9d9-ddb5-4fa4-a97d-d965ccfc6d4b" outcome="Failed" testListId="8c84fa94-04c1-424b-9868-57a2d4851a1d" relativeResultsDirectory="c437f2a7-4d62-4870-be21-bb30ea61b03e">
      <Output>
        <ErrorInfo>
          <Message>Test method DictionaryTests.BSPTreeTest.DoAllIntersectingObjectsFrontAndBackTest threw exception: 
System.NotImplementedException: BSPTreeInteriorNode.DoAllIntersectingObjects() method not yet implemented.</Message>
          <StackTrace>    at HappyFunBlob.BSPTreeInteriorNode.DoAllIntersectingObjects(BoundingBox bbox, TreeFunction function) in D:\Documents\Visual Studio 2012\EECS-311 Assignment 3\HappyFunBlob\BSPTree.cs:line 198
   at DictionaryTests.BSPTreeTest.DoAllIntersectingObjectsFrontAndBackTest() in D:\Documents\Visual Studio 2012\EECS-311 Assignment 3\Tests\BSPTreeTest.cs:line 172
</StackTrace>
        </ErrorInfo>
      </Output>
    </UnitTestResult>
    <UnitTestResult executionId="182d2963-a9ea-4071-a057-5af366bb0c90" testId="4f1fb53f-3ae3-81d5-493f-9d8ce970c212" testName="NoSplitAvailableTest" computerName="COREY-ASUS" duration="00:00:00.0005497" startTime="2013-05-04T19:31:03.5594628-05:00" endTime="2013-05-04T19:31:03.5644628-05:00" testType="13cdc9d9-ddb5-4fa4-a97d-d965ccfc6d4b" outcome="Passed" testListId="8c84fa94-04c1-424b-9868-57a2d4851a1d" relativeResultsDirectory="182d2963-a9ea-4071-a057-5af366bb0c90">
    </UnitTestResult>
    <UnitTestResult executionId="066caa6b-34dc-41df-921b-a6dec693de45" testId="55799dd9-ab23-02d7-a266-1bd1ee6e9c08" testName="DoAllIntersectingObjectsBackTest" computerName="COREY-ASUS" duration="00:00:00.0014417" startTime="2013-05-04T19:31:03.5644628-05:00" endTime="2013-05-04T19:31:03.5694628-05:00" testType="13cdc9d9-ddb5-4fa4-a97d-d965ccfc6d4b" outcome="Failed" testListId="8c84fa94-04c1-424b-9868-57a2d4851a1d" relativeResultsDirectory="066caa6b-34dc-41df-921b-a6dec693de45">
      <Output>
        <ErrorInfo>
          <Message>Test method DictionaryTests.BSPTreeTest.DoAllIntersectingObjectsBackTest threw exception: 
System.NotImplementedException: BSPTreeInteriorNode.DoAllIntersectingObjects() method not yet implemented.</Message>
          <StackTrace>    at HappyFunBlob.BSPTreeInteriorNode.DoAllIntersectingObjects(BoundingBox bbox, TreeFunction function) in D:\Documents\Visual Studio 2012\EECS-311 Assignment 3\HappyFunBlob\BSPTree.cs:line 198
   at DictionaryTests.BSPTreeTest.DoAllIntersectingObjectsBackTest() in D:\Documents\Visual Studio 2012\EECS-311 Assignment 3\Tests\BSPTreeTest.cs:line 145
</StackTrace>
        </ErrorInfo>
      </Output>
    </UnitTestResult>
    <UnitTestResult executionId="e36c622d-d498-4056-967c-f0c1fd786d9c" testId="56be26ec-e6df-d032-f6f8-c5b905723717" testName="BuildTreeSplitAlongXTest" computerName="COREY-ASUS" duration="00:00:00.0005220" startTime="2013-05-04T19:31:03.5694628-05:00" endTime="2013-05-04T19:31:03.5694628-05:00" testType="13cdc9d9-ddb5-4fa4-a97d-d965ccfc6d4b" outcome="Passed" testListId="8c84fa94-04c1-424b-9868-57a2d4851a1d" relativeResultsDirectory="e36c622d-d498-4056-967c-f0c1fd786d9c">
    </UnitTestResult>
    <UnitTestResult executionId="0b33ba09-9c58-48d3-b662-4ce3aaf821c7" testId="599eb862-1ebc-17e2-4a0c-30dbd3dcf77f" testName="ArrangeGameObjectsCorrectlyTest" computerName="COREY-ASUS" duration="00:00:00.0004787" startTime="2013-05-04T19:31:03.5744628-05:00" endTime="2013-05-04T19:31:03.5744628-05:00" testType="13cdc9d9-ddb5-4fa4-a97d-d965ccfc6d4b" outcome="Passed" testListId="8c84fa94-04c1-424b-9868-57a2d4851a1d" relativeResultsDirectory="0b33ba09-9c58-48d3-b662-4ce3aaf821c7">
    </UnitTestResult>
    <UnitTestResult executionId="9a83b869-ed55-44f0-990e-b191cf560b7a" testId="77ac8a9b-16e5-9913-ee8e-d341fea774be" testName="SortReversedGameObjectsTest" computerName="COREY-ASUS" duration="00:00:00.0003368" startTime="2013-05-04T19:31:03.5744628-05:00" endTime="2013-05-04T19:31:03.5794628-05:00" testType="13cdc9d9-ddb5-4fa4-a97d-d965ccfc6d4b" outcome="Passed" testListId="8c84fa94-04c1-424b-9868-57a2d4851a1d" relativeResultsDirectory="9a83b869-ed55-44f0-990e-b191cf560b7a">
    </UnitTestResult>
    <UnitTestResult executionId="3a5f6ab7-71dd-4a16-9c39-d67e48f95e40" testId="80e82119-a391-b72e-106c-695ef83d8b6e" testName="BuildCorrectFormatTree" computerName="COREY-ASUS" duration="00:00:00.0004002" startTime="2013-05-04T19:31:03.5794628-05:00" endTime="2013-05-04T19:31:03.5794628-05:00" testType="13cdc9d9-ddb5-4fa4-a97d-d965ccfc6d4b" outcome="Passed" testListId="8c84fa94-04c1-424b-9868-57a2d4851a1d" relativeResultsDirectory="3a5f6ab7-71dd-4a16-9c39-d67e48f95e40">
    </UnitTestResult>
    <UnitTestResult executionId="3e20e5e7-0141-45a2-bc18-f39a1ea05cdd" testId="8de2ba16-e2b5-88cf-6ef8-3b3f32283dc4" testName="DoAllIntersectingObjectsFrontTest" computerName="COREY-ASUS" duration="00:00:00.0014792" startTime="2013-05-04T19:31:03.5844628-05:00" endTime="2013-05-04T19:31:03.5844628-05:00" testType="13cdc9d9-ddb5-4fa4-a97d-d965ccfc6d4b" outcome="Failed" testListId="8c84fa94-04c1-424b-9868-57a2d4851a1d" relativeResultsDirectory="3e20e5e7-0141-45a2-bc18-f39a1ea05cdd">
      <Output>
        <ErrorInfo>
          <Message>Test method DictionaryTests.BSPTreeTest.DoAllIntersectingObjectsFrontTest threw exception: 
System.NotImplementedException: BSPTreeInteriorNode.DoAllIntersectingObjects() method not yet implemented.</Message>
          <StackTrace>    at HappyFunBlob.BSPTreeInteriorNode.DoAllIntersectingObjects(BoundingBox bbox, TreeFunction function) in D:\Documents\Visual Studio 2012\EECS-311 Assignment 3\HappyFunBlob\BSPTree.cs:line 198
   at DictionaryTests.BSPTreeTest.DoAllIntersectingObjectsFrontTest() in D:\Documents\Visual Studio 2012\EECS-311 Assignment 3\Tests\BSPTreeTest.cs:line 118
</StackTrace>
        </ErrorInfo>
      </Output>
    </UnitTestResult>
    <UnitTestResult executionId="836c3ab5-acbb-41bf-83c9-1b0e1432c819" testId="8ecd4a90-916d-4070-9846-17a8baf14dd1" testName="SortGameObjectsTest" computerName="COREY-ASUS" duration="00:00:00.0003498" startTime="2013-05-04T19:31:03.5894628-05:00" endTime="2013-05-04T19:31:03.5894628-05:00" testType="13cdc9d9-ddb5-4fa4-a97d-d965ccfc6d4b" outcome="Passed" testListId="8c84fa94-04c1-424b-9868-57a2d4851a1d" relativeResultsDirectory="836c3ab5-acbb-41bf-83c9-1b0e1432c819">
    </UnitTestResult>
    <UnitTestResult executionId="b711a518-c6da-49df-a97b-4576f06270f6" testId="b36ef38a-b380-8d91-4854-af00d8a90814" testName="BuildLeafTest" computerName="COREY-ASUS" duration="00:00:00.0003007" startTime="2013-05-04T19:31:03.5894628-05:00" endTime="2013-05-04T19:31:03.5944628-05:00" testType="13cdc9d9-ddb5-4fa4-a97d-d965ccfc6d4b" outcome="Passed" testListId="8c84fa94-04c1-424b-9868-57a2d4851a1d" relativeResultsDirectory="b711a518-c6da-49df-a97b-4576f06270f6">
    </UnitTestResult>
    <UnitTestResult executionId="f87528ea-30a8-4548-971e-99d38e29e812" testId="b8ee0cd3-a365-9e18-6e43-154ad1c47c94" testName="BuildTreeSplitAlongZTest" computerName="COREY-ASUS" duration="00:00:00.0005301" startTime="2013-05-04T19:31:03.5944628-05:00" endTime="2013-05-04T19:31:03.5944628-05:00" testType="13cdc9d9-ddb5-4fa4-a97d-d965ccfc6d4b" outcome="Passed" testListId="8c84fa94-04c1-424b-9868-57a2d4851a1d" relativeResultsDirectory="f87528ea-30a8-4548-971e-99d38e29e812">
    </UnitTestResult>
    <UnitTestResult executionId="b865de67-e1c1-4aaf-b8f4-a0dadaec39c2" testId="ff460abd-4f60-52b4-1b9d-22af420ce364" testName="DoAllIntersectingObjectsNullIntersectionTest" computerName="COREY-ASUS" duration="00:00:00.0014060" startTime="2013-05-04T19:31:03.5994628-05:00" endTime="2013-05-04T19:31:03.5994628-05:00" testType="13cdc9d9-ddb5-4fa4-a97d-d965ccfc6d4b" outcome="Failed" testListId="8c84fa94-04c1-424b-9868-57a2d4851a1d" relativeResultsDirectory="b865de67-e1c1-4aaf-b8f4-a0dadaec39c2">
      <Output>
        <ErrorInfo>
          <Message>Test method DictionaryTests.BSPTreeTest.DoAllIntersectingObjectsNullIntersectionTest threw exception: 
System.NotImplementedException: BSPTreeInteriorNode.DoAllIntersectingObjects() method not yet implemented.</Message>
          <StackTrace>    at HappyFunBlob.BSPTreeInteriorNode.DoAllIntersectingObjects(BoundingBox bbox, TreeFunction function) in D:\Documents\Visual Studio 2012\EECS-311 Assignment 3\HappyFunBlob\BSPTree.cs:line 198
   at DictionaryTests.BSPTreeTest.DoAllIntersectingObjectsNullIntersectionTest() in D:\Documents\Visual Studio 2012\EECS-311 Assignment 3\Tests\BSPTreeTest.cs:line 198
</StackTrace>
        </ErrorInfo>
      </Output>
    </UnitTestResult>
  </Results>
</TestRun>