<?xml version="1.0" encoding="UTF-8"?>
<TestRun id="f98096a2-38d3-405b-a914-4cdac0cb1bd8" name="asus@COREY-ASUS 2013-05-04 19:09:14" runUser="COREY-ASUS\asus" xmlns="http://microsoft.com/schemas/VisualStudio/TeamTest/2010">
  <TestSettings name="Local" id="4086bb99-4879-4a3b-8a59-bbea98ebebc6">
    <Description>These are default test settings for a local test run.</Description>
    <Deployment enabled="false" runDeploymentRoot="asus_COREY-ASUS 2013-05-04 19_09_14">
      <DeploymentItem filename="D:\Documents\Visual Studio 2012\EECS-311 Assignment 3\HappyFunBlob\bin\x86\Debug\HappyFunBlob.exe" />
    </Deployment>
    <Execution>
      <TestTypeSpecific />
      <AgentRule name="Execution Agents">
      </AgentRule>
    </Execution>
  </TestSettings>
  <Times creation="2013-05-04T19:09:14.7172688-05:00" queuing="2013-05-04T19:09:15.6372701-05:00" start="2013-05-04T19:09:15.7222702-05:00" finish="2013-05-04T19:09:16.7622717-05:00" />
  <ResultSummary outcome="Failed">
    <Counters total="13" executed="13" passed="5" error="0" failed="8" timeout="0" aborted="0" inconclusive="0" passedButRunAborted="0" notRunnable="0" notExecuted="0" disconnected="0" warning="0" completed="0" inProgress="0" pending="0" />
  </ResultSummary>
  <TestDefinitions>
    <UnitTest name="BuildTreeSplitAlongYTest" storage="d:\documents\visual studio 2012\eecs-311 assignment 3\tests\bin\debug\tests.dll" id="1e9ad0a3-0f9e-4b0e-7759-2aa9158a5696">
      <Execution id="31f2d682-fb88-4bf7-8537-8c1d210b824a" />
      <TestMethod codeBase="D:/Documents/Visual Studio 2012/EECS-311 Assignment 3/Tests/bin/Debug/Tests.DLL" adapterTypeName="Microsoft.VisualStudio.TestTools.TestTypes.Unit.UnitTestAdapter, Microsoft.VisualStudio.QualityTools.Tips.UnitTest.Adapter, Version=10.0.0.0, Culture=neutral, PublicKeyToken=b03f5f7f11d50a3a" className="DictionaryTests.BSPTreeTest, Tests, Version=1.0.0.0, Culture=neutral, PublicKeyToken=null" name="BuildTreeSplitAlongYTest" />
    </UnitTest>
    <UnitTest name="DoAllIntersectingObjectsNullIntersectionTest" storage="d:\documents\visual studio 2012\eecs-311 assignment 3\tests\bin\debug\tests.dll" id="ff460abd-4f60-52b4-1b9d-22af420ce364">
      <Execution id="a4c9b853-7d71-48c3-a5c7-af0bf6aced98" />
      <TestMethod codeBase="D:/Documents/Visual Studio 2012/EECS-311 Assignment 3/Tests/bin/Debug/Tests.DLL" adapterTypeName="Microsoft.VisualStudio.TestTools.TestTypes.Unit.UnitTestAdapter, Microsoft.VisualStudio.QualityTools.Tips.UnitTest.Adapter, Version=10.0.0.0, Culture=neutral, PublicKeyToken=b03f5f7f11d50a3a" className="DictionaryTests.BSPTreeTest, Tests, Version=1.0.0.0, Culture=neutral, PublicKeyToken=null" name="DoAllIntersectingObjectsNullIntersectionTest" />
    </UnitTest>
    <UnitTest name="NoSplitAvailableTest" storage="d:\documents\visual studio 2012\eecs-311 assignment 3\tests\bin\debug\tests.dll" id="4f1fb53f-3ae3-81d5-493f-9d8ce970c212">
      <Execution id="263dcc84-a35f-4991-a72e-41b0a9631d00" />
      <TestMethod codeBase="D:/Documents/Visual Studio 2012/EECS-311 Assignment 3/Tests/bin/Debug/Tests.DLL" adapterTypeName="Microsoft.VisualStudio.TestTools.TestTypes.Unit.UnitTestAdapter, Microsoft.VisualStudio.QualityTools.Tips.UnitTest.Adapter, Version=10.0.0.0, Culture=neutral, PublicKeyToken=b03f5f7f11d50a3a" className="DictionaryTests.BSPTreeTest, Tests, Version=1.0.0.0, Culture=neutral, PublicKeyToken=null" name="NoSplitAvailableTest" />
    </UnitTest>
    <UnitTest name="BuildLeafTest" storage="d:\documents\visual studio 2012\eecs-311 assignment 3\tests\bin\debug\tests.dll" id="b36ef38a-b380-8d91-4854-af00d8a90814">
      <Execution id="0fc724ad-e3cd-4d3a-be68-475b91fee424" />
      <TestMethod codeBase="D:/Documents/Visual Studio 2012/EECS-311 Assignment 3/Tests/bin/Debug/Tests.DLL" adapterTypeName="Microsoft.VisualStudio.TestTools.TestTypes.Unit.UnitTestAdapter, Microsoft.VisualStudio.QualityTools.Tips.UnitTest.Adapter, Version=10.0.0.0, Culture=neutral, PublicKeyToken=b03f5f7f11d50a3a" className="DictionaryTests.BSPTreeTest, Tests, Version=1.0.0.0, Culture=neutral, PublicKeyToken=null" name="BuildLeafTest" />
    </UnitTest>
    <UnitTest name="DoAllIntersectingObjectsFrontTest" storage="d:\documents\visual studio 2012\eecs-311 assignment 3\tests\bin\debug\tests.dll" id="8de2ba16-e2b5-88cf-6ef8-3b3f32283dc4">
      <Execution id="ab10c220-8e36-4f97-913a-2f7f7c5174c8" />
      <TestMethod codeBase="D:/Documents/Visual Studio 2012/EECS-311 Assignment 3/Tests/bin/Debug/Tests.DLL" adapterTypeName="Microsoft.VisualStudio.TestTools.TestTypes.Unit.UnitTestAdapter, Microsoft.VisualStudio.QualityTools.Tips.UnitTest.Adapter, Version=10.0.0.0, Culture=neutral, PublicKeyToken=b03f5f7f11d50a3a" className="DictionaryTests.BSPTreeTest, Tests, Version=1.0.0.0, Culture=neutral, PublicKeyToken=null" name="DoAllIntersectingObjectsFrontTest" />
    </UnitTest>
    <UnitTest name="BuildTreeSplitAlongXTest" storage="d:\documents\visual studio 2012\eecs-311 assignment 3\tests\bin\debug\tests.dll" id="56be26ec-e6df-d032-f6f8-c5b905723717">
      <Execution id="9f329c0c-74af-442d-89b6-ab42b004854b" />
      <TestMethod codeBase="D:/Documents/Visual Studio 2012/EECS-311 Assignment 3/Tests/bin/Debug/Tests.DLL" adapterTypeName="Microsoft.VisualStudio.TestTools.TestTypes.Unit.UnitTestAdapter, Microsoft.VisualStudio.QualityTools.Tips.UnitTest.Adapter, Version=10.0.0.0, Culture=neutral, PublicKeyToken=b03f5f7f11d50a3a" className="DictionaryTests.BSPTreeTest, Tests, Version=1.0.0.0, Culture=neutral, PublicKeyToken=null" name="BuildTreeSplitAlongXTest" />
    </UnitTest>
    <UnitTest name="BuildCorrectFormatTree" storage="d:\documents\visual studio 2012\eecs-311 assignment 3\tests\bin\debug\tests.dll" id="80e82119-a391-b72e-106c-695ef83d8b6e">
      <Execution id="9081c948-3879-4f45-9a69-c706fe90818a" />
      <TestMethod codeBase="D:/Documents/Visual Studio 2012/EECS-311 Assignment 3/Tests/bin/Debug/Tests.DLL" adapterTypeName="Microsoft.VisualStudio.TestTools.TestTypes.Unit.UnitTestAdapter, Microsoft.VisualStudio.QualityTools.Tips.UnitTest.Adapter, Version=10.0.0.0, Culture=neutral, PublicKeyToken=b03f5f7f11d50a3a" className="DictionaryTests.BSPTreeTest, Tests, Version=1.0.0.0, Culture=neutral, PublicKeyToken=null" name="BuildCorrectFormatTree" />
    </UnitTest>
    <UnitTest name="DoAllIntersectingObjectsFrontAndBackTest" storage="d:\documents\visual studio 2012\eecs-311 assignment 3\tests\bin\debug\tests.dll" id="47c7fea3-f1fe-f08f-db86-130052062a9a">
      <Execution id="14c207d6-e552-4cb0-96e2-42f395263c72" />
      <TestMethod codeBase="D:/Documents/Visual Studio 2012/EECS-311 Assignment 3/Tests/bin/Debug/Tests.DLL" adapterTypeName="Microsoft.VisualStudio.TestTools.TestTypes.Unit.UnitTestAdapter, Microsoft.VisualStudio.QualityTools.Tips.UnitTest.Adapter, Version=10.0.0.0, Culture=neutral, PublicKeyToken=b03f5f7f11d50a3a" className="DictionaryTests.BSPTreeTest, Tests, Version=1.0.0.0, Culture=neutral, PublicKeyToken=null" name="DoAllIntersectingObjectsFrontAndBackTest" />
    </UnitTest>
    <UnitTest name="SortGameObjectsTest" storage="d:\documents\visual studio 2012\eecs-311 assignment 3\tests\bin\debug\tests.dll" id="8ecd4a90-916d-4070-9846-17a8baf14dd1">
      <Execution id="26186c69-73a6-4626-ba19-8ecd13e2b1f4" />
      <TestMethod codeBase="D:/Documents/Visual Studio 2012/EECS-311 Assignment 3/Tests/bin/Debug/Tests.DLL" adapterTypeName="Microsoft.VisualStudio.TestTools.TestTypes.Unit.UnitTestAdapter, Microsoft.VisualStudio.QualityTools.Tips.UnitTest.Adapter, Version=10.0.0.0, Culture=neutral, PublicKeyToken=b03f5f7f11d50a3a" className="DictionaryTests.BSPTreeTest, Tests, Version=1.0.0.0, Culture=neutral, PublicKeyToken=null" name="SortGameObjectsTest" />
    </UnitTest>
    <UnitTest name="DoAllIntersectingObjectsBackTest" storage="d:\documents\visual studio 2012\eecs-311 assignment 3\tests\bin\debug\tests.dll" id="55799dd9-ab23-02d7-a266-1bd1ee6e9c08">
      <Execution id="8a9ef257-24e8-4c32-89fd-d6cfb6f5ad25" />
      <TestMethod codeBase="D:/Documents/Visual Studio 2012/EECS-311 Assignment 3/Tests/bin/Debug/Tests.DLL" adapterTypeName="Microsoft.VisualStudio.TestTools.TestTypes.Unit.UnitTestAdapter, Microsoft.VisualStudio.QualityTools.Tips.UnitTest.Adapter, Version=10.0.0.0, Culture=neutral, PublicKeyToken=b03f5f7f11d50a3a" className="DictionaryTests.BSPTreeTest, Tests, Version=1.0.0.0, Culture=neutral, PublicKeyToken=null" name="DoAllIntersectingObjectsBackTest" />
    </UnitTest>
    <UnitTest name="BuildTreeSplitAlongZTest" storage="d:\documents\visual studio 2012\eecs-311 assignment 3\tests\bin\debug\tests.dll" id="b8ee0cd3-a365-9e18-6e43-154ad1c47c94">
      <Execution id="6fa64344-8083-470a-b72a-ba1971346a60" />
      <TestMethod codeBase="D:/Documents/Visual Studio 2012/EECS-311 Assignment 3/Tests/bin/Debug/Tests.DLL" adapterTypeName="Microsoft.VisualStudio.TestTools.TestTypes.Unit.UnitTestAdapter, Microsoft.VisualStudio.QualityTools.Tips.UnitTest.Adapter, Version=10.0.0.0, Culture=neutral, PublicKeyToken=b03f5f7f11d50a3a" className="DictionaryTests.BSPTreeTest, Tests, Version=1.0.0.0, Culture=neutral, PublicKeyToken=null" name="BuildTreeSplitAlongZTest" />
    </UnitTest>
    <UnitTest name="SortReversedGameObjectsTest" storage="d:\documents\visual studio 2012\eecs-311 assignment 3\tests\bin\debug\tests.dll" id="77ac8a9b-16e5-9913-ee8e-d341fea774be">
      <Execution id="6d141f6b-c7b0-4339-9e15-e820b874e1dc" />
      <TestMethod codeBase="D:/Documents/Visual Studio 2012/EECS-311 Assignment 3/Tests/bin/Debug/Tests.DLL" adapterTypeName="Microsoft.VisualStudio.TestTools.TestTypes.Unit.UnitTestAdapter, Microsoft.VisualStudio.QualityTools.Tips.UnitTest.Adapter, Version=10.0.0.0, Culture=neutral, PublicKeyToken=b03f5f7f11d50a3a" className="DictionaryTests.BSPTreeTest, Tests, Version=1.0.0.0, Culture=neutral, PublicKeyToken=null" name="SortReversedGameObjectsTest" />
    </UnitTest>
    <UnitTest name="ArrangeGameObjectsCorrectlyTest" storage="d:\documents\visual studio 2012\eecs-311 assignment 3\tests\bin\debug\tests.dll" id="599eb862-1ebc-17e2-4a0c-30dbd3dcf77f">
      <Execution id="6c9362b7-c7bb-4650-8753-af816633c865" />
      <TestMethod codeBase="D:/Documents/Visual Studio 2012/EECS-311 Assignment 3/Tests/bin/Debug/Tests.DLL" adapterTypeName="Microsoft.VisualStudio.TestTools.TestTypes.Unit.UnitTestAdapter, Microsoft.VisualStudio.QualityTools.Tips.UnitTest.Adapter, Version=10.0.0.0, Culture=neutral, PublicKeyToken=b03f5f7f11d50a3a" className="DictionaryTests.BSPTreeTest, Tests, Version=1.0.0.0, Culture=neutral, PublicKeyToken=null" name="ArrangeGameObjectsCorrectlyTest" />
    </UnitTest>
  </TestDefinitions>
  <TestLists>
    <TestList name="Results Not in a List" id="8c84fa94-04c1-424b-9868-57a2d4851a1d" />
    <TestList name="All Loaded Results" id="19431567-8539-422a-85d7-44ee4e166bda" />
  </TestLists>
  <TestEntries>
    <TestEntry testId="1e9ad0a3-0f9e-4b0e-7759-2aa9158a5696" executionId="31f2d682-fb88-4bf7-8537-8c1d210b824a" testListId="8c84fa94-04c1-424b-9868-57a2d4851a1d" />
    <TestEntry testId="47c7fea3-f1fe-f08f-db86-130052062a9a" executionId="14c207d6-e552-4cb0-96e2-42f395263c72" testListId="8c84fa94-04c1-424b-9868-57a2d4851a1d" />
    <TestEntry testId="4f1fb53f-3ae3-81d5-493f-9d8ce970c212" executionId="263dcc84-a35f-4991-a72e-41b0a9631d00" testListId="8c84fa94-04c1-424b-9868-57a2d4851a1d" />
    <TestEntry testId="55799dd9-ab23-02d7-a266-1bd1ee6e9c08" executionId="8a9ef257-24e8-4c32-89fd-d6cfb6f5ad25" testListId="8c84fa94-04c1-424b-9868-57a2d4851a1d" />
    <TestEntry testId="56be26ec-e6df-d032-f6f8-c5b905723717" executionId="9f329c0c-74af-442d-89b6-ab42b004854b" testListId="8c84fa94-04c1-424b-9868-57a2d4851a1d" />
    <TestEntry testId="599eb862-1ebc-17e2-4a0c-30dbd3dcf77f" executionId="6c9362b7-c7bb-4650-8753-af816633c865" testListId="8c84fa94-04c1-424b-9868-57a2d4851a1d" />
    <TestEntry testId="77ac8a9b-16e5-9913-ee8e-d341fea774be" executionId="6d141f6b-c7b0-4339-9e15-e820b874e1dc" testListId="8c84fa94-04c1-424b-9868-57a2d4851a1d" />
    <TestEntry testId="80e82119-a391-b72e-106c-695ef83d8b6e" executionId="9081c948-3879-4f45-9a69-c706fe90818a" testListId="8c84fa94-04c1-424b-9868-57a2d4851a1d" />
    <TestEntry testId="8de2ba16-e2b5-88cf-6ef8-3b3f32283dc4" executionId="ab10c220-8e36-4f97-913a-2f7f7c5174c8" testListId="8c84fa94-04c1-424b-9868-57a2d4851a1d" />
    <TestEntry testId="8ecd4a90-916d-4070-9846-17a8baf14dd1" executionId="26186c69-73a6-4626-ba19-8ecd13e2b1f4" testListId="8c84fa94-04c1-424b-9868-57a2d4851a1d" />
    <TestEntry testId="b36ef38a-b380-8d91-4854-af00d8a90814" executionId="0fc724ad-e3cd-4d3a-be68-475b91fee424" testListId="8c84fa94-04c1-424b-9868-57a2d4851a1d" />
    <TestEntry testId="b8ee0cd3-a365-9e18-6e43-154ad1c47c94" executionId="6fa64344-8083-470a-b72a-ba1971346a60" testListId="8c84fa94-04c1-424b-9868-57a2d4851a1d" />
    <TestEntry testId="ff460abd-4f60-52b4-1b9d-22af420ce364" executionId="a4c9b853-7d71-48c3-a5c7-af0bf6aced98" testListId="8c84fa94-04c1-424b-9868-57a2d4851a1d" />
  </TestEntries>
  <Results>
    <UnitTestResult executionId="31f2d682-fb88-4bf7-8537-8c1d210b824a" testId="1e9ad0a3-0f9e-4b0e-7759-2aa9158a5696" testName="BuildTreeSplitAlongYTest" computerName="COREY-ASUS" duration="00:00:00.2011485" startTime="2013-05-04T19:09:15.7572703-05:00" endTime="2013-05-04T19:09:16.5722714-05:00" testType="13cdc9d9-ddb5-4fa4-a97d-d965ccfc6d4b" outcome="Failed" testListId="8c84fa94-04c1-424b-9868-57a2d4851a1d" relativeResultsDirectory="31f2d682-fb88-4bf7-8537-8c1d210b824a">
      <Output>
        <ErrorInfo>
          <Message>Assert.AreEqual failed. Expected:&lt;{X:1 Y:0 Z:0}&gt;. Actual:&lt;{X:0 Y:1 Z:0}&gt;. BuildTree failed to split two objects along X axis</Message>
          <StackTrace>   at DictionaryTests.BSPTreeTest.BuildTreeSplitAlongYTest() in D:\Documents\Visual Studio 2012\EECS-311 Assignment 3\Tests\BSPTreeTest.cs:line 304
</StackTrace>
        </ErrorInfo>
      </Output>
    </UnitTestResult>
    <UnitTestResult executionId="14c207d6-e552-4cb0-96e2-42f395263c72" testId="47c7fea3-f1fe-f08f-db86-130052062a9a" testName="DoAllIntersectingObjectsFrontAndBackTest" computerName="COREY-ASUS" duration="00:00:00.0117160" startTime="2013-05-04T19:09:16.5772714-05:00" endTime="2013-05-04T19:09:16.5922714-05:00" testType="13cdc9d9-ddb5-4fa4-a97d-d965ccfc6d4b" outcome="Failed" testListId="8c84fa94-04c1-424b-9868-57a2d4851a1d" relativeResultsDirectory="14c207d6-e552-4cb0-96e2-42f395263c72">
      <Output>
        <ErrorInfo>
          <Message>Test method DictionaryTests.BSPTreeTest.DoAllIntersectingObjectsFrontAndBackTest threw exception: 
System.NotImplementedException: BSPTreeInteriorNode.DoAllIntersectingObjects() method not yet implemented.</Message>
          <StackTrace>    at HappyFunBlob.BSPTreeInteriorNode.DoAllIntersectingObjects(BoundingBox bbox, TreeFunction function) in D:\Documents\Visual Studio 2012\EECS-311 Assignment 3\HappyFunBlob\BSPTree.cs:line 198
   at DictionaryTests.BSPTreeTest.DoAllIntersectingObjectsFrontAndBackTest() in D:\Documents\Visual Studio 2012\EECS-311 Assignment 3\Tests\BSPTreeTest.cs:line 172
</StackTrace>
        </ErrorInfo>
      </Output>
    </UnitTestResult>
    <UnitTestResult executionId="263dcc84-a35f-4991-a72e-41b0a9631d00" testId="4f1fb53f-3ae3-81d5-493f-9d8ce970c212" testName="NoSplitAvailableTest" computerName="COREY-ASUS" duration="00:00:00.0031217" startTime="2013-05-04T19:09:16.5972714-05:00" endTime="2013-05-04T19:09:16.6022714-05:00" testType="13cdc9d9-ddb5-4fa4-a97d-d965ccfc6d4b" outcome="Failed" testListId="8c84fa94-04c1-424b-9868-57a2d4851a1d" relativeResultsDirectory="263dcc84-a35f-4991-a72e-41b0a9631d00">
      <Output>
        <ErrorInfo>
          <Message>Assert.Fail failed. There should be now way to split on two equal objects</Message>
          <StackTrace>   at DictionaryTests.BSPTreeTest.NoSplitAvailableTest() in D:\Documents\Visual Studio 2012\EECS-311 Assignment 3\Tests\BSPTreeTest.cs:line 267
</StackTrace>
        </ErrorInfo>
      </Output>
    </UnitTestResult>
    <UnitTestResult executionId="8a9ef257-24e8-4c32-89fd-d6cfb6f5ad25" testId="55799dd9-ab23-02d7-a266-1bd1ee6e9c08" testName="DoAllIntersectingObjectsBackTest" computerName="COREY-ASUS" duration="00:00:00.0037330" startTime="2013-05-04T19:09:16.6072715-05:00" endTime="2013-05-04T19:09:16.6172715-05:00" testType="13cdc9d9-ddb5-4fa4-a97d-d965ccfc6d4b" outcome="Failed" testListId="8c84fa94-04c1-424b-9868-57a2d4851a1d" relativeResultsDirectory="8a9ef257-24e8-4c32-89fd-d6cfb6f5ad25">
      <Output>
        <ErrorInfo>
          <Message>Test method DictionaryTests.BSPTreeTest.DoAllIntersectingObjectsBackTest threw exception: 
System.NotImplementedException: BSPTreeInteriorNode.DoAllIntersectingObjects() method not yet implemented.</Message>
          <StackTrace>    at HappyFunBlob.BSPTreeInteriorNode.DoAllIntersectingObjects(BoundingBox bbox, TreeFunction function) in D:\Documents\Visual Studio 2012\EECS-311 Assignment 3\HappyFunBlob\BSPTree.cs:line 198
   at DictionaryTests.BSPTreeTest.DoAllIntersectingObjectsBackTest() in D:\Documents\Visual Studio 2012\EECS-311 Assignment 3\Tests\BSPTreeTest.cs:line 145
</StackTrace>
        </ErrorInfo>
      </Output>
    </UnitTestResult>
    <UnitTestResult executionId="9f329c0c-74af-442d-89b6-ab42b004854b" testId="56be26ec-e6df-d032-f6f8-c5b905723717" testName="BuildTreeSplitAlongXTest" computerName="COREY-ASUS" duration="00:00:00.0039463" startTime="2013-05-04T19:09:16.6222715-05:00" endTime="2013-05-04T19:09:16.6272715-05:00" testType="13cdc9d9-ddb5-4fa4-a97d-d965ccfc6d4b" outcome="Failed" testListId="8c84fa94-04c1-424b-9868-57a2d4851a1d" relativeResultsDirectory="9f329c0c-74af-442d-89b6-ab42b004854b">
      <Output>
        <ErrorInfo>
          <Message>Assert.AreEqual failed. Expected:&lt;{X:0 Y:1 Z:0}&gt;. Actual:&lt;{X:1 Y:0 Z:0}&gt;. BuildTree failed to split two objects along X axis</Message>
          <StackTrace>   at DictionaryTests.BSPTreeTest.BuildTreeSplitAlongXTest() in D:\Documents\Visual Studio 2012\EECS-311 Assignment 3\Tests\BSPTreeTest.cs:line 283
</StackTrace>
        </ErrorInfo>
      </Output>
    </UnitTestResult>
    <UnitTestResult executionId="6c9362b7-c7bb-4650-8753-af816633c865" testId="599eb862-1ebc-17e2-4a0c-30dbd3dcf77f" testName="ArrangeGameObjectsCorrectlyTest" computerName="COREY-ASUS" duration="00:00:00.0039807" startTime="2013-05-04T19:09:16.6322715-05:00" endTime="2013-05-04T19:09:16.6422715-05:00" testType="13cdc9d9-ddb5-4fa4-a97d-d965ccfc6d4b" outcome="Passed" testListId="8c84fa94-04c1-424b-9868-57a2d4851a1d" relativeResultsDirectory="6c9362b7-c7bb-4650-8753-af816633c865">
    </UnitTestResult>
    <UnitTestResult executionId="6d141f6b-c7b0-4339-9e15-e820b874e1dc" testId="77ac8a9b-16e5-9913-ee8e-d341fea774be" testName="SortReversedGameObjectsTest" computerName="COREY-ASUS" duration="00:00:00.0009098" startTime="2013-05-04T19:09:16.6472715-05:00" endTime="2013-05-04T19:09:16.6522715-05:00" testType="13cdc9d9-ddb5-4fa4-a97d-d965ccfc6d4b" outcome="Passed" testListId="8c84fa94-04c1-424b-9868-57a2d4851a1d" relativeResultsDirectory="6d141f6b-c7b0-4339-9e15-e820b874e1dc">
    </UnitTestResult>
    <UnitTestResult executionId="9081c948-3879-4f45-9a69-c706fe90818a" testId="80e82119-a391-b72e-106c-695ef83d8b6e" testName="BuildCorrectFormatTree" computerName="COREY-ASUS" duration="00:00:00.0009370" startTime="2013-05-04T19:09:16.6572715-05:00" endTime="2013-05-04T19:09:16.6622715-05:00" testType="13cdc9d9-ddb5-4fa4-a97d-d965ccfc6d4b" outcome="Passed" testListId="8c84fa94-04c1-424b-9868-57a2d4851a1d" relativeResultsDirectory="9081c948-3879-4f45-9a69-c706fe90818a">
    </UnitTestResult>
    <UnitTestResult executionId="ab10c220-8e36-4f97-913a-2f7f7c5174c8" testId="8de2ba16-e2b5-88cf-6ef8-3b3f32283dc4" testName="DoAllIntersectingObjectsFrontTest" computerName="COREY-ASUS" duration="00:00:00.0035947" startTime="2013-05-04T19:09:16.6672715-05:00" endTime="2013-05-04T19:09:16.6722715-05:00" testType="13cdc9d9-ddb5-4fa4-a97d-d965ccfc6d4b" outcome="Failed" testListId="8c84fa94-04c1-424b-9868-57a2d4851a1d" relativeResultsDirectory="ab10c220-8e36-4f97-913a-2f7f7c5174c8">
      <Output>
        <ErrorInfo>
          <Message>Test method DictionaryTests.BSPTreeTest.DoAllIntersectingObjectsFrontTest threw exception: 
System.NotImplementedException: BSPTreeInteriorNode.DoAllIntersectingObjects() method not yet implemented.</Message>
          <StackTrace>    at HappyFunBlob.BSPTreeInteriorNode.DoAllIntersectingObjects(BoundingBox bbox, TreeFunction function) in D:\Documents\Visual Studio 2012\EECS-311 Assignment 3\HappyFunBlob\BSPTree.cs:line 198
   at DictionaryTests.BSPTreeTest.DoAllIntersectingObjectsFrontTest() in D:\Documents\Visual Studio 2012\EECS-311 Assignment 3\Tests\BSPTreeTest.cs:line 118
</StackTrace>
        </ErrorInfo>
      </Output>
    </UnitTestResult>
    <UnitTestResult executionId="26186c69-73a6-4626-ba19-8ecd13e2b1f4" testId="8ecd4a90-916d-4070-9846-17a8baf14dd1" testName="SortGameObjectsTest" computerName="COREY-ASUS" duration="00:00:00.0008522" startTime="2013-05-04T19:09:16.6772715-05:00" endTime="2013-05-04T19:09:16.6822716-05:00" testType="13cdc9d9-ddb5-4fa4-a97d-d965ccfc6d4b" outcome="Passed" testListId="8c84fa94-04c1-424b-9868-57a2d4851a1d" relativeResultsDirectory="26186c69-73a6-4626-ba19-8ecd13e2b1f4">
    </UnitTestResult>
    <UnitTestResult executionId="0fc724ad-e3cd-4d3a-be68-475b91fee424" testId="b36ef38a-b380-8d91-4854-af00d8a90814" testName="BuildLeafTest" computerName="COREY-ASUS" duration="00:00:00.0007349" startTime="2013-05-04T19:09:16.6872716-05:00" endTime="2013-05-04T19:09:16.6922716-05:00" testType="13cdc9d9-ddb5-4fa4-a97d-d965ccfc6d4b" outcome="Passed" testListId="8c84fa94-04c1-424b-9868-57a2d4851a1d" relativeResultsDirectory="0fc724ad-e3cd-4d3a-be68-475b91fee424">
    </UnitTestResult>
    <UnitTestResult executionId="6fa64344-8083-470a-b72a-ba1971346a60" testId="b8ee0cd3-a365-9e18-6e43-154ad1c47c94" testName="BuildTreeSplitAlongZTest" computerName="COREY-ASUS" duration="00:00:00.0035871" startTime="2013-05-04T19:09:16.6972716-05:00" endTime="2013-05-04T19:09:16.7022716-05:00" testType="13cdc9d9-ddb5-4fa4-a97d-d965ccfc6d4b" outcome="Failed" testListId="8c84fa94-04c1-424b-9868-57a2d4851a1d" relativeResultsDirectory="6fa64344-8083-470a-b72a-ba1971346a60">
      <Output>
        <ErrorInfo>
          <Message>Assert.AreEqual failed. Expected:&lt;{X:1 Y:0 Z:0}&gt;. Actual:&lt;{X:0 Y:0 Z:1}&gt;. BuildTree failed to split two objects along X axis</Message>
          <StackTrace>   at DictionaryTests.BSPTreeTest.BuildTreeSplitAlongZTest() in D:\Documents\Visual Studio 2012\EECS-311 Assignment 3\Tests\BSPTreeTest.cs:line 326
</StackTrace>
        </ErrorInfo>
      </Output>
    </UnitTestResult>
    <UnitTestResult executionId="a4c9b853-7d71-48c3-a5c7-af0bf6aced98" testId="ff460abd-4f60-52b4-1b9d-22af420ce364" testName="DoAllIntersectingObjectsNullIntersectionTest" computerName="COREY-ASUS" duration="00:00:00.0038370" startTime="2013-05-04T19:09:16.7072716-05:00" endTime="2013-05-04T19:09:16.7172716-05:00" testType="13cdc9d9-ddb5-4fa4-a97d-d965ccfc6d4b" outcome="Failed" testListId="8c84fa94-04c1-424b-9868-57a2d4851a1d" relativeResultsDirectory="a4c9b853-7d71-48c3-a5c7-af0bf6aced98">
      <Output>
        <ErrorInfo>
          <Message>Test method DictionaryTests.BSPTreeTest.DoAllIntersectingObjectsNullIntersectionTest threw exception: 
System.NotImplementedException: BSPTreeInteriorNode.DoAllIntersectingObjects() method not yet implemented.</Message>
          <StackTrace>    at HappyFunBlob.BSPTreeInteriorNode.DoAllIntersectingObjects(BoundingBox bbox, TreeFunction function) in D:\Documents\Visual Studio 2012\EECS-311 Assignment 3\HappyFunBlob\BSPTree.cs:line 198
   at DictionaryTests.BSPTreeTest.DoAllIntersectingObjectsNullIntersectionTest() in D:\Documents\Visual Studio 2012\EECS-311 Assignment 3\Tests\BSPTreeTest.cs:line 198
</StackTrace>
        </ErrorInfo>
      </Output>
    </UnitTestResult>
  </Results>
</TestRun>