<?xml version="1.0" encoding="UTF-8"?>
<TestRun id="22499da2-f71b-45da-aa67-9490b2f52afd" name="asus@COREY-ASUS 2013-05-04 19:27:34" runUser="COREY-ASUS\asus" xmlns="http://microsoft.com/schemas/VisualStudio/TeamTest/2010">
  <TestSettings name="Local" id="4086bb99-4879-4a3b-8a59-bbea98ebebc6">
    <Description>These are default test settings for a local test run.</Description>
    <Deployment enabled="false" runDeploymentRoot="asus_COREY-ASUS 2013-05-04 19_27_34">
      <DeploymentItem filename="D:\Documents\Visual Studio 2012\EECS-311 Assignment 3\HappyFunBlob\bin\x86\Debug\HappyFunBlob.exe" />
    </Deployment>
    <Execution>
      <TestTypeSpecific />
      <AgentRule name="Execution Agents">
      </AgentRule>
    </Execution>
  </TestSettings>
  <Times creation="2013-05-04T19:27:34.2139150-05:00" queuing="2013-05-04T19:27:34.2389150-05:00" start="2013-05-04T19:27:34.2439150-05:00" finish="2013-05-04T19:27:34.4889153-05:00" />
  <ResultSummary outcome="Failed">
    <Counters total="13" executed="13" passed="8" error="0" failed="5" timeout="0" aborted="0" inconclusive="0" passedButRunAborted="0" notRunnable="0" notExecuted="0" disconnected="0" warning="0" completed="0" inProgress="0" pending="0" />
  </ResultSummary>
  <TestDefinitions>
    <UnitTest name="BuildTreeSplitAlongYTest" storage="d:\documents\visual studio 2012\eecs-311 assignment 3\tests\bin\debug\tests.dll" id="1e9ad0a3-0f9e-4b0e-7759-2aa9158a5696">
      <Execution id="93180c05-3b32-436a-8658-1e74bd5855de" />
      <TestMethod codeBase="D:/Documents/Visual Studio 2012/EECS-311 Assignment 3/Tests/bin/Debug/Tests.DLL" adapterTypeName="Microsoft.VisualStudio.TestTools.TestTypes.Unit.UnitTestAdapter, Microsoft.VisualStudio.QualityTools.Tips.UnitTest.Adapter, Version=10.0.0.0, Culture=neutral, PublicKeyToken=b03f5f7f11d50a3a" className="DictionaryTests.BSPTreeTest, Tests, Version=1.0.0.0, Culture=neutral, PublicKeyToken=null" name="BuildTreeSplitAlongYTest" />
    </UnitTest>
    <UnitTest name="DoAllIntersectingObjectsNullIntersectionTest" storage="d:\documents\visual studio 2012\eecs-311 assignment 3\tests\bin\debug\tests.dll" id="ff460abd-4f60-52b4-1b9d-22af420ce364">
      <Execution id="dec753b4-718e-4f4c-beb3-e5ad4126b4b1" />
      <TestMethod codeBase="D:/Documents/Visual Studio 2012/EECS-311 Assignment 3/Tests/bin/Debug/Tests.DLL" adapterTypeName="Microsoft.VisualStudio.TestTools.TestTypes.Unit.UnitTestAdapter, Microsoft.VisualStudio.QualityTools.Tips.UnitTest.Adapter, Version=10.0.0.0, Culture=neutral, PublicKeyToken=b03f5f7f11d50a3a" className="DictionaryTests.BSPTreeTest, Tests, Version=1.0.0.0, Culture=neutral, PublicKeyToken=null" name="DoAllIntersectingObjectsNullIntersectionTest" />
    </UnitTest>
    <UnitTest name="NoSplitAvailableTest" storage="d:\documents\visual studio 2012\eecs-311 assignment 3\tests\bin\debug\tests.dll" id="4f1fb53f-3ae3-81d5-493f-9d8ce970c212">
      <Execution id="6ab19c99-2164-4871-937a-15f81d8906bd" />
      <TestMethod codeBase="D:/Documents/Visual Studio 2012/EECS-311 Assignment 3/Tests/bin/Debug/Tests.DLL" adapterTypeName="Microsoft.VisualStudio.TestTools.TestTypes.Unit.UnitTestAdapter, Microsoft.VisualStudio.QualityTools.Tips.UnitTest.Adapter, Version=10.0.0.0, Culture=neutral, PublicKeyToken=b03f5f7f11d50a3a" className="DictionaryTests.BSPTreeTest, Tests, Version=1.0.0.0, Culture=neutral, PublicKeyToken=null" name="NoSplitAvailableTest" />
    </UnitTest>
    <UnitTest name="BuildLeafTest" storage="d:\documents\visual studio 2012\eecs-311 assignment 3\tests\bin\debug\tests.dll" id="b36ef38a-b380-8d91-4854-af00d8a90814">
      <Execution id="dd5f8542-e68b-48e4-b143-a5dda9bc735e" />
      <TestMethod codeBase="D:/Documents/Visual Studio 2012/EECS-311 Assignment 3/Tests/bin/Debug/Tests.DLL" adapterTypeName="Microsoft.VisualStudio.TestTools.TestTypes.Unit.UnitTestAdapter, Microsoft.VisualStudio.QualityTools.Tips.UnitTest.Adapter, Version=10.0.0.0, Culture=neutral, PublicKeyToken=b03f5f7f11d50a3a" className="DictionaryTests.BSPTreeTest, Tests, Version=1.0.0.0, Culture=neutral, PublicKeyToken=null" name="BuildLeafTest" />
    </UnitTest>
    <UnitTest name="DoAllIntersectingObjectsFrontTest" storage="d:\documents\visual studio 2012\eecs-311 assignment 3\tests\bin\debug\tests.dll" id="8de2ba16-e2b5-88cf-6ef8-3b3f32283dc4">
      <Execution id="43d5f3c1-a468-4a66-afbc-d549b31e6aef" />
      <TestMethod codeBase="D:/Documents/Visual Studio 2012/EECS-311 Assignment 3/Tests/bin/Debug/Tests.DLL" adapterTypeName="Microsoft.VisualStudio.TestTools.TestTypes.Unit.UnitTestAdapter, Microsoft.VisualStudio.QualityTools.Tips.UnitTest.Adapter, Version=10.0.0.0, Culture=neutral, PublicKeyToken=b03f5f7f11d50a3a" className="DictionaryTests.BSPTreeTest, Tests, Version=1.0.0.0, Culture=neutral, PublicKeyToken=null" name="DoAllIntersectingObjectsFrontTest" />
    </UnitTest>
    <UnitTest name="BuildTreeSplitAlongXTest" storage="d:\documents\visual studio 2012\eecs-311 assignment 3\tests\bin\debug\tests.dll" id="56be26ec-e6df-d032-f6f8-c5b905723717">
      <Execution id="a4b445eb-3307-42cd-a030-15134e063355" />
      <TestMethod codeBase="D:/Documents/Visual Studio 2012/EECS-311 Assignment 3/Tests/bin/Debug/Tests.DLL" adapterTypeName="Microsoft.VisualStudio.TestTools.TestTypes.Unit.UnitTestAdapter, Microsoft.VisualStudio.QualityTools.Tips.UnitTest.Adapter, Version=10.0.0.0, Culture=neutral, PublicKeyToken=b03f5f7f11d50a3a" className="DictionaryTests.BSPTreeTest, Tests, Version=1.0.0.0, Culture=neutral, PublicKeyToken=null" name="BuildTreeSplitAlongXTest" />
    </UnitTest>
    <UnitTest name="BuildCorrectFormatTree" storage="d:\documents\visual studio 2012\eecs-311 assignment 3\tests\bin\debug\tests.dll" id="80e82119-a391-b72e-106c-695ef83d8b6e">
      <Execution id="6f8d19c3-b20b-42da-ba66-ba91e04a2e47" />
      <TestMethod codeBase="D:/Documents/Visual Studio 2012/EECS-311 Assignment 3/Tests/bin/Debug/Tests.DLL" adapterTypeName="Microsoft.VisualStudio.TestTools.TestTypes.Unit.UnitTestAdapter, Microsoft.VisualStudio.QualityTools.Tips.UnitTest.Adapter, Version=10.0.0.0, Culture=neutral, PublicKeyToken=b03f5f7f11d50a3a" className="DictionaryTests.BSPTreeTest, Tests, Version=1.0.0.0, Culture=neutral, PublicKeyToken=null" name="BuildCorrectFormatTree" />
    </UnitTest>
    <UnitTest name="DoAllIntersectingObjectsFrontAndBackTest" storage="d:\documents\visual studio 2012\eecs-311 assignment 3\tests\bin\debug\tests.dll" id="47c7fea3-f1fe-f08f-db86-130052062a9a">
      <Execution id="4ff34cc1-ecd9-4f16-b457-6c4ee2a4d7d3" />
      <TestMethod codeBase="D:/Documents/Visual Studio 2012/EECS-311 Assignment 3/Tests/bin/Debug/Tests.DLL" adapterTypeName="Microsoft.VisualStudio.TestTools.TestTypes.Unit.UnitTestAdapter, Microsoft.VisualStudio.QualityTools.Tips.UnitTest.Adapter, Version=10.0.0.0, Culture=neutral, PublicKeyToken=b03f5f7f11d50a3a" className="DictionaryTests.BSPTreeTest, Tests, Version=1.0.0.0, Culture=neutral, PublicKeyToken=null" name="DoAllIntersectingObjectsFrontAndBackTest" />
    </UnitTest>
    <UnitTest name="SortGameObjectsTest" storage="d:\documents\visual studio 2012\eecs-311 assignment 3\tests\bin\debug\tests.dll" id="8ecd4a90-916d-4070-9846-17a8baf14dd1">
      <Execution id="4693474c-7541-47d7-9616-c89ddb283618" />
      <TestMethod codeBase="D:/Documents/Visual Studio 2012/EECS-311 Assignment 3/Tests/bin/Debug/Tests.DLL" adapterTypeName="Microsoft.VisualStudio.TestTools.TestTypes.Unit.UnitTestAdapter, Microsoft.VisualStudio.QualityTools.Tips.UnitTest.Adapter, Version=10.0.0.0, Culture=neutral, PublicKeyToken=b03f5f7f11d50a3a" className="DictionaryTests.BSPTreeTest, Tests, Version=1.0.0.0, Culture=neutral, PublicKeyToken=null" name="SortGameObjectsTest" />
    </UnitTest>
    <UnitTest name="DoAllIntersectingObjectsBackTest" storage="d:\documents\visual studio 2012\eecs-311 assignment 3\tests\bin\debug\tests.dll" id="55799dd9-ab23-02d7-a266-1bd1ee6e9c08">
      <Execution id="ead87e4a-999c-44e0-aee3-ef6b4abad00b" />
      <TestMethod codeBase="D:/Documents/Visual Studio 2012/EECS-311 Assignment 3/Tests/bin/Debug/Tests.DLL" adapterTypeName="Microsoft.VisualStudio.TestTools.TestTypes.Unit.UnitTestAdapter, Microsoft.VisualStudio.QualityTools.Tips.UnitTest.Adapter, Version=10.0.0.0, Culture=neutral, PublicKeyToken=b03f5f7f11d50a3a" className="DictionaryTests.BSPTreeTest, Tests, Version=1.0.0.0, Culture=neutral, PublicKeyToken=null" name="DoAllIntersectingObjectsBackTest" />
    </UnitTest>
    <UnitTest name="BuildTreeSplitAlongZTest" storage="d:\documents\visual studio 2012\eecs-311 assignment 3\tests\bin\debug\tests.dll" id="b8ee0cd3-a365-9e18-6e43-154ad1c47c94">
      <Execution id="e56a06a8-0a52-43ce-a0b5-99b87fb30f15" />
      <TestMethod codeBase="D:/Documents/Visual Studio 2012/EECS-311 Assignment 3/Tests/bin/Debug/Tests.DLL" adapterTypeName="Microsoft.VisualStudio.TestTools.TestTypes.Unit.UnitTestAdapter, Microsoft.VisualStudio.QualityTools.Tips.UnitTest.Adapter, Version=10.0.0.0, Culture=neutral, PublicKeyToken=b03f5f7f11d50a3a" className="DictionaryTests.BSPTreeTest, Tests, Version=1.0.0.0, Culture=neutral, PublicKeyToken=null" name="BuildTreeSplitAlongZTest" />
    </UnitTest>
    <UnitTest name="SortReversedGameObjectsTest" storage="d:\documents\visual studio 2012\eecs-311 assignment 3\tests\bin\debug\tests.dll" id="77ac8a9b-16e5-9913-ee8e-d341fea774be">
      <Execution id="9fb753cf-fb18-4a44-91dc-f83a62ade292" />
      <TestMethod codeBase="D:/Documents/Visual Studio 2012/EECS-311 Assignment 3/Tests/bin/Debug/Tests.DLL" adapterTypeName="Microsoft.VisualStudio.TestTools.TestTypes.Unit.UnitTestAdapter, Microsoft.VisualStudio.QualityTools.Tips.UnitTest.Adapter, Version=10.0.0.0, Culture=neutral, PublicKeyToken=b03f5f7f11d50a3a" className="DictionaryTests.BSPTreeTest, Tests, Version=1.0.0.0, Culture=neutral, PublicKeyToken=null" name="SortReversedGameObjectsTest" />
    </UnitTest>
    <UnitTest name="ArrangeGameObjectsCorrectlyTest" storage="d:\documents\visual studio 2012\eecs-311 assignment 3\tests\bin\debug\tests.dll" id="599eb862-1ebc-17e2-4a0c-30dbd3dcf77f">
      <Execution id="9b01f9ad-70df-4699-9ebc-a2cfd6d4c48b" />
      <TestMethod codeBase="D:/Documents/Visual Studio 2012/EECS-311 Assignment 3/Tests/bin/Debug/Tests.DLL" adapterTypeName="Microsoft.VisualStudio.TestTools.TestTypes.Unit.UnitTestAdapter, Microsoft.VisualStudio.QualityTools.Tips.UnitTest.Adapter, Version=10.0.0.0, Culture=neutral, PublicKeyToken=b03f5f7f11d50a3a" className="DictionaryTests.BSPTreeTest, Tests, Version=1.0.0.0, Culture=neutral, PublicKeyToken=null" name="ArrangeGameObjectsCorrectlyTest" />
    </UnitTest>
  </TestDefinitions>
  <TestLists>
    <TestList name="Results Not in a List" id="8c84fa94-04c1-424b-9868-57a2d4851a1d" />
    <TestList name="All Loaded Results" id="19431567-8539-422a-85d7-44ee4e166bda" />
  </TestLists>
  <TestEntries>
    <TestEntry testId="1e9ad0a3-0f9e-4b0e-7759-2aa9158a5696" executionId="93180c05-3b32-436a-8658-1e74bd5855de" testListId="8c84fa94-04c1-424b-9868-57a2d4851a1d" />
    <TestEntry testId="47c7fea3-f1fe-f08f-db86-130052062a9a" executionId="4ff34cc1-ecd9-4f16-b457-6c4ee2a4d7d3" testListId="8c84fa94-04c1-424b-9868-57a2d4851a1d" />
    <TestEntry testId="4f1fb53f-3ae3-81d5-493f-9d8ce970c212" executionId="6ab19c99-2164-4871-937a-15f81d8906bd" testListId="8c84fa94-04c1-424b-9868-57a2d4851a1d" />
    <TestEntry testId="55799dd9-ab23-02d7-a266-1bd1ee6e9c08" executionId="ead87e4a-999c-44e0-aee3-ef6b4abad00b" testListId="8c84fa94-04c1-424b-9868-57a2d4851a1d" />
    <TestEntry testId="56be26ec-e6df-d032-f6f8-c5b905723717" executionId="a4b445eb-3307-42cd-a030-15134e063355" testListId="8c84fa94-04c1-424b-9868-57a2d4851a1d" />
    <TestEntry testId="599eb862-1ebc-17e2-4a0c-30dbd3dcf77f" executionId="9b01f9ad-70df-4699-9ebc-a2cfd6d4c48b" testListId="8c84fa94-04c1-424b-9868-57a2d4851a1d" />
    <TestEntry testId="77ac8a9b-16e5-9913-ee8e-d341fea774be" executionId="9fb753cf-fb18-4a44-91dc-f83a62ade292" testListId="8c84fa94-04c1-424b-9868-57a2d4851a1d" />
    <TestEntry testId="80e82119-a391-b72e-106c-695ef83d8b6e" executionId="6f8d19c3-b20b-42da-ba66-ba91e04a2e47" testListId="8c84fa94-04c1-424b-9868-57a2d4851a1d" />
    <TestEntry testId="8de2ba16-e2b5-88cf-6ef8-3b3f32283dc4" executionId="43d5f3c1-a468-4a66-afbc-d549b31e6aef" testListId="8c84fa94-04c1-424b-9868-57a2d4851a1d" />
    <TestEntry testId="8ecd4a90-916d-4070-9846-17a8baf14dd1" executionId="4693474c-7541-47d7-9616-c89ddb283618" testListId="8c84fa94-04c1-424b-9868-57a2d4851a1d" />
    <TestEntry testId="b36ef38a-b380-8d91-4854-af00d8a90814" executionId="dd5f8542-e68b-48e4-b143-a5dda9bc735e" testListId="8c84fa94-04c1-424b-9868-57a2d4851a1d" />
    <TestEntry testId="b8ee0cd3-a365-9e18-6e43-154ad1c47c94" executionId="e56a06a8-0a52-43ce-a0b5-99b87fb30f15" testListId="8c84fa94-04c1-424b-9868-57a2d4851a1d" />
    <TestEntry testId="ff460abd-4f60-52b4-1b9d-22af420ce364" executionId="dec753b4-718e-4f4c-beb3-e5ad4126b4b1" testListId="8c84fa94-04c1-424b-9868-57a2d4851a1d" />
  </TestEntries>
  <Results>
    <UnitTestResult executionId="93180c05-3b32-436a-8658-1e74bd5855de" testId="1e9ad0a3-0f9e-4b0e-7759-2aa9158a5696" testName="BuildTreeSplitAlongYTest" computerName="COREY-ASUS" duration="00:00:00.0264645" startTime="2013-05-04T19:27:34.2689150-05:00" endTime="2013-05-04T19:27:34.4289153-05:00" testType="13cdc9d9-ddb5-4fa4-a97d-d965ccfc6d4b" outcome="Failed" testListId="8c84fa94-04c1-424b-9868-57a2d4851a1d" relativeResultsDirectory="93180c05-3b32-436a-8658-1e74bd5855de">
      <Output>
        <ErrorInfo>
          <Message>Assert.IsTrue failed. Back subtree is in front of front subtree</Message>
          <StackTrace>   at DictionaryTests.BSPTreeTest.BuildTreeSplitAlongYTest() in D:\Documents\Visual Studio 2012\EECS-311 Assignment 3\Tests\BSPTreeTest.cs:line 310
</StackTrace>
        </ErrorInfo>
      </Output>
    </UnitTestResult>
    <UnitTestResult executionId="4ff34cc1-ecd9-4f16-b457-6c4ee2a4d7d3" testId="47c7fea3-f1fe-f08f-db86-130052062a9a" testName="DoAllIntersectingObjectsFrontAndBackTest" computerName="COREY-ASUS" duration="00:00:00.0044742" startTime="2013-05-04T19:27:34.4289153-05:00" endTime="2013-05-04T19:27:34.4389153-05:00" testType="13cdc9d9-ddb5-4fa4-a97d-d965ccfc6d4b" outcome="Failed" testListId="8c84fa94-04c1-424b-9868-57a2d4851a1d" relativeResultsDirectory="4ff34cc1-ecd9-4f16-b457-6c4ee2a4d7d3">
      <Output>
        <ErrorInfo>
          <Message>Test method DictionaryTests.BSPTreeTest.DoAllIntersectingObjectsFrontAndBackTest threw exception: 
System.NotImplementedException: BSPTreeInteriorNode.DoAllIntersectingObjects() method not yet implemented.</Message>
          <StackTrace>    at HappyFunBlob.BSPTreeInteriorNode.DoAllIntersectingObjects(BoundingBox bbox, TreeFunction function) in D:\Documents\Visual Studio 2012\EECS-311 Assignment 3\HappyFunBlob\BSPTree.cs:line 198
   at DictionaryTests.BSPTreeTest.DoAllIntersectingObjectsFrontAndBackTest() in D:\Documents\Visual Studio 2012\EECS-311 Assignment 3\Tests\BSPTreeTest.cs:line 172
</StackTrace>
        </ErrorInfo>
      </Output>
    </UnitTestResult>
    <UnitTestResult executionId="6ab19c99-2164-4871-937a-15f81d8906bd" testId="4f1fb53f-3ae3-81d5-493f-9d8ce970c212" testName="NoSplitAvailableTest" computerName="COREY-ASUS" duration="00:00:00.0005555" startTime="2013-05-04T19:27:34.4389153-05:00" endTime="2013-05-04T19:27:34.4389153-05:00" testType="13cdc9d9-ddb5-4fa4-a97d-d965ccfc6d4b" outcome="Passed" testListId="8c84fa94-04c1-424b-9868-57a2d4851a1d" relativeResultsDirectory="6ab19c99-2164-4871-937a-15f81d8906bd">
    </UnitTestResult>
    <UnitTestResult executionId="ead87e4a-999c-44e0-aee3-ef6b4abad00b" testId="55799dd9-ab23-02d7-a266-1bd1ee6e9c08" testName="DoAllIntersectingObjectsBackTest" computerName="COREY-ASUS" duration="00:00:00.0014198" startTime="2013-05-04T19:27:34.4439153-05:00" endTime="2013-05-04T19:27:34.4439153-05:00" testType="13cdc9d9-ddb5-4fa4-a97d-d965ccfc6d4b" outcome="Failed" testListId="8c84fa94-04c1-424b-9868-57a2d4851a1d" relativeResultsDirectory="ead87e4a-999c-44e0-aee3-ef6b4abad00b">
      <Output>
        <ErrorInfo>
          <Message>Test method DictionaryTests.BSPTreeTest.DoAllIntersectingObjectsBackTest threw exception: 
System.NotImplementedException: BSPTreeInteriorNode.DoAllIntersectingObjects() method not yet implemented.</Message>
          <StackTrace>    at HappyFunBlob.BSPTreeInteriorNode.DoAllIntersectingObjects(BoundingBox bbox, TreeFunction function) in D:\Documents\Visual Studio 2012\EECS-311 Assignment 3\HappyFunBlob\BSPTree.cs:line 198
   at DictionaryTests.BSPTreeTest.DoAllIntersectingObjectsBackTest() in D:\Documents\Visual Studio 2012\EECS-311 Assignment 3\Tests\BSPTreeTest.cs:line 145
</StackTrace>
        </ErrorInfo>
      </Output>
    </UnitTestResult>
    <UnitTestResult executionId="a4b445eb-3307-42cd-a030-15134e063355" testId="56be26ec-e6df-d032-f6f8-c5b905723717" testName="BuildTreeSplitAlongXTest" computerName="COREY-ASUS" duration="00:00:00.0005345" startTime="2013-05-04T19:27:34.4489153-05:00" endTime="2013-05-04T19:27:34.4489153-05:00" testType="13cdc9d9-ddb5-4fa4-a97d-d965ccfc6d4b" outcome="Passed" testListId="8c84fa94-04c1-424b-9868-57a2d4851a1d" relativeResultsDirectory="a4b445eb-3307-42cd-a030-15134e063355">
    </UnitTestResult>
    <UnitTestResult executionId="9b01f9ad-70df-4699-9ebc-a2cfd6d4c48b" testId="599eb862-1ebc-17e2-4a0c-30dbd3dcf77f" testName="ArrangeGameObjectsCorrectlyTest" computerName="COREY-ASUS" duration="00:00:00.0004957" startTime="2013-05-04T19:27:34.4539153-05:00" endTime="2013-05-04T19:27:34.4539153-05:00" testType="13cdc9d9-ddb5-4fa4-a97d-d965ccfc6d4b" outcome="Passed" testListId="8c84fa94-04c1-424b-9868-57a2d4851a1d" relativeResultsDirectory="9b01f9ad-70df-4699-9ebc-a2cfd6d4c48b">
    </UnitTestResult>
    <UnitTestResult executionId="9fb753cf-fb18-4a44-91dc-f83a62ade292" testId="77ac8a9b-16e5-9913-ee8e-d341fea774be" testName="SortReversedGameObjectsTest" computerName="COREY-ASUS" duration="00:00:00.0003587" startTime="2013-05-04T19:27:34.4539153-05:00" endTime="2013-05-04T19:27:34.4589153-05:00" testType="13cdc9d9-ddb5-4fa4-a97d-d965ccfc6d4b" outcome="Passed" testListId="8c84fa94-04c1-424b-9868-57a2d4851a1d" relativeResultsDirectory="9fb753cf-fb18-4a44-91dc-f83a62ade292">
    </UnitTestResult>
    <UnitTestResult executionId="6f8d19c3-b20b-42da-ba66-ba91e04a2e47" testId="80e82119-a391-b72e-106c-695ef83d8b6e" testName="BuildCorrectFormatTree" computerName="COREY-ASUS" duration="00:00:00.0003837" startTime="2013-05-04T19:27:34.4589153-05:00" endTime="2013-05-04T19:27:34.4639153-05:00" testType="13cdc9d9-ddb5-4fa4-a97d-d965ccfc6d4b" outcome="Passed" testListId="8c84fa94-04c1-424b-9868-57a2d4851a1d" relativeResultsDirectory="6f8d19c3-b20b-42da-ba66-ba91e04a2e47">
    </UnitTestResult>
    <UnitTestResult executionId="43d5f3c1-a468-4a66-afbc-d549b31e6aef" testId="8de2ba16-e2b5-88cf-6ef8-3b3f32283dc4" testName="DoAllIntersectingObjectsFrontTest" computerName="COREY-ASUS" duration="00:00:00.0014073" startTime="2013-05-04T19:27:34.4639153-05:00" endTime="2013-05-04T19:27:34.4639153-05:00" testType="13cdc9d9-ddb5-4fa4-a97d-d965ccfc6d4b" outcome="Failed" testListId="8c84fa94-04c1-424b-9868-57a2d4851a1d" relativeResultsDirectory="43d5f3c1-a468-4a66-afbc-d549b31e6aef">
      <Output>
        <ErrorInfo>
          <Message>Test method DictionaryTests.BSPTreeTest.DoAllIntersectingObjectsFrontTest threw exception: 
System.NotImplementedException: BSPTreeInteriorNode.DoAllIntersectingObjects() method not yet implemented.</Message>
          <StackTrace>    at HappyFunBlob.BSPTreeInteriorNode.DoAllIntersectingObjects(BoundingBox bbox, TreeFunction function) in D:\Documents\Visual Studio 2012\EECS-311 Assignment 3\HappyFunBlob\BSPTree.cs:line 198
   at DictionaryTests.BSPTreeTest.DoAllIntersectingObjectsFrontTest() in D:\Documents\Visual Studio 2012\EECS-311 Assignment 3\Tests\BSPTreeTest.cs:line 118
</StackTrace>
        </ErrorInfo>
      </Output>
    </UnitTestResult>
    <UnitTestResult executionId="4693474c-7541-47d7-9616-c89ddb283618" testId="8ecd4a90-916d-4070-9846-17a8baf14dd1" testName="SortGameObjectsTest" computerName="COREY-ASUS" duration="00:00:00.0003444" startTime="2013-05-04T19:27:34.4689153-05:00" endTime="2013-05-04T19:27:34.4689153-05:00" testType="13cdc9d9-ddb5-4fa4-a97d-d965ccfc6d4b" outcome="Passed" testListId="8c84fa94-04c1-424b-9868-57a2d4851a1d" relativeResultsDirectory="4693474c-7541-47d7-9616-c89ddb283618">
    </UnitTestResult>
    <UnitTestResult executionId="dd5f8542-e68b-48e4-b143-a5dda9bc735e" testId="b36ef38a-b380-8d91-4854-af00d8a90814" testName="BuildLeafTest" computerName="COREY-ASUS" duration="00:00:00.0002980" startTime="2013-05-04T19:27:34.4689153-05:00" endTime="2013-05-04T19:27:34.4739153-05:00" testType="13cdc9d9-ddb5-4fa4-a97d-d965ccfc6d4b" outcome="Passed" testListId="8c84fa94-04c1-424b-9868-57a2d4851a1d" relativeResultsDirectory="dd5f8542-e68b-48e4-b143-a5dda9bc735e">
    </UnitTestResult>
    <UnitTestResult executionId="e56a06a8-0a52-43ce-a0b5-99b87fb30f15" testId="b8ee0cd3-a365-9e18-6e43-154ad1c47c94" testName="BuildTreeSplitAlongZTest" computerName="COREY-ASUS" duration="00:00:00.0005376" startTime="2013-05-04T19:27:34.4739153-05:00" endTime="2013-05-04T19:27:34.4789153-05:00" testType="13cdc9d9-ddb5-4fa4-a97d-d965ccfc6d4b" outcome="Passed" testListId="8c84fa94-04c1-424b-9868-57a2d4851a1d" relativeResultsDirectory="e56a06a8-0a52-43ce-a0b5-99b87fb30f15">
    </UnitTestResult>
    <UnitTestResult executionId="dec753b4-718e-4f4c-beb3-e5ad4126b4b1" testId="ff460abd-4f60-52b4-1b9d-22af420ce364" testName="DoAllIntersectingObjectsNullIntersectionTest" computerName="COREY-ASUS" duration="00:00:00.0014100" startTime="2013-05-04T19:27:34.4789153-05:00" endTime="2013-05-04T19:27:34.4789153-05:00" testType="13cdc9d9-ddb5-4fa4-a97d-d965ccfc6d4b" outcome="Failed" testListId="8c84fa94-04c1-424b-9868-57a2d4851a1d" relativeResultsDirectory="dec753b4-718e-4f4c-beb3-e5ad4126b4b1">
      <Output>
        <ErrorInfo>
          <Message>Test method DictionaryTests.BSPTreeTest.DoAllIntersectingObjectsNullIntersectionTest threw exception: 
System.NotImplementedException: BSPTreeInteriorNode.DoAllIntersectingObjects() method not yet implemented.</Message>
          <StackTrace>    at HappyFunBlob.BSPTreeInteriorNode.DoAllIntersectingObjects(BoundingBox bbox, TreeFunction function) in D:\Documents\Visual Studio 2012\EECS-311 Assignment 3\HappyFunBlob\BSPTree.cs:line 198
   at DictionaryTests.BSPTreeTest.DoAllIntersectingObjectsNullIntersectionTest() in D:\Documents\Visual Studio 2012\EECS-311 Assignment 3\Tests\BSPTreeTest.cs:line 198
</StackTrace>
        </ErrorInfo>
      </Output>
    </UnitTestResult>
  </Results>
</TestRun>