<?xml version="1.0" encoding="UTF-8"?>
<TestRun id="2c37c386-2cb4-477b-af04-649cfcaac7fb" name="asus@COREY-ASUS 2013-05-04 19:53:33" runUser="COREY-ASUS\asus" xmlns="http://microsoft.com/schemas/VisualStudio/TeamTest/2010">
  <TestSettings name="Local" id="4086bb99-4879-4a3b-8a59-bbea98ebebc6">
    <Description>These are default test settings for a local test run.</Description>
    <Deployment enabled="false" runDeploymentRoot="asus_COREY-ASUS 2013-05-04 19_53_33">
      <DeploymentItem filename="D:\Documents\Visual Studio 2012\EECS-311 Assignment 3\HappyFunBlob\bin\x86\Debug\HappyFunBlob.exe" />
    </Deployment>
    <Execution>
      <TestTypeSpecific />
      <AgentRule name="Execution Agents">
      </AgentRule>
    </Execution>
  </TestSettings>
  <Times creation="2013-05-04T19:53:33.2857192-05:00" queuing="2013-05-04T19:53:33.3557193-05:00" start="2013-05-04T19:53:33.3607193-05:00" finish="2013-05-04T19:53:33.6007196-05:00" />
  <ResultSummary outcome="Failed">
    <Counters total="13" executed="13" passed="9" error="0" failed="4" timeout="0" aborted="0" inconclusive="0" passedButRunAborted="0" notRunnable="0" notExecuted="0" disconnected="0" warning="0" completed="0" inProgress="0" pending="0" />
  </ResultSummary>
  <TestDefinitions>
    <UnitTest name="BuildTreeSplitAlongYTest" storage="d:\documents\visual studio 2012\eecs-311 assignment 3\tests\bin\debug\tests.dll" id="1e9ad0a3-0f9e-4b0e-7759-2aa9158a5696">
      <Execution id="b8f8ba10-e382-44b8-b5b3-bf06fcb5603f" />
      <TestMethod codeBase="D:/Documents/Visual Studio 2012/EECS-311 Assignment 3/Tests/bin/Debug/Tests.DLL" adapterTypeName="Microsoft.VisualStudio.TestTools.TestTypes.Unit.UnitTestAdapter, Microsoft.VisualStudio.QualityTools.Tips.UnitTest.Adapter, Version=10.0.0.0, Culture=neutral, PublicKeyToken=b03f5f7f11d50a3a" className="DictionaryTests.BSPTreeTest, Tests, Version=1.0.0.0, Culture=neutral, PublicKeyToken=null" name="BuildTreeSplitAlongYTest" />
    </UnitTest>
    <UnitTest name="DoAllIntersectingObjectsNullIntersectionTest" storage="d:\documents\visual studio 2012\eecs-311 assignment 3\tests\bin\debug\tests.dll" id="ff460abd-4f60-52b4-1b9d-22af420ce364">
      <Execution id="56bc1716-d6cf-470e-b726-adfbab9ea376" />
      <TestMethod codeBase="D:/Documents/Visual Studio 2012/EECS-311 Assignment 3/Tests/bin/Debug/Tests.DLL" adapterTypeName="Microsoft.VisualStudio.TestTools.TestTypes.Unit.UnitTestAdapter, Microsoft.VisualStudio.QualityTools.Tips.UnitTest.Adapter, Version=10.0.0.0, Culture=neutral, PublicKeyToken=b03f5f7f11d50a3a" className="DictionaryTests.BSPTreeTest, Tests, Version=1.0.0.0, Culture=neutral, PublicKeyToken=null" name="DoAllIntersectingObjectsNullIntersectionTest" />
    </UnitTest>
    <UnitTest name="NoSplitAvailableTest" storage="d:\documents\visual studio 2012\eecs-311 assignment 3\tests\bin\debug\tests.dll" id="4f1fb53f-3ae3-81d5-493f-9d8ce970c212">
      <Execution id="715b7c11-460a-42c8-a610-07c97465a3e1" />
      <TestMethod codeBase="D:/Documents/Visual Studio 2012/EECS-311 Assignment 3/Tests/bin/Debug/Tests.DLL" adapterTypeName="Microsoft.VisualStudio.TestTools.TestTypes.Unit.UnitTestAdapter, Microsoft.VisualStudio.QualityTools.Tips.UnitTest.Adapter, Version=10.0.0.0, Culture=neutral, PublicKeyToken=b03f5f7f11d50a3a" className="DictionaryTests.BSPTreeTest, Tests, Version=1.0.0.0, Culture=neutral, PublicKeyToken=null" name="NoSplitAvailableTest" />
    </UnitTest>
    <UnitTest name="BuildLeafTest" storage="d:\documents\visual studio 2012\eecs-311 assignment 3\tests\bin\debug\tests.dll" id="b36ef38a-b380-8d91-4854-af00d8a90814">
      <Execution id="45f12578-762f-43e2-8a80-e6173e1f9683" />
      <TestMethod codeBase="D:/Documents/Visual Studio 2012/EECS-311 Assignment 3/Tests/bin/Debug/Tests.DLL" adapterTypeName="Microsoft.VisualStudio.TestTools.TestTypes.Unit.UnitTestAdapter, Microsoft.VisualStudio.QualityTools.Tips.UnitTest.Adapter, Version=10.0.0.0, Culture=neutral, PublicKeyToken=b03f5f7f11d50a3a" className="DictionaryTests.BSPTreeTest, Tests, Version=1.0.0.0, Culture=neutral, PublicKeyToken=null" name="BuildLeafTest" />
    </UnitTest>
    <UnitTest name="DoAllIntersectingObjectsFrontTest" storage="d:\documents\visual studio 2012\eecs-311 assignment 3\tests\bin\debug\tests.dll" id="8de2ba16-e2b5-88cf-6ef8-3b3f32283dc4">
      <Execution id="8a585195-d93c-4662-bdd8-84212316751e" />
      <TestMethod codeBase="D:/Documents/Visual Studio 2012/EECS-311 Assignment 3/Tests/bin/Debug/Tests.DLL" adapterTypeName="Microsoft.VisualStudio.TestTools.TestTypes.Unit.UnitTestAdapter, Microsoft.VisualStudio.QualityTools.Tips.UnitTest.Adapter, Version=10.0.0.0, Culture=neutral, PublicKeyToken=b03f5f7f11d50a3a" className="DictionaryTests.BSPTreeTest, Tests, Version=1.0.0.0, Culture=neutral, PublicKeyToken=null" name="DoAllIntersectingObjectsFrontTest" />
    </UnitTest>
    <UnitTest name="BuildTreeSplitAlongXTest" storage="d:\documents\visual studio 2012\eecs-311 assignment 3\tests\bin\debug\tests.dll" id="56be26ec-e6df-d032-f6f8-c5b905723717">
      <Execution id="30192764-661b-4db1-9cd9-ffeddb7363c2" />
      <TestMethod codeBase="D:/Documents/Visual Studio 2012/EECS-311 Assignment 3/Tests/bin/Debug/Tests.DLL" adapterTypeName="Microsoft.VisualStudio.TestTools.TestTypes.Unit.UnitTestAdapter, Microsoft.VisualStudio.QualityTools.Tips.UnitTest.Adapter, Version=10.0.0.0, Culture=neutral, PublicKeyToken=b03f5f7f11d50a3a" className="DictionaryTests.BSPTreeTest, Tests, Version=1.0.0.0, Culture=neutral, PublicKeyToken=null" name="BuildTreeSplitAlongXTest" />
    </UnitTest>
    <UnitTest name="BuildCorrectFormatTree" storage="d:\documents\visual studio 2012\eecs-311 assignment 3\tests\bin\debug\tests.dll" id="80e82119-a391-b72e-106c-695ef83d8b6e">
      <Execution id="172d726e-f01e-4975-ac9c-39af099a0d69" />
      <TestMethod codeBase="D:/Documents/Visual Studio 2012/EECS-311 Assignment 3/Tests/bin/Debug/Tests.DLL" adapterTypeName="Microsoft.VisualStudio.TestTools.TestTypes.Unit.UnitTestAdapter, Microsoft.VisualStudio.QualityTools.Tips.UnitTest.Adapter, Version=10.0.0.0, Culture=neutral, PublicKeyToken=b03f5f7f11d50a3a" className="DictionaryTests.BSPTreeTest, Tests, Version=1.0.0.0, Culture=neutral, PublicKeyToken=null" name="BuildCorrectFormatTree" />
    </UnitTest>
    <UnitTest name="DoAllIntersectingObjectsFrontAndBackTest" storage="d:\documents\visual studio 2012\eecs-311 assignment 3\tests\bin\debug\tests.dll" id="47c7fea3-f1fe-f08f-db86-130052062a9a">
      <Execution id="a6a369c7-6589-4563-9efd-ef9be28bfaaa" />
      <TestMethod codeBase="D:/Documents/Visual Studio 2012/EECS-311 Assignment 3/Tests/bin/Debug/Tests.DLL" adapterTypeName="Microsoft.VisualStudio.TestTools.TestTypes.Unit.UnitTestAdapter, Microsoft.VisualStudio.QualityTools.Tips.UnitTest.Adapter, Version=10.0.0.0, Culture=neutral, PublicKeyToken=b03f5f7f11d50a3a" className="DictionaryTests.BSPTreeTest, Tests, Version=1.0.0.0, Culture=neutral, PublicKeyToken=null" name="DoAllIntersectingObjectsFrontAndBackTest" />
    </UnitTest>
    <UnitTest name="SortGameObjectsTest" storage="d:\documents\visual studio 2012\eecs-311 assignment 3\tests\bin\debug\tests.dll" id="8ecd4a90-916d-4070-9846-17a8baf14dd1">
      <Execution id="38376661-ea97-4544-a7f7-c1a0fb183f23" />
      <TestMethod codeBase="D:/Documents/Visual Studio 2012/EECS-311 Assignment 3/Tests/bin/Debug/Tests.DLL" adapterTypeName="Microsoft.VisualStudio.TestTools.TestTypes.Unit.UnitTestAdapter, Microsoft.VisualStudio.QualityTools.Tips.UnitTest.Adapter, Version=10.0.0.0, Culture=neutral, PublicKeyToken=b03f5f7f11d50a3a" className="DictionaryTests.BSPTreeTest, Tests, Version=1.0.0.0, Culture=neutral, PublicKeyToken=null" name="SortGameObjectsTest" />
    </UnitTest>
    <UnitTest name="DoAllIntersectingObjectsBackTest" storage="d:\documents\visual studio 2012\eecs-311 assignment 3\tests\bin\debug\tests.dll" id="55799dd9-ab23-02d7-a266-1bd1ee6e9c08">
      <Execution id="ce0c6e73-0a6f-4361-a617-cc1a6378c90f" />
      <TestMethod codeBase="D:/Documents/Visual Studio 2012/EECS-311 Assignment 3/Tests/bin/Debug/Tests.DLL" adapterTypeName="Microsoft.VisualStudio.TestTools.TestTypes.Unit.UnitTestAdapter, Microsoft.VisualStudio.QualityTools.Tips.UnitTest.Adapter, Version=10.0.0.0, Culture=neutral, PublicKeyToken=b03f5f7f11d50a3a" className="DictionaryTests.BSPTreeTest, Tests, Version=1.0.0.0, Culture=neutral, PublicKeyToken=null" name="DoAllIntersectingObjectsBackTest" />
    </UnitTest>
    <UnitTest name="BuildTreeSplitAlongZTest" storage="d:\documents\visual studio 2012\eecs-311 assignment 3\tests\bin\debug\tests.dll" id="b8ee0cd3-a365-9e18-6e43-154ad1c47c94">
      <Execution id="f3a7ca2a-b5aa-4b6e-9e43-cf1782e95b06" />
      <TestMethod codeBase="D:/Documents/Visual Studio 2012/EECS-311 Assignment 3/Tests/bin/Debug/Tests.DLL" adapterTypeName="Microsoft.VisualStudio.TestTools.TestTypes.Unit.UnitTestAdapter, Microsoft.VisualStudio.QualityTools.Tips.UnitTest.Adapter, Version=10.0.0.0, Culture=neutral, PublicKeyToken=b03f5f7f11d50a3a" className="DictionaryTests.BSPTreeTest, Tests, Version=1.0.0.0, Culture=neutral, PublicKeyToken=null" name="BuildTreeSplitAlongZTest" />
    </UnitTest>
    <UnitTest name="SortReversedGameObjectsTest" storage="d:\documents\visual studio 2012\eecs-311 assignment 3\tests\bin\debug\tests.dll" id="77ac8a9b-16e5-9913-ee8e-d341fea774be">
      <Execution id="1cee5d0a-4e35-4c06-a95f-004b64e036c3" />
      <TestMethod codeBase="D:/Documents/Visual Studio 2012/EECS-311 Assignment 3/Tests/bin/Debug/Tests.DLL" adapterTypeName="Microsoft.VisualStudio.TestTools.TestTypes.Unit.UnitTestAdapter, Microsoft.VisualStudio.QualityTools.Tips.UnitTest.Adapter, Version=10.0.0.0, Culture=neutral, PublicKeyToken=b03f5f7f11d50a3a" className="DictionaryTests.BSPTreeTest, Tests, Version=1.0.0.0, Culture=neutral, PublicKeyToken=null" name="SortReversedGameObjectsTest" />
    </UnitTest>
    <UnitTest name="ArrangeGameObjectsCorrectlyTest" storage="d:\documents\visual studio 2012\eecs-311 assignment 3\tests\bin\debug\tests.dll" id="599eb862-1ebc-17e2-4a0c-30dbd3dcf77f">
      <Execution id="57836871-1017-4fbe-8e48-f55d754df23d" />
      <TestMethod codeBase="D:/Documents/Visual Studio 2012/EECS-311 Assignment 3/Tests/bin/Debug/Tests.DLL" adapterTypeName="Microsoft.VisualStudio.TestTools.TestTypes.Unit.UnitTestAdapter, Microsoft.VisualStudio.QualityTools.Tips.UnitTest.Adapter, Version=10.0.0.0, Culture=neutral, PublicKeyToken=b03f5f7f11d50a3a" className="DictionaryTests.BSPTreeTest, Tests, Version=1.0.0.0, Culture=neutral, PublicKeyToken=null" name="ArrangeGameObjectsCorrectlyTest" />
    </UnitTest>
  </TestDefinitions>
  <TestLists>
    <TestList name="Results Not in a List" id="8c84fa94-04c1-424b-9868-57a2d4851a1d" />
    <TestList name="All Loaded Results" id="19431567-8539-422a-85d7-44ee4e166bda" />
  </TestLists>
  <TestEntries>
    <TestEntry testId="1e9ad0a3-0f9e-4b0e-7759-2aa9158a5696" executionId="b8f8ba10-e382-44b8-b5b3-bf06fcb5603f" testListId="8c84fa94-04c1-424b-9868-57a2d4851a1d" />
    <TestEntry testId="47c7fea3-f1fe-f08f-db86-130052062a9a" executionId="a6a369c7-6589-4563-9efd-ef9be28bfaaa" testListId="8c84fa94-04c1-424b-9868-57a2d4851a1d" />
    <TestEntry testId="4f1fb53f-3ae3-81d5-493f-9d8ce970c212" executionId="715b7c11-460a-42c8-a610-07c97465a3e1" testListId="8c84fa94-04c1-424b-9868-57a2d4851a1d" />
    <TestEntry testId="55799dd9-ab23-02d7-a266-1bd1ee6e9c08" executionId="ce0c6e73-0a6f-4361-a617-cc1a6378c90f" testListId="8c84fa94-04c1-424b-9868-57a2d4851a1d" />
    <TestEntry testId="56be26ec-e6df-d032-f6f8-c5b905723717" executionId="30192764-661b-4db1-9cd9-ffeddb7363c2" testListId="8c84fa94-04c1-424b-9868-57a2d4851a1d" />
    <TestEntry testId="599eb862-1ebc-17e2-4a0c-30dbd3dcf77f" executionId="57836871-1017-4fbe-8e48-f55d754df23d" testListId="8c84fa94-04c1-424b-9868-57a2d4851a1d" />
    <TestEntry testId="77ac8a9b-16e5-9913-ee8e-d341fea774be" executionId="1cee5d0a-4e35-4c06-a95f-004b64e036c3" testListId="8c84fa94-04c1-424b-9868-57a2d4851a1d" />
    <TestEntry testId="80e82119-a391-b72e-106c-695ef83d8b6e" executionId="172d726e-f01e-4975-ac9c-39af099a0d69" testListId="8c84fa94-04c1-424b-9868-57a2d4851a1d" />
    <TestEntry testId="8de2ba16-e2b5-88cf-6ef8-3b3f32283dc4" executionId="8a585195-d93c-4662-bdd8-84212316751e" testListId="8c84fa94-04c1-424b-9868-57a2d4851a1d" />
    <TestEntry testId="8ecd4a90-916d-4070-9846-17a8baf14dd1" executionId="38376661-ea97-4544-a7f7-c1a0fb183f23" testListId="8c84fa94-04c1-424b-9868-57a2d4851a1d" />
    <TestEntry testId="b36ef38a-b380-8d91-4854-af00d8a90814" executionId="45f12578-762f-43e2-8a80-e6173e1f9683" testListId="8c84fa94-04c1-424b-9868-57a2d4851a1d" />
    <TestEntry testId="b8ee0cd3-a365-9e18-6e43-154ad1c47c94" executionId="f3a7ca2a-b5aa-4b6e-9e43-cf1782e95b06" testListId="8c84fa94-04c1-424b-9868-57a2d4851a1d" />
    <TestEntry testId="ff460abd-4f60-52b4-1b9d-22af420ce364" executionId="56bc1716-d6cf-470e-b726-adfbab9ea376" testListId="8c84fa94-04c1-424b-9868-57a2d4851a1d" />
  </TestEntries>
  <Results>
    <UnitTestResult executionId="b8f8ba10-e382-44b8-b5b3-bf06fcb5603f" testId="1e9ad0a3-0f9e-4b0e-7759-2aa9158a5696" testName="BuildTreeSplitAlongYTest" computerName="COREY-ASUS" duration="00:00:00.0158556" startTime="2013-05-04T19:53:33.3657193-05:00" endTime="2013-05-04T19:53:33.5257195-05:00" testType="13cdc9d9-ddb5-4fa4-a97d-d965ccfc6d4b" outcome="Passed" testListId="8c84fa94-04c1-424b-9868-57a2d4851a1d" relativeResultsDirectory="b8f8ba10-e382-44b8-b5b3-bf06fcb5603f">
    </UnitTestResult>
    <UnitTestResult executionId="a6a369c7-6589-4563-9efd-ef9be28bfaaa" testId="47c7fea3-f1fe-f08f-db86-130052062a9a" testName="DoAllIntersectingObjectsFrontAndBackTest" computerName="COREY-ASUS" duration="00:00:00.0140689" startTime="2013-05-04T19:53:33.5257195-05:00" endTime="2013-05-04T19:53:33.5407196-05:00" testType="13cdc9d9-ddb5-4fa4-a97d-d965ccfc6d4b" outcome="Failed" testListId="8c84fa94-04c1-424b-9868-57a2d4851a1d" relativeResultsDirectory="a6a369c7-6589-4563-9efd-ef9be28bfaaa">
      <Output>
        <ErrorInfo>
          <Message>Test method DictionaryTests.BSPTreeTest.DoAllIntersectingObjectsFrontAndBackTest threw exception: 
System.NotImplementedException: BSPTreeInteriorNode.DoAllIntersectingObjects() method not yet implemented.</Message>
          <StackTrace>    at HappyFunBlob.BSPTreeInteriorNode.DoAllIntersectingObjects(BoundingBox bbox, TreeFunction function) in D:\Documents\Visual Studio 2012\EECS-311 Assignment 3\HappyFunBlob\BSPTree.cs:line 197
   at DictionaryTests.BSPTreeTest.DoAllIntersectingObjectsFrontAndBackTest() in D:\Documents\Visual Studio 2012\EECS-311 Assignment 3\Tests\BSPTreeTest.cs:line 172
</StackTrace>
        </ErrorInfo>
      </Output>
    </UnitTestResult>
    <UnitTestResult executionId="715b7c11-460a-42c8-a610-07c97465a3e1" testId="4f1fb53f-3ae3-81d5-493f-9d8ce970c212" testName="NoSplitAvailableTest" computerName="COREY-ASUS" duration="00:00:00.0006206" startTime="2013-05-04T19:53:33.5457196-05:00" endTime="2013-05-04T19:53:33.5457196-05:00" testType="13cdc9d9-ddb5-4fa4-a97d-d965ccfc6d4b" outcome="Passed" testListId="8c84fa94-04c1-424b-9868-57a2d4851a1d" relativeResultsDirectory="715b7c11-460a-42c8-a610-07c97465a3e1">
    </UnitTestResult>
    <UnitTestResult executionId="ce0c6e73-0a6f-4361-a617-cc1a6378c90f" testId="55799dd9-ab23-02d7-a266-1bd1ee6e9c08" testName="DoAllIntersectingObjectsBackTest" computerName="COREY-ASUS" duration="00:00:00.0022596" startTime="2013-05-04T19:53:33.5457196-05:00" endTime="2013-05-04T19:53:33.5507196-05:00" testType="13cdc9d9-ddb5-4fa4-a97d-d965ccfc6d4b" outcome="Failed" testListId="8c84fa94-04c1-424b-9868-57a2d4851a1d" relativeResultsDirectory="ce0c6e73-0a6f-4361-a617-cc1a6378c90f">
      <Output>
        <ErrorInfo>
          <Message>Test method DictionaryTests.BSPTreeTest.DoAllIntersectingObjectsBackTest threw exception: 
System.NotImplementedException: BSPTreeInteriorNode.DoAllIntersectingObjects() method not yet implemented.</Message>
          <StackTrace>    at HappyFunBlob.BSPTreeInteriorNode.DoAllIntersectingObjects(BoundingBox bbox, TreeFunction function) in D:\Documents\Visual Studio 2012\EECS-311 Assignment 3\HappyFunBlob\BSPTree.cs:line 197
   at DictionaryTests.BSPTreeTest.DoAllIntersectingObjectsBackTest() in D:\Documents\Visual Studio 2012\EECS-311 Assignment 3\Tests\BSPTreeTest.cs:line 145
</StackTrace>
        </ErrorInfo>
      </Output>
    </UnitTestResult>
    <UnitTestResult executionId="30192764-661b-4db1-9cd9-ffeddb7363c2" testId="56be26ec-e6df-d032-f6f8-c5b905723717" testName="BuildTreeSplitAlongXTest" computerName="COREY-ASUS" duration="00:00:00.0005332" startTime="2013-05-04T19:53:33.5557196-05:00" endTime="2013-05-04T19:53:33.5557196-05:00" testType="13cdc9d9-ddb5-4fa4-a97d-d965ccfc6d4b" outcome="Passed" testListId="8c84fa94-04c1-424b-9868-57a2d4851a1d" relativeResultsDirectory="30192764-661b-4db1-9cd9-ffeddb7363c2">
    </UnitTestResult>
    <UnitTestResult executionId="57836871-1017-4fbe-8e48-f55d754df23d" testId="599eb862-1ebc-17e2-4a0c-30dbd3dcf77f" testName="ArrangeGameObjectsCorrectlyTest" computerName="COREY-ASUS" duration="00:00:00.0004832" startTime="2013-05-04T19:53:33.5557196-05:00" endTime="2013-05-04T19:53:33.5607196-05:00" testType="13cdc9d9-ddb5-4fa4-a97d-d965ccfc6d4b" outcome="Passed" testListId="8c84fa94-04c1-424b-9868-57a2d4851a1d" relativeResultsDirectory="57836871-1017-4fbe-8e48-f55d754df23d">
    </UnitTestResult>
    <UnitTestResult executionId="1cee5d0a-4e35-4c06-a95f-004b64e036c3" testId="77ac8a9b-16e5-9913-ee8e-d341fea774be" testName="SortReversedGameObjectsTest" computerName="COREY-ASUS" duration="00:00:00.0003529" startTime="2013-05-04T19:53:33.5607196-05:00" endTime="2013-05-04T19:53:33.5657196-05:00" testType="13cdc9d9-ddb5-4fa4-a97d-d965ccfc6d4b" outcome="Passed" testListId="8c84fa94-04c1-424b-9868-57a2d4851a1d" relativeResultsDirectory="1cee5d0a-4e35-4c06-a95f-004b64e036c3">
    </UnitTestResult>
    <UnitTestResult executionId="172d726e-f01e-4975-ac9c-39af099a0d69" testId="80e82119-a391-b72e-106c-695ef83d8b6e" testName="BuildCorrectFormatTree" computerName="COREY-ASUS" duration="00:00:00.0003783" startTime="2013-05-04T19:53:33.5657196-05:00" endTime="2013-05-04T19:53:33.5657196-05:00" testType="13cdc9d9-ddb5-4fa4-a97d-d965ccfc6d4b" outcome="Passed" testListId="8c84fa94-04c1-424b-9868-57a2d4851a1d" relativeResultsDirectory="172d726e-f01e-4975-ac9c-39af099a0d69">
    </UnitTestResult>
    <UnitTestResult executionId="8a585195-d93c-4662-bdd8-84212316751e" testId="8de2ba16-e2b5-88cf-6ef8-3b3f32283dc4" testName="DoAllIntersectingObjectsFrontTest" computerName="COREY-ASUS" duration="00:00:00.0015037" startTime="2013-05-04T19:53:33.5707196-05:00" endTime="2013-05-04T19:53:33.5707196-05:00" testType="13cdc9d9-ddb5-4fa4-a97d-d965ccfc6d4b" outcome="Failed" testListId="8c84fa94-04c1-424b-9868-57a2d4851a1d" relativeResultsDirectory="8a585195-d93c-4662-bdd8-84212316751e">
      <Output>
        <ErrorInfo>
          <Message>Test method DictionaryTests.BSPTreeTest.DoAllIntersectingObjectsFrontTest threw exception: 
System.NotImplementedException: BSPTreeInteriorNode.DoAllIntersectingObjects() method not yet implemented.</Message>
          <StackTrace>    at HappyFunBlob.BSPTreeInteriorNode.DoAllIntersectingObjects(BoundingBox bbox, TreeFunction function) in D:\Documents\Visual Studio 2012\EECS-311 Assignment 3\HappyFunBlob\BSPTree.cs:line 197
   at DictionaryTests.BSPTreeTest.DoAllIntersectingObjectsFrontTest() in D:\Documents\Visual Studio 2012\EECS-311 Assignment 3\Tests\BSPTreeTest.cs:line 118
</StackTrace>
        </ErrorInfo>
      </Output>
    </UnitTestResult>
    <UnitTestResult executionId="38376661-ea97-4544-a7f7-c1a0fb183f23" testId="8ecd4a90-916d-4070-9846-17a8baf14dd1" testName="SortGameObjectsTest" computerName="COREY-ASUS" duration="00:00:00.0005140" startTime="2013-05-04T19:53:33.5757196-05:00" endTime="2013-05-04T19:53:33.5757196-05:00" testType="13cdc9d9-ddb5-4fa4-a97d-d965ccfc6d4b" outcome="Passed" testListId="8c84fa94-04c1-424b-9868-57a2d4851a1d" relativeResultsDirectory="38376661-ea97-4544-a7f7-c1a0fb183f23">
    </UnitTestResult>
    <UnitTestResult executionId="45f12578-762f-43e2-8a80-e6173e1f9683" testId="b36ef38a-b380-8d91-4854-af00d8a90814" testName="BuildLeafTest" computerName="COREY-ASUS" duration="00:00:00.0002976" startTime="2013-05-04T19:53:33.5807196-05:00" endTime="2013-05-04T19:53:33.5807196-05:00" testType="13cdc9d9-ddb5-4fa4-a97d-d965ccfc6d4b" outcome="Passed" testListId="8c84fa94-04c1-424b-9868-57a2d4851a1d" relativeResultsDirectory="45f12578-762f-43e2-8a80-e6173e1f9683">
    </UnitTestResult>
    <UnitTestResult executionId="f3a7ca2a-b5aa-4b6e-9e43-cf1782e95b06" testId="b8ee0cd3-a365-9e18-6e43-154ad1c47c94" testName="BuildTreeSplitAlongZTest" computerName="COREY-ASUS" duration="00:00:00.0005778" startTime="2013-05-04T19:53:33.5807196-05:00" endTime="2013-05-04T19:53:33.5857196-05:00" testType="13cdc9d9-ddb5-4fa4-a97d-d965ccfc6d4b" outcome="Passed" testListId="8c84fa94-04c1-424b-9868-57a2d4851a1d" relativeResultsDirectory="f3a7ca2a-b5aa-4b6e-9e43-cf1782e95b06">
    </UnitTestResult>
    <UnitTestResult executionId="56bc1716-d6cf-470e-b726-adfbab9ea376" testId="ff460abd-4f60-52b4-1b9d-22af420ce364" testName="DoAllIntersectingObjectsNullIntersectionTest" computerName="COREY-ASUS" duration="00:00:00.0014163" startTime="2013-05-04T19:53:33.5857196-05:00" endTime="2013-05-04T19:53:33.5907196-05:00" testType="13cdc9d9-ddb5-4fa4-a97d-d965ccfc6d4b" outcome="Failed" testListId="8c84fa94-04c1-424b-9868-57a2d4851a1d" relativeResultsDirectory="56bc1716-d6cf-470e-b726-adfbab9ea376">
      <Output>
        <ErrorInfo>
          <Message>Test method DictionaryTests.BSPTreeTest.DoAllIntersectingObjectsNullIntersectionTest threw exception: 
System.NotImplementedException: BSPTreeInteriorNode.DoAllIntersectingObjects() method not yet implemented.</Message>
          <StackTrace>    at HappyFunBlob.BSPTreeInteriorNode.DoAllIntersectingObjects(BoundingBox bbox, TreeFunction function) in D:\Documents\Visual Studio 2012\EECS-311 Assignment 3\HappyFunBlob\BSPTree.cs:line 197
   at DictionaryTests.BSPTreeTest.DoAllIntersectingObjectsNullIntersectionTest() in D:\Documents\Visual Studio 2012\EECS-311 Assignment 3\Tests\BSPTreeTest.cs:line 198
</StackTrace>
        </ErrorInfo>
      </Output>
    </UnitTestResult>
  </Results>
</TestRun>