<?xml version="1.0" encoding="UTF-8"?>
<TestRun id="9124b879-166d-428e-94eb-a5740deb319a" name="asus@COREY-ASUS 2013-05-04 20:12:17" runUser="COREY-ASUS\asus" xmlns="http://microsoft.com/schemas/VisualStudio/TeamTest/2010">
  <TestSettings name="Local" id="4086bb99-4879-4a3b-8a59-bbea98ebebc6">
    <Description>These are default test settings for a local test run.</Description>
    <Deployment enabled="false" runDeploymentRoot="asus_COREY-ASUS 2013-05-04 20_12_17">
      <DeploymentItem filename="D:\Documents\Visual Studio 2012\EECS-311 Assignment 3\HappyFunBlob\bin\x86\Debug\HappyFunBlob.exe" />
    </Deployment>
    <Execution>
      <TestTypeSpecific />
      <AgentRule name="Execution Agents">
      </AgentRule>
    </Execution>
  </TestSettings>
  <Times creation="2013-05-04T20:12:17.3682450-05:00" queuing="2013-05-04T20:12:19.4982480-05:00" start="2013-05-04T20:12:19.5782481-05:00" finish="2013-05-04T20:12:22.4382521-05:00" />
  <ResultSummary outcome="Completed">
    <Counters total="13" executed="13" passed="13" error="0" failed="0" timeout="0" aborted="0" inconclusive="0" passedButRunAborted="0" notRunnable="0" notExecuted="0" disconnected="0" warning="0" completed="0" inProgress="0" pending="0" />
  </ResultSummary>
  <TestDefinitions>
    <UnitTest name="BuildTreeSplitAlongYTest" storage="d:\documents\visual studio 2012\eecs-311 assignment 3\tests\bin\debug\tests.dll" id="1e9ad0a3-0f9e-4b0e-7759-2aa9158a5696">
      <Execution id="ae5a1263-8b57-4c05-96c1-913fc8adb427" />
      <TestMethod codeBase="D:/Documents/Visual Studio 2012/EECS-311 Assignment 3/Tests/bin/Debug/Tests.DLL" adapterTypeName="Microsoft.VisualStudio.TestTools.TestTypes.Unit.UnitTestAdapter, Microsoft.VisualStudio.QualityTools.Tips.UnitTest.Adapter, Version=10.0.0.0, Culture=neutral, PublicKeyToken=b03f5f7f11d50a3a" className="DictionaryTests.BSPTreeTest, Tests, Version=1.0.0.0, Culture=neutral, PublicKeyToken=null" name="BuildTreeSplitAlongYTest" />
    </UnitTest>
    <UnitTest name="DoAllIntersectingObjectsNullIntersectionTest" storage="d:\documents\visual studio 2012\eecs-311 assignment 3\tests\bin\debug\tests.dll" id="ff460abd-4f60-52b4-1b9d-22af420ce364">
      <Execution id="1a64b86f-43aa-4332-bbc2-f9f9b6a9cd28" />
      <TestMethod codeBase="D:/Documents/Visual Studio 2012/EECS-311 Assignment 3/Tests/bin/Debug/Tests.DLL" adapterTypeName="Microsoft.VisualStudio.TestTools.TestTypes.Unit.UnitTestAdapter, Microsoft.VisualStudio.QualityTools.Tips.UnitTest.Adapter, Version=10.0.0.0, Culture=neutral, PublicKeyToken=b03f5f7f11d50a3a" className="DictionaryTests.BSPTreeTest, Tests, Version=1.0.0.0, Culture=neutral, PublicKeyToken=null" name="DoAllIntersectingObjectsNullIntersectionTest" />
    </UnitTest>
    <UnitTest name="NoSplitAvailableTest" storage="d:\documents\visual studio 2012\eecs-311 assignment 3\tests\bin\debug\tests.dll" id="4f1fb53f-3ae3-81d5-493f-9d8ce970c212">
      <Execution id="f4f49a95-2e9a-474f-af7e-5ce545d06908" />
      <TestMethod codeBase="D:/Documents/Visual Studio 2012/EECS-311 Assignment 3/Tests/bin/Debug/Tests.DLL" adapterTypeName="Microsoft.VisualStudio.TestTools.TestTypes.Unit.UnitTestAdapter, Microsoft.VisualStudio.QualityTools.Tips.UnitTest.Adapter, Version=10.0.0.0, Culture=neutral, PublicKeyToken=b03f5f7f11d50a3a" className="DictionaryTests.BSPTreeTest, Tests, Version=1.0.0.0, Culture=neutral, PublicKeyToken=null" name="NoSplitAvailableTest" />
    </UnitTest>
    <UnitTest name="BuildLeafTest" storage="d:\documents\visual studio 2012\eecs-311 assignment 3\tests\bin\debug\tests.dll" id="b36ef38a-b380-8d91-4854-af00d8a90814">
      <Execution id="3b124a30-1ac1-46d6-8e4c-f42b95ab15b1" />
      <TestMethod codeBase="D:/Documents/Visual Studio 2012/EECS-311 Assignment 3/Tests/bin/Debug/Tests.DLL" adapterTypeName="Microsoft.VisualStudio.TestTools.TestTypes.Unit.UnitTestAdapter, Microsoft.VisualStudio.QualityTools.Tips.UnitTest.Adapter, Version=10.0.0.0, Culture=neutral, PublicKeyToken=b03f5f7f11d50a3a" className="DictionaryTests.BSPTreeTest, Tests, Version=1.0.0.0, Culture=neutral, PublicKeyToken=null" name="BuildLeafTest" />
    </UnitTest>
    <UnitTest name="DoAllIntersectingObjectsFrontTest" storage="d:\documents\visual studio 2012\eecs-311 assignment 3\tests\bin\debug\tests.dll" id="8de2ba16-e2b5-88cf-6ef8-3b3f32283dc4">
      <Execution id="bc79936e-7f60-4b5f-9f19-e67cd2c6c690" />
      <TestMethod codeBase="D:/Documents/Visual Studio 2012/EECS-311 Assignment 3/Tests/bin/Debug/Tests.DLL" adapterTypeName="Microsoft.VisualStudio.TestTools.TestTypes.Unit.UnitTestAdapter, Microsoft.VisualStudio.QualityTools.Tips.UnitTest.Adapter, Version=10.0.0.0, Culture=neutral, PublicKeyToken=b03f5f7f11d50a3a" className="DictionaryTests.BSPTreeTest, Tests, Version=1.0.0.0, Culture=neutral, PublicKeyToken=null" name="DoAllIntersectingObjectsFrontTest" />
    </UnitTest>
    <UnitTest name="BuildTreeSplitAlongXTest" storage="d:\documents\visual studio 2012\eecs-311 assignment 3\tests\bin\debug\tests.dll" id="56be26ec-e6df-d032-f6f8-c5b905723717">
      <Execution id="4e28a79c-e428-4c99-ae21-07974fd90a34" />
      <TestMethod codeBase="D:/Documents/Visual Studio 2012/EECS-311 Assignment 3/Tests/bin/Debug/Tests.DLL" adapterTypeName="Microsoft.VisualStudio.TestTools.TestTypes.Unit.UnitTestAdapter, Microsoft.VisualStudio.QualityTools.Tips.UnitTest.Adapter, Version=10.0.0.0, Culture=neutral, PublicKeyToken=b03f5f7f11d50a3a" className="DictionaryTests.BSPTreeTest, Tests, Version=1.0.0.0, Culture=neutral, PublicKeyToken=null" name="BuildTreeSplitAlongXTest" />
    </UnitTest>
    <UnitTest name="BuildCorrectFormatTree" storage="d:\documents\visual studio 2012\eecs-311 assignment 3\tests\bin\debug\tests.dll" id="80e82119-a391-b72e-106c-695ef83d8b6e">
      <Execution id="e940e468-f1f1-4f1f-8dc8-42f15c3299f5" />
      <TestMethod codeBase="D:/Documents/Visual Studio 2012/EECS-311 Assignment 3/Tests/bin/Debug/Tests.DLL" adapterTypeName="Microsoft.VisualStudio.TestTools.TestTypes.Unit.UnitTestAdapter, Microsoft.VisualStudio.QualityTools.Tips.UnitTest.Adapter, Version=10.0.0.0, Culture=neutral, PublicKeyToken=b03f5f7f11d50a3a" className="DictionaryTests.BSPTreeTest, Tests, Version=1.0.0.0, Culture=neutral, PublicKeyToken=null" name="BuildCorrectFormatTree" />
    </UnitTest>
    <UnitTest name="DoAllIntersectingObjectsFrontAndBackTest" storage="d:\documents\visual studio 2012\eecs-311 assignment 3\tests\bin\debug\tests.dll" id="47c7fea3-f1fe-f08f-db86-130052062a9a">
      <Execution id="5306c914-1d9a-406e-924f-9dc90d8b074a" />
      <TestMethod codeBase="D:/Documents/Visual Studio 2012/EECS-311 Assignment 3/Tests/bin/Debug/Tests.DLL" adapterTypeName="Microsoft.VisualStudio.TestTools.TestTypes.Unit.UnitTestAdapter, Microsoft.VisualStudio.QualityTools.Tips.UnitTest.Adapter, Version=10.0.0.0, Culture=neutral, PublicKeyToken=b03f5f7f11d50a3a" className="DictionaryTests.BSPTreeTest, Tests, Version=1.0.0.0, Culture=neutral, PublicKeyToken=null" name="DoAllIntersectingObjectsFrontAndBackTest" />
    </UnitTest>
    <UnitTest name="SortGameObjectsTest" storage="d:\documents\visual studio 2012\eecs-311 assignment 3\tests\bin\debug\tests.dll" id="8ecd4a90-916d-4070-9846-17a8baf14dd1">
      <Execution id="f2d7b797-496c-46d5-b605-a361e19f710c" />
      <TestMethod codeBase="D:/Documents/Visual Studio 2012/EECS-311 Assignment 3/Tests/bin/Debug/Tests.DLL" adapterTypeName="Microsoft.VisualStudio.TestTools.TestTypes.Unit.UnitTestAdapter, Microsoft.VisualStudio.QualityTools.Tips.UnitTest.Adapter, Version=10.0.0.0, Culture=neutral, PublicKeyToken=b03f5f7f11d50a3a" className="DictionaryTests.BSPTreeTest, Tests, Version=1.0.0.0, Culture=neutral, PublicKeyToken=null" name="SortGameObjectsTest" />
    </UnitTest>
    <UnitTest name="DoAllIntersectingObjectsBackTest" storage="d:\documents\visual studio 2012\eecs-311 assignment 3\tests\bin\debug\tests.dll" id="55799dd9-ab23-02d7-a266-1bd1ee6e9c08">
      <Execution id="ea0b5598-4c41-4693-9736-516d3d60ff6f" />
      <TestMethod codeBase="D:/Documents/Visual Studio 2012/EECS-311 Assignment 3/Tests/bin/Debug/Tests.DLL" adapterTypeName="Microsoft.VisualStudio.TestTools.TestTypes.Unit.UnitTestAdapter, Microsoft.VisualStudio.QualityTools.Tips.UnitTest.Adapter, Version=10.0.0.0, Culture=neutral, PublicKeyToken=b03f5f7f11d50a3a" className="DictionaryTests.BSPTreeTest, Tests, Version=1.0.0.0, Culture=neutral, PublicKeyToken=null" name="DoAllIntersectingObjectsBackTest" />
    </UnitTest>
    <UnitTest name="BuildTreeSplitAlongZTest" storage="d:\documents\visual studio 2012\eecs-311 assignment 3\tests\bin\debug\tests.dll" id="b8ee0cd3-a365-9e18-6e43-154ad1c47c94">
      <Execution id="408a70c7-8af0-49a9-b5f1-d608eb008735" />
      <TestMethod codeBase="D:/Documents/Visual Studio 2012/EECS-311 Assignment 3/Tests/bin/Debug/Tests.DLL" adapterTypeName="Microsoft.VisualStudio.TestTools.TestTypes.Unit.UnitTestAdapter, Microsoft.VisualStudio.QualityTools.Tips.UnitTest.Adapter, Version=10.0.0.0, Culture=neutral, PublicKeyToken=b03f5f7f11d50a3a" className="DictionaryTests.BSPTreeTest, Tests, Version=1.0.0.0, Culture=neutral, PublicKeyToken=null" name="BuildTreeSplitAlongZTest" />
    </UnitTest>
    <UnitTest name="SortReversedGameObjectsTest" storage="d:\documents\visual studio 2012\eecs-311 assignment 3\tests\bin\debug\tests.dll" id="77ac8a9b-16e5-9913-ee8e-d341fea774be">
      <Execution id="dde7b4c7-2bec-404b-a2b3-a83af136fa82" />
      <TestMethod codeBase="D:/Documents/Visual Studio 2012/EECS-311 Assignment 3/Tests/bin/Debug/Tests.DLL" adapterTypeName="Microsoft.VisualStudio.TestTools.TestTypes.Unit.UnitTestAdapter, Microsoft.VisualStudio.QualityTools.Tips.UnitTest.Adapter, Version=10.0.0.0, Culture=neutral, PublicKeyToken=b03f5f7f11d50a3a" className="DictionaryTests.BSPTreeTest, Tests, Version=1.0.0.0, Culture=neutral, PublicKeyToken=null" name="SortReversedGameObjectsTest" />
    </UnitTest>
    <UnitTest name="ArrangeGameObjectsCorrectlyTest" storage="d:\documents\visual studio 2012\eecs-311 assignment 3\tests\bin\debug\tests.dll" id="599eb862-1ebc-17e2-4a0c-30dbd3dcf77f">
      <Execution id="16fa44e4-2036-4aa1-a719-d4fde43d32fd" />
      <TestMethod codeBase="D:/Documents/Visual Studio 2012/EECS-311 Assignment 3/Tests/bin/Debug/Tests.DLL" adapterTypeName="Microsoft.VisualStudio.TestTools.TestTypes.Unit.UnitTestAdapter, Microsoft.VisualStudio.QualityTools.Tips.UnitTest.Adapter, Version=10.0.0.0, Culture=neutral, PublicKeyToken=b03f5f7f11d50a3a" className="DictionaryTests.BSPTreeTest, Tests, Version=1.0.0.0, Culture=neutral, PublicKeyToken=null" name="ArrangeGameObjectsCorrectlyTest" />
    </UnitTest>
  </TestDefinitions>
  <TestLists>
    <TestList name="Results Not in a List" id="8c84fa94-04c1-424b-9868-57a2d4851a1d" />
    <TestList name="All Loaded Results" id="19431567-8539-422a-85d7-44ee4e166bda" />
  </TestLists>
  <TestEntries>
    <TestEntry testId="8ecd4a90-916d-4070-9846-17a8baf14dd1" executionId="f2d7b797-496c-46d5-b605-a361e19f710c" testListId="8c84fa94-04c1-424b-9868-57a2d4851a1d" />
    <TestEntry testId="77ac8a9b-16e5-9913-ee8e-d341fea774be" executionId="dde7b4c7-2bec-404b-a2b3-a83af136fa82" testListId="8c84fa94-04c1-424b-9868-57a2d4851a1d" />
    <TestEntry testId="8de2ba16-e2b5-88cf-6ef8-3b3f32283dc4" executionId="bc79936e-7f60-4b5f-9f19-e67cd2c6c690" testListId="8c84fa94-04c1-424b-9868-57a2d4851a1d" />
    <TestEntry testId="55799dd9-ab23-02d7-a266-1bd1ee6e9c08" executionId="ea0b5598-4c41-4693-9736-516d3d60ff6f" testListId="8c84fa94-04c1-424b-9868-57a2d4851a1d" />
    <TestEntry testId="47c7fea3-f1fe-f08f-db86-130052062a9a" executionId="5306c914-1d9a-406e-924f-9dc90d8b074a" testListId="8c84fa94-04c1-424b-9868-57a2d4851a1d" />
    <TestEntry testId="ff460abd-4f60-52b4-1b9d-22af420ce364" executionId="1a64b86f-43aa-4332-bbc2-f9f9b6a9cd28" testListId="8c84fa94-04c1-424b-9868-57a2d4851a1d" />
    <TestEntry testId="b36ef38a-b380-8d91-4854-af00d8a90814" executionId="3b124a30-1ac1-46d6-8e4c-f42b95ab15b1" testListId="8c84fa94-04c1-424b-9868-57a2d4851a1d" />
    <TestEntry testId="80e82119-a391-b72e-106c-695ef83d8b6e" executionId="e940e468-f1f1-4f1f-8dc8-42f15c3299f5" testListId="8c84fa94-04c1-424b-9868-57a2d4851a1d" />
    <TestEntry testId="599eb862-1ebc-17e2-4a0c-30dbd3dcf77f" executionId="16fa44e4-2036-4aa1-a719-d4fde43d32fd" testListId="8c84fa94-04c1-424b-9868-57a2d4851a1d" />
    <TestEntry testId="4f1fb53f-3ae3-81d5-493f-9d8ce970c212" executionId="f4f49a95-2e9a-474f-af7e-5ce545d06908" testListId="8c84fa94-04c1-424b-9868-57a2d4851a1d" />
    <TestEntry testId="56be26ec-e6df-d032-f6f8-c5b905723717" executionId="4e28a79c-e428-4c99-ae21-07974fd90a34" testListId="8c84fa94-04c1-424b-9868-57a2d4851a1d" />
    <TestEntry testId="1e9ad0a3-0f9e-4b0e-7759-2aa9158a5696" executionId="ae5a1263-8b57-4c05-96c1-913fc8adb427" testListId="8c84fa94-04c1-424b-9868-57a2d4851a1d" />
    <TestEntry testId="b8ee0cd3-a365-9e18-6e43-154ad1c47c94" executionId="408a70c7-8af0-49a9-b5f1-d608eb008735" testListId="8c84fa94-04c1-424b-9868-57a2d4851a1d" />
  </TestEntries>
  <Results>
    <UnitTestResult executionId="f2d7b797-496c-46d5-b605-a361e19f710c" testId="8ecd4a90-916d-4070-9846-17a8baf14dd1" testName="SortGameObjectsTest" computerName="COREY-ASUS" duration="00:00:00.0725709" startTime="2013-05-04T20:12:19.6132482-05:00" endTime="2013-05-04T20:12:20.7682498-05:00" testType="13cdc9d9-ddb5-4fa4-a97d-d965ccfc6d4b" outcome="Passed" testListId="8c84fa94-04c1-424b-9868-57a2d4851a1d" relativeResultsDirectory="f2d7b797-496c-46d5-b605-a361e19f710c">
    </UnitTestResult>
    <UnitTestResult executionId="dde7b4c7-2bec-404b-a2b3-a83af136fa82" testId="77ac8a9b-16e5-9913-ee8e-d341fea774be" testName="SortReversedGameObjectsTest" computerName="COREY-ASUS" duration="00:00:00.0004591" startTime="2013-05-04T20:12:20.7882498-05:00" endTime="2013-05-04T20:12:20.7932498-05:00" testType="13cdc9d9-ddb5-4fa4-a97d-d965ccfc6d4b" outcome="Passed" testListId="8c84fa94-04c1-424b-9868-57a2d4851a1d" relativeResultsDirectory="dde7b4c7-2bec-404b-a2b3-a83af136fa82">
    </UnitTestResult>
    <UnitTestResult executionId="bc79936e-7f60-4b5f-9f19-e67cd2c6c690" testId="8de2ba16-e2b5-88cf-6ef8-3b3f32283dc4" testName="DoAllIntersectingObjectsFrontTest" computerName="COREY-ASUS" duration="00:00:00.0048937" startTime="2013-05-04T20:12:20.7932498-05:00" endTime="2013-05-04T20:12:20.8032498-05:00" testType="13cdc9d9-ddb5-4fa4-a97d-d965ccfc6d4b" outcome="Passed" testListId="8c84fa94-04c1-424b-9868-57a2d4851a1d" relativeResultsDirectory="bc79936e-7f60-4b5f-9f19-e67cd2c6c690">
    </UnitTestResult>
    <UnitTestResult executionId="ea0b5598-4c41-4693-9736-516d3d60ff6f" testId="55799dd9-ab23-02d7-a266-1bd1ee6e9c08" testName="DoAllIntersectingObjectsBackTest" computerName="COREY-ASUS" duration="00:00:00.0007786" startTime="2013-05-04T20:12:20.8082498-05:00" endTime="2013-05-04T20:12:20.8132498-05:00" testType="13cdc9d9-ddb5-4fa4-a97d-d965ccfc6d4b" outcome="Passed" testListId="8c84fa94-04c1-424b-9868-57a2d4851a1d" relativeResultsDirectory="ea0b5598-4c41-4693-9736-516d3d60ff6f">
    </UnitTestResult>
    <UnitTestResult executionId="5306c914-1d9a-406e-924f-9dc90d8b074a" testId="47c7fea3-f1fe-f08f-db86-130052062a9a" testName="DoAllIntersectingObjectsFrontAndBackTest" computerName="COREY-ASUS" duration="00:00:00.0006336" startTime="2013-05-04T20:12:20.8132498-05:00" endTime="2013-05-04T20:12:20.8182499-05:00" testType="13cdc9d9-ddb5-4fa4-a97d-d965ccfc6d4b" outcome="Passed" testListId="8c84fa94-04c1-424b-9868-57a2d4851a1d" relativeResultsDirectory="5306c914-1d9a-406e-924f-9dc90d8b074a">
    </UnitTestResult>
    <UnitTestResult executionId="1a64b86f-43aa-4332-bbc2-f9f9b6a9cd28" testId="ff460abd-4f60-52b4-1b9d-22af420ce364" testName="DoAllIntersectingObjectsNullIntersectionTest" computerName="COREY-ASUS" duration="00:00:00.0005546" startTime="2013-05-04T20:12:20.8232499-05:00" endTime="2013-05-04T20:12:20.8282499-05:00" testType="13cdc9d9-ddb5-4fa4-a97d-d965ccfc6d4b" outcome="Passed" testListId="8c84fa94-04c1-424b-9868-57a2d4851a1d" relativeResultsDirectory="1a64b86f-43aa-4332-bbc2-f9f9b6a9cd28">
    </UnitTestResult>
    <UnitTestResult executionId="3b124a30-1ac1-46d6-8e4c-f42b95ab15b1" testId="b36ef38a-b380-8d91-4854-af00d8a90814" testName="BuildLeafTest" computerName="COREY-ASUS" duration="00:00:00.0003614" startTime="2013-05-04T20:12:20.8282499-05:00" endTime="2013-05-04T20:12:20.8332499-05:00" testType="13cdc9d9-ddb5-4fa4-a97d-d965ccfc6d4b" outcome="Passed" testListId="8c84fa94-04c1-424b-9868-57a2d4851a1d" relativeResultsDirectory="3b124a30-1ac1-46d6-8e4c-f42b95ab15b1">
    </UnitTestResult>
    <UnitTestResult executionId="e940e468-f1f1-4f1f-8dc8-42f15c3299f5" testId="80e82119-a391-b72e-106c-695ef83d8b6e" testName="BuildCorrectFormatTree" computerName="COREY-ASUS" duration="00:00:00.0004422" startTime="2013-05-04T20:12:20.8382499-05:00" endTime="2013-05-04T20:12:20.8432499-05:00" testType="13cdc9d9-ddb5-4fa4-a97d-d965ccfc6d4b" outcome="Passed" testListId="8c84fa94-04c1-424b-9868-57a2d4851a1d" relativeResultsDirectory="e940e468-f1f1-4f1f-8dc8-42f15c3299f5">
    </UnitTestResult>
    <UnitTestResult executionId="16fa44e4-2036-4aa1-a719-d4fde43d32fd" testId="599eb862-1ebc-17e2-4a0c-30dbd3dcf77f" testName="ArrangeGameObjectsCorrectlyTest" computerName="COREY-ASUS" duration="00:00:00.0014515" startTime="2013-05-04T20:12:20.8482499-05:00" endTime="2013-05-04T20:12:20.8482499-05:00" testType="13cdc9d9-ddb5-4fa4-a97d-d965ccfc6d4b" outcome="Passed" testListId="8c84fa94-04c1-424b-9868-57a2d4851a1d" relativeResultsDirectory="16fa44e4-2036-4aa1-a719-d4fde43d32fd">
    </UnitTestResult>
    <UnitTestResult executionId="f4f49a95-2e9a-474f-af7e-5ce545d06908" testId="4f1fb53f-3ae3-81d5-493f-9d8ce970c212" testName="NoSplitAvailableTest" computerName="COREY-ASUS" duration="00:00:01.4598201" startTime="2013-05-04T20:12:20.8532499-05:00" endTime="2013-05-04T20:12:22.3182520-05:00" testType="13cdc9d9-ddb5-4fa4-a97d-d965ccfc6d4b" outcome="Passed" testListId="8c84fa94-04c1-424b-9868-57a2d4851a1d" relativeResultsDirectory="f4f49a95-2e9a-474f-af7e-5ce545d06908">
    </UnitTestResult>
    <UnitTestResult executionId="4e28a79c-e428-4c99-ae21-07974fd90a34" testId="56be26ec-e6df-d032-f6f8-c5b905723717" testName="BuildTreeSplitAlongXTest" computerName="COREY-ASUS" duration="00:00:00.0015939" startTime="2013-05-04T20:12:22.3332520-05:00" endTime="2013-05-04T20:12:22.3382520-05:00" testType="13cdc9d9-ddb5-4fa4-a97d-d965ccfc6d4b" outcome="Passed" testListId="8c84fa94-04c1-424b-9868-57a2d4851a1d" relativeResultsDirectory="4e28a79c-e428-4c99-ae21-07974fd90a34">
    </UnitTestResult>
    <UnitTestResult executionId="ae5a1263-8b57-4c05-96c1-913fc8adb427" testId="1e9ad0a3-0f9e-4b0e-7759-2aa9158a5696" testName="BuildTreeSplitAlongYTest" computerName="COREY-ASUS" duration="00:00:00.0005769" startTime="2013-05-04T20:12:22.3482520-05:00" endTime="2013-05-04T20:12:22.3482520-05:00" testType="13cdc9d9-ddb5-4fa4-a97d-d965ccfc6d4b" outcome="Passed" testListId="8c84fa94-04c1-424b-9868-57a2d4851a1d" relativeResultsDirectory="ae5a1263-8b57-4c05-96c1-913fc8adb427">
    </UnitTestResult>
    <UnitTestResult executionId="408a70c7-8af0-49a9-b5f1-d608eb008735" testId="b8ee0cd3-a365-9e18-6e43-154ad1c47c94" testName="BuildTreeSplitAlongZTest" computerName="COREY-ASUS" duration="00:00:00.0005747" startTime="2013-05-04T20:12:22.3782520-05:00" endTime="2013-05-04T20:12:22.3832520-05:00" testType="13cdc9d9-ddb5-4fa4-a97d-d965ccfc6d4b" outcome="Passed" testListId="8c84fa94-04c1-424b-9868-57a2d4851a1d" relativeResultsDirectory="408a70c7-8af0-49a9-b5f1-d608eb008735">
    </UnitTestResult>
  </Results>
</TestRun>