<?xml version="1.0" encoding="UTF-8"?>
<TestRun id="53ae6c51-98c4-4e32-bc9a-161dcb74fa6b" name="asus@COREY-ASUS 2013-04-20 15:41:19" runUser="COREY-ASUS\asus" xmlns="http://microsoft.com/schemas/VisualStudio/TeamTest/2010">
  <TestSettings name="Local Test Run" id="3a991a10-770d-48f2-813a-8bc52276207a">
    <Description>This is a default test run configuration for a local test run.</Description>
    <Deployment runDeploymentRoot="asus_COREY-ASUS 2013-04-20 15_41_19">
      <DeploymentItem filename="D:\Documents\Visual Studio 2012\EECS 311 Assignment 1\Assignment 1\bin\Debug\Assignment 1.exe" />
    </Deployment>
    <Execution>
      <TestTypeSpecific />
      <AgentRule name="Execution Agents">
      </AgentRule>
    </Execution>
  </TestSettings>
  <Times creation="2013-04-20T15:41:19.7183989-05:00" queuing="2013-04-20T15:41:25.0967065-05:00" start="2013-04-20T15:41:25.3247196-05:00" finish="2013-04-20T15:42:03.1958857-05:00" />
  <ResultSummary outcome="Failed">
    <Counters total="22" executed="22" passed="7" error="0" failed="15" timeout="0" aborted="0" inconclusive="0" passedButRunAborted="0" notRunnable="0" notExecuted="0" disconnected="0" warning="0" completed="0" inProgress="0" pending="0" />
  </ResultSummary>
  <TestDefinitions>
    <UnitTest name="ConstructorCreatesNonFullQueueTest" storage="d:\documents\visual studio 2012\eecs 311 assignment 1\queuetests\bin\debug\queuetests.dll" id="1fd90ceb-f0d0-1e68-b554-ad1d4ba25e72">
      <Execution id="edb0c59b-d669-46fe-a277-89ce018c7a1f" />
      <TestMethod codeBase="D:/Documents/Visual Studio 2012/EECS 311 Assignment 1/QueueTests/bin/Debug/QueueTests.DLL" adapterTypeName="Microsoft.VisualStudio.TestTools.TestTypes.Unit.UnitTestAdapter, Microsoft.VisualStudio.QualityTools.Tips.UnitTest.Adapter, Version=10.0.0.0, Culture=neutral, PublicKeyToken=b03f5f7f11d50a3a" className="QueueTests.ArrayQueueTest, QueueTests, Version=1.0.0.0, Culture=neutral, PublicKeyToken=null" name="ConstructorCreatesNonFullQueueTest" />
    </UnitTest>
    <UnitTest name="ConstructorCreatesEmptyQueueTest" storage="d:\documents\visual studio 2012\eecs 311 assignment 1\queuetests\bin\debug\queuetests.dll" id="1cb0a1e2-2261-0d1a-ef0f-bcef8b0ea15f">
      <Execution id="1125bd2e-442a-4668-907e-4250c2842159" />
      <TestMethod codeBase="D:/Documents/Visual Studio 2012/EECS 311 Assignment 1/QueueTests/bin/Debug/QueueTests.DLL" adapterTypeName="Microsoft.VisualStudio.TestTools.TestTypes.Unit.UnitTestAdapter, Microsoft.VisualStudio.QualityTools.Tips.UnitTest.Adapter, Version=10.0.0.0, Culture=neutral, PublicKeyToken=b03f5f7f11d50a3a" className="QueueTests.ArrayQueueTest, QueueTests, Version=1.0.0.0, Culture=neutral, PublicKeyToken=null" name="ConstructorCreatesEmptyQueueTest" />
    </UnitTest>
    <UnitTest name="DequeueOnEmptyQueueThrowsQueueEmptyExceptionTest" storage="d:\documents\visual studio 2012\eecs 311 assignment 1\queuetests\bin\debug\queuetests.dll" id="72df603b-478e-691e-c9b9-cdc0bacfe212">
      <Execution id="50dc46a0-76d1-47d8-87ff-8fae31fe0851" />
      <TestMethod codeBase="D:/Documents/Visual Studio 2012/EECS 311 Assignment 1/QueueTests/bin/Debug/QueueTests.DLL" adapterTypeName="Microsoft.VisualStudio.TestTools.TestTypes.Unit.UnitTestAdapter, Microsoft.VisualStudio.QualityTools.Tips.UnitTest.Adapter, Version=10.0.0.0, Culture=neutral, PublicKeyToken=b03f5f7f11d50a3a" className="QueueTests.LinkedListQueueTest, QueueTests, Version=1.0.0.0, Culture=neutral, PublicKeyToken=null" name="DequeueOnEmptyQueueThrowsQueueEmptyExceptionTest" />
    </UnitTest>
    <UnitTest name="ConstructorCreatesEmptyQueueTest" storage="d:\documents\visual studio 2012\eecs 311 assignment 1\queuetests\bin\debug\queuetests.dll" id="13d9bdf6-60d6-7932-e7f8-0dff2188658f">
      <Execution id="eceae9cd-9981-4b56-94eb-9ecc9ac02d61" />
      <TestMethod codeBase="D:/Documents/Visual Studio 2012/EECS 311 Assignment 1/QueueTests/bin/Debug/QueueTests.DLL" adapterTypeName="Microsoft.VisualStudio.TestTools.TestTypes.Unit.UnitTestAdapter, Microsoft.VisualStudio.QualityTools.Tips.UnitTest.Adapter, Version=10.0.0.0, Culture=neutral, PublicKeyToken=b03f5f7f11d50a3a" className="QueueTests.DequeTest, QueueTests, Version=1.0.0.0, Culture=neutral, PublicKeyToken=null" name="ConstructorCreatesEmptyQueueTest" />
    </UnitTest>
    <UnitTest name="NonEmptyQueueWrittenFromFrontReadsNotEmptyTest" storage="d:\documents\visual studio 2012\eecs 311 assignment 1\queuetests\bin\debug\queuetests.dll" id="a8009935-515f-8ff9-6f0b-05a4894bf174">
      <Execution id="367c8b5e-5f35-4392-ac60-02b125df82ec" />
      <TestMethod codeBase="D:/Documents/Visual Studio 2012/EECS 311 Assignment 1/QueueTests/bin/Debug/QueueTests.DLL" adapterTypeName="Microsoft.VisualStudio.TestTools.TestTypes.Unit.UnitTestAdapter, Microsoft.VisualStudio.QualityTools.Tips.UnitTest.Adapter, Version=10.0.0.0, Culture=neutral, PublicKeyToken=b03f5f7f11d50a3a" className="QueueTests.DequeTest, QueueTests, Version=1.0.0.0, Culture=neutral, PublicKeyToken=null" name="NonEmptyQueueWrittenFromFrontReadsNotEmptyTest" />
    </UnitTest>
    <UnitTest name="EnqueueToFullQueueThrowsQueueFullExceptionTest" storage="d:\documents\visual studio 2012\eecs 311 assignment 1\queuetests\bin\debug\queuetests.dll" id="7c46bf1f-4cc7-0ba7-67e8-52f5cd3c9713">
      <Execution id="a935c2a6-acb3-47b5-a96e-2c307ac7dede" />
      <TestMethod codeBase="D:/Documents/Visual Studio 2012/EECS 311 Assignment 1/QueueTests/bin/Debug/QueueTests.DLL" adapterTypeName="Microsoft.VisualStudio.TestTools.TestTypes.Unit.UnitTestAdapter, Microsoft.VisualStudio.QualityTools.Tips.UnitTest.Adapter, Version=10.0.0.0, Culture=neutral, PublicKeyToken=b03f5f7f11d50a3a" className="QueueTests.ArrayQueueTest, QueueTests, Version=1.0.0.0, Culture=neutral, PublicKeyToken=null" name="EnqueueToFullQueueThrowsQueueFullExceptionTest" />
    </UnitTest>
    <UnitTest name="DataOrderPreservedTest" storage="d:\documents\visual studio 2012\eecs 311 assignment 1\queuetests\bin\debug\queuetests.dll" id="373800ba-b828-3141-13f3-14ad92fca915">
      <Execution id="39991d72-058e-42bb-ba47-8c8250a7690d" />
      <TestMethod codeBase="D:/Documents/Visual Studio 2012/EECS 311 Assignment 1/QueueTests/bin/Debug/QueueTests.DLL" adapterTypeName="Microsoft.VisualStudio.TestTools.TestTypes.Unit.UnitTestAdapter, Microsoft.VisualStudio.QualityTools.Tips.UnitTest.Adapter, Version=10.0.0.0, Culture=neutral, PublicKeyToken=b03f5f7f11d50a3a" className="QueueTests.LinkedListQueueTest, QueueTests, Version=1.0.0.0, Culture=neutral, PublicKeyToken=null" name="DataOrderPreservedTest" />
    </UnitTest>
    <UnitTest name="NonEmptyQueueReadsNotEmptyTest" storage="d:\documents\visual studio 2012\eecs 311 assignment 1\queuetests\bin\debug\queuetests.dll" id="091f89d3-0ed1-30d7-5c4b-fdd3fa0faa90">
      <Execution id="247b3626-838b-41dc-88af-cbbce4cdd196" />
      <TestMethod codeBase="D:/Documents/Visual Studio 2012/EECS 311 Assignment 1/QueueTests/bin/Debug/QueueTests.DLL" adapterTypeName="Microsoft.VisualStudio.TestTools.TestTypes.Unit.UnitTestAdapter, Microsoft.VisualStudio.QualityTools.Tips.UnitTest.Adapter, Version=10.0.0.0, Culture=neutral, PublicKeyToken=b03f5f7f11d50a3a" className="QueueTests.LinkedListQueueTest, QueueTests, Version=1.0.0.0, Culture=neutral, PublicKeyToken=null" name="NonEmptyQueueReadsNotEmptyTest" />
    </UnitTest>
    <UnitTest name="DataOrderPreservedTest" storage="d:\documents\visual studio 2012\eecs 311 assignment 1\queuetests\bin\debug\queuetests.dll" id="f013084a-d4ea-a9f8-357a-4047b1176ab2">
      <Execution id="91a39374-f027-4a97-b992-99fac50af124" />
      <TestMethod codeBase="D:/Documents/Visual Studio 2012/EECS 311 Assignment 1/QueueTests/bin/Debug/QueueTests.DLL" adapterTypeName="Microsoft.VisualStudio.TestTools.TestTypes.Unit.UnitTestAdapter, Microsoft.VisualStudio.QualityTools.Tips.UnitTest.Adapter, Version=10.0.0.0, Culture=neutral, PublicKeyToken=b03f5f7f11d50a3a" className="QueueTests.ArrayQueueTest, QueueTests, Version=1.0.0.0, Culture=neutral, PublicKeyToken=null" name="DataOrderPreservedTest" />
    </UnitTest>
    <UnitTest name="RemoveFrontOnEmptyQueueThrowsQueueEmptyExceptionTest" storage="d:\documents\visual studio 2012\eecs 311 assignment 1\queuetests\bin\debug\queuetests.dll" id="03a1b3a6-dd92-af83-792a-b3caa1cfc64e">
      <Execution id="710a7917-347b-4829-bee7-7b7e7cfd96b6" />
      <TestMethod codeBase="D:/Documents/Visual Studio 2012/EECS 311 Assignment 1/QueueTests/bin/Debug/QueueTests.DLL" adapterTypeName="Microsoft.VisualStudio.TestTools.TestTypes.Unit.UnitTestAdapter, Microsoft.VisualStudio.QualityTools.Tips.UnitTest.Adapter, Version=10.0.0.0, Culture=neutral, PublicKeyToken=b03f5f7f11d50a3a" className="QueueTests.DequeTest, QueueTests, Version=1.0.0.0, Culture=neutral, PublicKeyToken=null" name="RemoveFrontOnEmptyQueueThrowsQueueEmptyExceptionTest" />
    </UnitTest>
    <UnitTest name="DequeueOnEmptyQueueThrowsQueueEmptyExceptionTest" storage="d:\documents\visual studio 2012\eecs 311 assignment 1\queuetests\bin\debug\queuetests.dll" id="282e02e9-49c3-e1d4-f2ea-59cee629a781">
      <Execution id="46964cd1-546e-415c-a49e-d5c335bee568" />
      <TestMethod codeBase="D:/Documents/Visual Studio 2012/EECS 311 Assignment 1/QueueTests/bin/Debug/QueueTests.DLL" adapterTypeName="Microsoft.VisualStudio.TestTools.TestTypes.Unit.UnitTestAdapter, Microsoft.VisualStudio.QualityTools.Tips.UnitTest.Adapter, Version=10.0.0.0, Culture=neutral, PublicKeyToken=b03f5f7f11d50a3a" className="QueueTests.ArrayQueueTest, QueueTests, Version=1.0.0.0, Culture=neutral, PublicKeyToken=null" name="DequeueOnEmptyQueueThrowsQueueEmptyExceptionTest" />
    </UnitTest>
    <UnitTest name="ConstructorCreatesNonFullQueueTest" storage="d:\documents\visual studio 2012\eecs 311 assignment 1\queuetests\bin\debug\queuetests.dll" id="3d821c1f-4535-cc22-0441-2178d0438ec5">
      <Execution id="bc6030d4-c10d-49df-8313-487ecd6bad0b" />
      <TestMethod codeBase="D:/Documents/Visual Studio 2012/EECS 311 Assignment 1/QueueTests/bin/Debug/QueueTests.DLL" adapterTypeName="Microsoft.VisualStudio.TestTools.TestTypes.Unit.UnitTestAdapter, Microsoft.VisualStudio.QualityTools.Tips.UnitTest.Adapter, Version=10.0.0.0, Culture=neutral, PublicKeyToken=b03f5f7f11d50a3a" className="QueueTests.LinkedListQueueTest, QueueTests, Version=1.0.0.0, Culture=neutral, PublicKeyToken=null" name="ConstructorCreatesNonFullQueueTest" />
    </UnitTest>
    <UnitTest name="CountTest" storage="d:\documents\visual studio 2012\eecs 311 assignment 1\queuetests\bin\debug\queuetests.dll" id="97365ef3-436d-9c9d-7432-5e36bdfa5b17">
      <Execution id="dcd11605-5459-48eb-914a-30c7af92e23e" />
      <TestMethod codeBase="D:/Documents/Visual Studio 2012/EECS 311 Assignment 1/QueueTests/bin/Debug/QueueTests.DLL" adapterTypeName="Microsoft.VisualStudio.TestTools.TestTypes.Unit.UnitTestAdapter, Microsoft.VisualStudio.QualityTools.Tips.UnitTest.Adapter, Version=10.0.0.0, Culture=neutral, PublicKeyToken=b03f5f7f11d50a3a" className="QueueTests.LinkedListQueueTest, QueueTests, Version=1.0.0.0, Culture=neutral, PublicKeyToken=null" name="CountTest" />
    </UnitTest>
    <UnitTest name="NonEmptyQueueReadsNotEmptyTest" storage="d:\documents\visual studio 2012\eecs 311 assignment 1\queuetests\bin\debug\queuetests.dll" id="19cca519-f5a5-3da9-b116-a67ee263cbb4">
      <Execution id="cf1ef0a9-0782-4a0a-a997-a04df6411d97" />
      <TestMethod codeBase="D:/Documents/Visual Studio 2012/EECS 311 Assignment 1/QueueTests/bin/Debug/QueueTests.DLL" adapterTypeName="Microsoft.VisualStudio.TestTools.TestTypes.Unit.UnitTestAdapter, Microsoft.VisualStudio.QualityTools.Tips.UnitTest.Adapter, Version=10.0.0.0, Culture=neutral, PublicKeyToken=b03f5f7f11d50a3a" className="QueueTests.ArrayQueueTest, QueueTests, Version=1.0.0.0, Culture=neutral, PublicKeyToken=null" name="NonEmptyQueueReadsNotEmptyTest" />
    </UnitTest>
    <UnitTest name="ConstructorCreatesEmptyQueueTest" storage="d:\documents\visual studio 2012\eecs 311 assignment 1\queuetests\bin\debug\queuetests.dll" id="fd6c20eb-525d-6a10-f7aa-e03ceedfe16f">
      <Execution id="09e9775e-a44e-46d2-9923-ed69e96eaf17" />
      <TestMethod codeBase="D:/Documents/Visual Studio 2012/EECS 311 Assignment 1/QueueTests/bin/Debug/QueueTests.DLL" adapterTypeName="Microsoft.VisualStudio.TestTools.TestTypes.Unit.UnitTestAdapter, Microsoft.VisualStudio.QualityTools.Tips.UnitTest.Adapter, Version=10.0.0.0, Culture=neutral, PublicKeyToken=b03f5f7f11d50a3a" className="QueueTests.LinkedListQueueTest, QueueTests, Version=1.0.0.0, Culture=neutral, PublicKeyToken=null" name="ConstructorCreatesEmptyQueueTest" />
    </UnitTest>
    <UnitTest name="NonEmptyQueueReadsNotEmptyTest" storage="d:\documents\visual studio 2012\eecs 311 assignment 1\queuetests\bin\debug\queuetests.dll" id="49e4a240-89e9-7d60-9a13-7ab7ec646d86">
      <Execution id="4a2e4e80-cdc5-44f1-9fd3-197cd1a30a10" />
      <TestMethod codeBase="D:/Documents/Visual Studio 2012/EECS 311 Assignment 1/QueueTests/bin/Debug/QueueTests.DLL" adapterTypeName="Microsoft.VisualStudio.TestTools.TestTypes.Unit.UnitTestAdapter, Microsoft.VisualStudio.QualityTools.Tips.UnitTest.Adapter, Version=10.0.0.0, Culture=neutral, PublicKeyToken=b03f5f7f11d50a3a" className="QueueTests.DequeTest, QueueTests, Version=1.0.0.0, Culture=neutral, PublicKeyToken=null" name="NonEmptyQueueReadsNotEmptyTest" />
    </UnitTest>
    <UnitTest name="DataOrderPreservedWrittenEndwardTest" storage="d:\documents\visual studio 2012\eecs 311 assignment 1\queuetests\bin\debug\queuetests.dll" id="066e5acd-d732-0380-d030-80aabd1a46ae">
      <Execution id="3c5c8245-c14f-4971-a41c-78b92b3809cf" />
      <TestMethod codeBase="D:/Documents/Visual Studio 2012/EECS 311 Assignment 1/QueueTests/bin/Debug/QueueTests.DLL" adapterTypeName="Microsoft.VisualStudio.TestTools.TestTypes.Unit.UnitTestAdapter, Microsoft.VisualStudio.QualityTools.Tips.UnitTest.Adapter, Version=10.0.0.0, Culture=neutral, PublicKeyToken=b03f5f7f11d50a3a" className="QueueTests.DequeTest, QueueTests, Version=1.0.0.0, Culture=neutral, PublicKeyToken=null" name="DataOrderPreservedWrittenEndwardTest" />
    </UnitTest>
    <UnitTest name="RemoveEndOnEmptyQueueThrowsQueueEmptyExceptionTest" storage="d:\documents\visual studio 2012\eecs 311 assignment 1\queuetests\bin\debug\queuetests.dll" id="7d7af601-d5b8-8473-4e8c-1728efc4ea22">
      <Execution id="0e286f23-9f49-4527-bb1f-9b97d38c536b" />
      <TestMethod codeBase="D:/Documents/Visual Studio 2012/EECS 311 Assignment 1/QueueTests/bin/Debug/QueueTests.DLL" adapterTypeName="Microsoft.VisualStudio.TestTools.TestTypes.Unit.UnitTestAdapter, Microsoft.VisualStudio.QualityTools.Tips.UnitTest.Adapter, Version=10.0.0.0, Culture=neutral, PublicKeyToken=b03f5f7f11d50a3a" className="QueueTests.DequeTest, QueueTests, Version=1.0.0.0, Culture=neutral, PublicKeyToken=null" name="RemoveEndOnEmptyQueueThrowsQueueEmptyExceptionTest" />
    </UnitTest>
    <UnitTest name="QueueEventuallyFillsText" storage="d:\documents\visual studio 2012\eecs 311 assignment 1\queuetests\bin\debug\queuetests.dll" id="db91ed9e-0902-7231-b42b-88381c85adcd">
      <Execution id="3c722a77-d039-4b5a-b159-9053970bb571" />
      <TestMethod codeBase="D:/Documents/Visual Studio 2012/EECS 311 Assignment 1/QueueTests/bin/Debug/QueueTests.DLL" adapterTypeName="Microsoft.VisualStudio.TestTools.TestTypes.Unit.UnitTestAdapter, Microsoft.VisualStudio.QualityTools.Tips.UnitTest.Adapter, Version=10.0.0.0, Culture=neutral, PublicKeyToken=b03f5f7f11d50a3a" className="QueueTests.ArrayQueueTest, QueueTests, Version=1.0.0.0, Culture=neutral, PublicKeyToken=null" name="QueueEventuallyFillsText" />
    </UnitTest>
    <UnitTest name="DataOrderPreservedTest" storage="d:\documents\visual studio 2012\eecs 311 assignment 1\queuetests\bin\debug\queuetests.dll" id="cbfdef17-e7f3-e7a4-92ed-bd0caaf2671c">
      <Execution id="3108a2a6-5dd2-4129-afb8-2db8b1ed21c6" />
      <TestMethod codeBase="D:/Documents/Visual Studio 2012/EECS 311 Assignment 1/QueueTests/bin/Debug/QueueTests.DLL" adapterTypeName="Microsoft.VisualStudio.TestTools.TestTypes.Unit.UnitTestAdapter, Microsoft.VisualStudio.QualityTools.Tips.UnitTest.Adapter, Version=10.0.0.0, Culture=neutral, PublicKeyToken=b03f5f7f11d50a3a" className="QueueTests.DequeTest, QueueTests, Version=1.0.0.0, Culture=neutral, PublicKeyToken=null" name="DataOrderPreservedTest" />
    </UnitTest>
    <UnitTest name="CountTest" storage="d:\documents\visual studio 2012\eecs 311 assignment 1\queuetests\bin\debug\queuetests.dll" id="043f3c5a-7887-abdc-d249-173d4b7b8591">
      <Execution id="5cc5fa25-f89a-42d0-869f-3539f18af0f8" />
      <TestMethod codeBase="D:/Documents/Visual Studio 2012/EECS 311 Assignment 1/QueueTests/bin/Debug/QueueTests.DLL" adapterTypeName="Microsoft.VisualStudio.TestTools.TestTypes.Unit.UnitTestAdapter, Microsoft.VisualStudio.QualityTools.Tips.UnitTest.Adapter, Version=10.0.0.0, Culture=neutral, PublicKeyToken=b03f5f7f11d50a3a" className="QueueTests.ArrayQueueTest, QueueTests, Version=1.0.0.0, Culture=neutral, PublicKeyToken=null" name="CountTest" />
    </UnitTest>
    <UnitTest name="CountTest" storage="d:\documents\visual studio 2012\eecs 311 assignment 1\queuetests\bin\debug\queuetests.dll" id="10d73257-6859-e940-a43d-85dc5f42184c">
      <Execution id="fed10900-544a-4722-9e0d-fb6ce661662f" />
      <TestMethod codeBase="D:/Documents/Visual Studio 2012/EECS 311 Assignment 1/QueueTests/bin/Debug/QueueTests.DLL" adapterTypeName="Microsoft.VisualStudio.TestTools.TestTypes.Unit.UnitTestAdapter, Microsoft.VisualStudio.QualityTools.Tips.UnitTest.Adapter, Version=10.0.0.0, Culture=neutral, PublicKeyToken=b03f5f7f11d50a3a" className="QueueTests.DequeTest, QueueTests, Version=1.0.0.0, Culture=neutral, PublicKeyToken=null" name="CountTest" />
    </UnitTest>
  </TestDefinitions>
  <TestLists>
    <TestList name="Results Not in a List" id="8c84fa94-04c1-424b-9868-57a2d4851a1d" />
    <TestList name="All Loaded Results" id="19431567-8539-422a-85d7-44ee4e166bda" />
  </TestLists>
  <TestEntries>
    <TestEntry testId="13d9bdf6-60d6-7932-e7f8-0dff2188658f" executionId="eceae9cd-9981-4b56-94eb-9ecc9ac02d61" testListId="8c84fa94-04c1-424b-9868-57a2d4851a1d" />
    <TestEntry testId="49e4a240-89e9-7d60-9a13-7ab7ec646d86" executionId="4a2e4e80-cdc5-44f1-9fd3-197cd1a30a10" testListId="8c84fa94-04c1-424b-9868-57a2d4851a1d" />
    <TestEntry testId="10d73257-6859-e940-a43d-85dc5f42184c" executionId="fed10900-544a-4722-9e0d-fb6ce661662f" testListId="8c84fa94-04c1-424b-9868-57a2d4851a1d" />
    <TestEntry testId="cbfdef17-e7f3-e7a4-92ed-bd0caaf2671c" executionId="3108a2a6-5dd2-4129-afb8-2db8b1ed21c6" testListId="8c84fa94-04c1-424b-9868-57a2d4851a1d" />
    <TestEntry testId="03a1b3a6-dd92-af83-792a-b3caa1cfc64e" executionId="710a7917-347b-4829-bee7-7b7e7cfd96b6" testListId="8c84fa94-04c1-424b-9868-57a2d4851a1d" />
    <TestEntry testId="a8009935-515f-8ff9-6f0b-05a4894bf174" executionId="367c8b5e-5f35-4392-ac60-02b125df82ec" testListId="8c84fa94-04c1-424b-9868-57a2d4851a1d" />
    <TestEntry testId="066e5acd-d732-0380-d030-80aabd1a46ae" executionId="3c5c8245-c14f-4971-a41c-78b92b3809cf" testListId="8c84fa94-04c1-424b-9868-57a2d4851a1d" />
    <TestEntry testId="7d7af601-d5b8-8473-4e8c-1728efc4ea22" executionId="0e286f23-9f49-4527-bb1f-9b97d38c536b" testListId="8c84fa94-04c1-424b-9868-57a2d4851a1d" />
    <TestEntry testId="fd6c20eb-525d-6a10-f7aa-e03ceedfe16f" executionId="09e9775e-a44e-46d2-9923-ed69e96eaf17" testListId="8c84fa94-04c1-424b-9868-57a2d4851a1d" />
    <TestEntry testId="3d821c1f-4535-cc22-0441-2178d0438ec5" executionId="bc6030d4-c10d-49df-8313-487ecd6bad0b" testListId="8c84fa94-04c1-424b-9868-57a2d4851a1d" />
    <TestEntry testId="091f89d3-0ed1-30d7-5c4b-fdd3fa0faa90" executionId="247b3626-838b-41dc-88af-cbbce4cdd196" testListId="8c84fa94-04c1-424b-9868-57a2d4851a1d" />
    <TestEntry testId="97365ef3-436d-9c9d-7432-5e36bdfa5b17" executionId="dcd11605-5459-48eb-914a-30c7af92e23e" testListId="8c84fa94-04c1-424b-9868-57a2d4851a1d" />
    <TestEntry testId="373800ba-b828-3141-13f3-14ad92fca915" executionId="39991d72-058e-42bb-ba47-8c8250a7690d" testListId="8c84fa94-04c1-424b-9868-57a2d4851a1d" />
    <TestEntry testId="72df603b-478e-691e-c9b9-cdc0bacfe212" executionId="50dc46a0-76d1-47d8-87ff-8fae31fe0851" testListId="8c84fa94-04c1-424b-9868-57a2d4851a1d" />
    <TestEntry testId="1cb0a1e2-2261-0d1a-ef0f-bcef8b0ea15f" executionId="1125bd2e-442a-4668-907e-4250c2842159" testListId="8c84fa94-04c1-424b-9868-57a2d4851a1d" />
    <TestEntry testId="1fd90ceb-f0d0-1e68-b554-ad1d4ba25e72" executionId="edb0c59b-d669-46fe-a277-89ce018c7a1f" testListId="8c84fa94-04c1-424b-9868-57a2d4851a1d" />
    <TestEntry testId="db91ed9e-0902-7231-b42b-88381c85adcd" executionId="3c722a77-d039-4b5a-b159-9053970bb571" testListId="8c84fa94-04c1-424b-9868-57a2d4851a1d" />
    <TestEntry testId="19cca519-f5a5-3da9-b116-a67ee263cbb4" executionId="cf1ef0a9-0782-4a0a-a997-a04df6411d97" testListId="8c84fa94-04c1-424b-9868-57a2d4851a1d" />
    <TestEntry testId="7c46bf1f-4cc7-0ba7-67e8-52f5cd3c9713" executionId="a935c2a6-acb3-47b5-a96e-2c307ac7dede" testListId="8c84fa94-04c1-424b-9868-57a2d4851a1d" />
    <TestEntry testId="043f3c5a-7887-abdc-d249-173d4b7b8591" executionId="5cc5fa25-f89a-42d0-869f-3539f18af0f8" testListId="8c84fa94-04c1-424b-9868-57a2d4851a1d" />
    <TestEntry testId="f013084a-d4ea-a9f8-357a-4047b1176ab2" executionId="91a39374-f027-4a97-b992-99fac50af124" testListId="8c84fa94-04c1-424b-9868-57a2d4851a1d" />
    <TestEntry testId="282e02e9-49c3-e1d4-f2ea-59cee629a781" executionId="46964cd1-546e-415c-a49e-d5c335bee568" testListId="8c84fa94-04c1-424b-9868-57a2d4851a1d" />
  </TestEntries>
  <Results>
    <UnitTestResult executionId="eceae9cd-9981-4b56-94eb-9ecc9ac02d61" testId="13d9bdf6-60d6-7932-e7f8-0dff2188658f" testName="ConstructorCreatesEmptyQueueTest" computerName="COREY-ASUS" duration="00:00:07.0410408" startTime="2013-04-20T15:41:25.4927292-05:00" endTime="2013-04-20T15:41:33.8232057-05:00" testType="13cdc9d9-ddb5-4fa4-a97d-d965ccfc6d4b" outcome="Failed" testListId="8c84fa94-04c1-424b-9868-57a2d4851a1d" relativeResultsDirectory="eceae9cd-9981-4b56-94eb-9ecc9ac02d61">
      <Output>
        <ErrorInfo>
          <Message>Test method QueueTests.DequeTest.ConstructorCreatesEmptyQueueTest threw exception: 
System.NotImplementedException: The method or operation is not implemented.</Message>
          <StackTrace>    at Assignment_1.Deque.get_IsEmpty() in D:\Documents\Visual Studio 2012\EECS 311 Assignment 1\Assignment 1\Deque.cs:line 74
   at QueueTests.DequeTest.ConstructorCreatesEmptyQueueTest() in D:\Documents\Visual Studio 2012\EECS 311 Assignment 1\QueueTests\DequeTest.cs:line 68
</StackTrace>
        </ErrorInfo>
      </Output>
    </UnitTestResult>
    <UnitTestResult executionId="4a2e4e80-cdc5-44f1-9fd3-197cd1a30a10" testId="49e4a240-89e9-7d60-9a13-7ab7ec646d86" testName="NonEmptyQueueReadsNotEmptyTest" computerName="COREY-ASUS" duration="00:00:00.3048767" startTime="2013-04-20T15:41:33.8342063-05:00" endTime="2013-04-20T15:41:34.1452241-05:00" testType="13cdc9d9-ddb5-4fa4-a97d-d965ccfc6d4b" outcome="Failed" testListId="8c84fa94-04c1-424b-9868-57a2d4851a1d" relativeResultsDirectory="4a2e4e80-cdc5-44f1-9fd3-197cd1a30a10">
      <Output>
        <ErrorInfo>
          <Message>Test method QueueTests.DequeTest.NonEmptyQueueReadsNotEmptyTest threw exception: 
System.NotImplementedException: The method or operation is not implemented.</Message>
          <StackTrace>    at Assignment_1.Deque.AddEnd(Object o) in D:\Documents\Visual Studio 2012\EECS 311 Assignment 1\Assignment 1\Deque.cs:line 41
   at QueueTests.DequeTest.NonEmptyQueueReadsNotEmptyTest() in D:\Documents\Visual Studio 2012\EECS 311 Assignment 1\QueueTests\DequeTest.cs:line 75
</StackTrace>
        </ErrorInfo>
      </Output>
    </UnitTestResult>
    <UnitTestResult executionId="fed10900-544a-4722-9e0d-fb6ce661662f" testId="10d73257-6859-e940-a43d-85dc5f42184c" testName="CountTest" computerName="COREY-ASUS" duration="00:00:00.2759130" startTime="2013-04-20T15:41:34.2632308-05:00" endTime="2013-04-20T15:41:34.5422468-05:00" testType="13cdc9d9-ddb5-4fa4-a97d-d965ccfc6d4b" outcome="Failed" testListId="8c84fa94-04c1-424b-9868-57a2d4851a1d" relativeResultsDirectory="fed10900-544a-4722-9e0d-fb6ce661662f">
      <Output>
        <ErrorInfo>
          <Message>Test method QueueTests.DequeTest.CountTest threw exception: 
System.NotImplementedException: The method or operation is not implemented.</Message>
          <StackTrace>    at Assignment_1.Deque.get_Count() in D:\Documents\Visual Studio 2012\EECS 311 Assignment 1\Assignment 1\Deque.cs:line 62
   at QueueTests.DequeTest.CountTest() in D:\Documents\Visual Studio 2012\EECS 311 Assignment 1\QueueTests\DequeTest.cs:line 92
</StackTrace>
        </ErrorInfo>
      </Output>
    </UnitTestResult>
    <UnitTestResult executionId="3108a2a6-5dd2-4129-afb8-2db8b1ed21c6" testId="cbfdef17-e7f3-e7a4-92ed-bd0caaf2671c" testName="DataOrderPreservedTest" computerName="COREY-ASUS" duration="00:00:00.2544220" startTime="2013-04-20T15:41:34.5482471-05:00" endTime="2013-04-20T15:41:34.8062619-05:00" testType="13cdc9d9-ddb5-4fa4-a97d-d965ccfc6d4b" outcome="Failed" testListId="8c84fa94-04c1-424b-9868-57a2d4851a1d" relativeResultsDirectory="3108a2a6-5dd2-4129-afb8-2db8b1ed21c6">
      <Output>
        <ErrorInfo>
          <Message>Test method QueueTests.DequeTest.DataOrderPreservedTest threw exception: 
System.NotImplementedException: The method or operation is not implemented.</Message>
          <StackTrace>    at Assignment_1.Deque.AddEnd(Object o) in D:\Documents\Visual Studio 2012\EECS 311 Assignment 1\Assignment 1\Deque.cs:line 41
   at QueueTests.DequeTest.DataOrderPreservedTest() in D:\Documents\Visual Studio 2012\EECS 311 Assignment 1\QueueTests\DequeTest.cs:line 108
</StackTrace>
        </ErrorInfo>
      </Output>
    </UnitTestResult>
    <UnitTestResult executionId="710a7917-347b-4829-bee7-7b7e7cfd96b6" testId="03a1b3a6-dd92-af83-792a-b3caa1cfc64e" testName="RemoveFrontOnEmptyQueueThrowsQueueEmptyExceptionTest" computerName="COREY-ASUS" duration="00:00:00.2396765" startTime="2013-04-20T15:41:34.8092621-05:00" endTime="2013-04-20T15:41:35.0522760-05:00" testType="13cdc9d9-ddb5-4fa4-a97d-d965ccfc6d4b" outcome="Failed" testListId="8c84fa94-04c1-424b-9868-57a2d4851a1d" relativeResultsDirectory="710a7917-347b-4829-bee7-7b7e7cfd96b6">
      <Output>
        <ErrorInfo>
          <Message>Test method QueueTests.DequeTest.RemoveFrontOnEmptyQueueThrowsQueueEmptyExceptionTest threw exception System.NotImplementedException, but exception Assignment_1.QueueEmptyException was expected. Exception message: System.NotImplementedException: The method or operation is not implemented.</Message>
          <StackTrace>    at Assignment_1.Deque.RemoveFront() in D:\Documents\Visual Studio 2012\EECS 311 Assignment 1\Assignment 1\Deque.cs:line 31
   at QueueTests.DequeTest.RemoveFrontOnEmptyQueueThrowsQueueEmptyExceptionTest() in D:\Documents\Visual Studio 2012\EECS 311 Assignment 1\QueueTests\DequeTest.cs:line 123
</StackTrace>
        </ErrorInfo>
      </Output>
    </UnitTestResult>
    <UnitTestResult executionId="367c8b5e-5f35-4392-ac60-02b125df82ec" testId="a8009935-515f-8ff9-6f0b-05a4894bf174" testName="NonEmptyQueueWrittenFromFrontReadsNotEmptyTest" computerName="COREY-ASUS" duration="00:00:00.1823363" startTime="2013-04-20T15:41:35.0692769-05:00" endTime="2013-04-20T15:41:35.2552876-05:00" testType="13cdc9d9-ddb5-4fa4-a97d-d965ccfc6d4b" outcome="Failed" testListId="8c84fa94-04c1-424b-9868-57a2d4851a1d" relativeResultsDirectory="367c8b5e-5f35-4392-ac60-02b125df82ec">
      <Output>
        <ErrorInfo>
          <Message>Test method QueueTests.DequeTest.NonEmptyQueueWrittenFromFrontReadsNotEmptyTest threw exception: 
System.NotImplementedException: The method or operation is not implemented.</Message>
          <StackTrace>    at Assignment_1.Deque.AddFront(Object o) in D:\Documents\Visual Studio 2012\EECS 311 Assignment 1\Assignment 1\Deque.cs:line 21
   at QueueTests.DequeTest.NonEmptyQueueWrittenFromFrontReadsNotEmptyTest() in D:\Documents\Visual Studio 2012\EECS 311 Assignment 1\QueueTests\DequeTest.cs:line 131
</StackTrace>
        </ErrorInfo>
      </Output>
    </UnitTestResult>
    <UnitTestResult executionId="3c5c8245-c14f-4971-a41c-78b92b3809cf" testId="066e5acd-d732-0380-d030-80aabd1a46ae" testName="DataOrderPreservedWrittenEndwardTest" computerName="COREY-ASUS" duration="00:00:00.2750540" startTime="2013-04-20T15:41:35.2592878-05:00" endTime="2013-04-20T15:41:35.5383038-05:00" testType="13cdc9d9-ddb5-4fa4-a97d-d965ccfc6d4b" outcome="Failed" testListId="8c84fa94-04c1-424b-9868-57a2d4851a1d" relativeResultsDirectory="3c5c8245-c14f-4971-a41c-78b92b3809cf">
      <Output>
        <ErrorInfo>
          <Message>Test method QueueTests.DequeTest.DataOrderPreservedWrittenEndwardTest threw exception: 
System.NotImplementedException: The method or operation is not implemented.</Message>
          <StackTrace>    at Assignment_1.Deque.AddFront(Object o) in D:\Documents\Visual Studio 2012\EECS 311 Assignment 1\Assignment 1\Deque.cs:line 21
   at QueueTests.DequeTest.DataOrderPreservedWrittenEndwardTest() in D:\Documents\Visual Studio 2012\EECS 311 Assignment 1\QueueTests\DequeTest.cs:line 150
</StackTrace>
        </ErrorInfo>
      </Output>
    </UnitTestResult>
    <UnitTestResult executionId="0e286f23-9f49-4527-bb1f-9b97d38c536b" testId="7d7af601-d5b8-8473-4e8c-1728efc4ea22" testName="RemoveEndOnEmptyQueueThrowsQueueEmptyExceptionTest" computerName="COREY-ASUS" duration="00:00:00.2643601" startTime="2013-04-20T15:41:35.5433041-05:00" endTime="2013-04-20T15:41:35.8113194-05:00" testType="13cdc9d9-ddb5-4fa4-a97d-d965ccfc6d4b" outcome="Failed" testListId="8c84fa94-04c1-424b-9868-57a2d4851a1d" relativeResultsDirectory="0e286f23-9f49-4527-bb1f-9b97d38c536b">
      <Output>
        <ErrorInfo>
          <Message>Test method QueueTests.DequeTest.RemoveEndOnEmptyQueueThrowsQueueEmptyExceptionTest threw exception System.NotImplementedException, but exception Assignment_1.QueueEmptyException was expected. Exception message: System.NotImplementedException: The method or operation is not implemented.</Message>
          <StackTrace>    at Assignment_1.Deque.RemoveEnd() in D:\Documents\Visual Studio 2012\EECS 311 Assignment 1\Assignment 1\Deque.cs:line 51
   at QueueTests.DequeTest.RemoveEndOnEmptyQueueThrowsQueueEmptyExceptionTest() in D:\Documents\Visual Studio 2012\EECS 311 Assignment 1\QueueTests\DequeTest.cs:line 165
</StackTrace>
        </ErrorInfo>
      </Output>
    </UnitTestResult>
    <UnitTestResult executionId="09e9775e-a44e-46d2-9923-ed69e96eaf17" testId="fd6c20eb-525d-6a10-f7aa-e03ceedfe16f" testName="ConstructorCreatesEmptyQueueTest" computerName="COREY-ASUS" duration="00:00:00.2207754" startTime="2013-04-20T15:41:35.8153196-05:00" endTime="2013-04-20T15:41:36.0393324-05:00" testType="13cdc9d9-ddb5-4fa4-a97d-d965ccfc6d4b" outcome="Failed" testListId="8c84fa94-04c1-424b-9868-57a2d4851a1d" relativeResultsDirectory="09e9775e-a44e-46d2-9923-ed69e96eaf17">
      <Output>
        <ErrorInfo>
          <Message>Test method QueueTests.LinkedListQueueTest.ConstructorCreatesEmptyQueueTest threw exception: 
System.NotImplementedException: The method or operation is not implemented.</Message>
          <StackTrace>    at Assignment_1.LinkedListQueue.get_Count() in D:\Documents\Visual Studio 2012\EECS 311 Assignment 1\Assignment 1\LinkedListQueue.cs:line 41
   at Assignment_1.Queue.get_IsEmpty() in D:\Documents\Visual Studio 2012\EECS 311 Assignment 1\Assignment 1\Queue.cs:line 41
   at QueueTests.LinkedListQueueTest.ConstructorCreatesEmptyQueueTest() in D:\Documents\Visual Studio 2012\EECS 311 Assignment 1\QueueTests\LinkedListQueueTest.cs:line 69
</StackTrace>
        </ErrorInfo>
      </Output>
    </UnitTestResult>
    <UnitTestResult executionId="bc6030d4-c10d-49df-8313-487ecd6bad0b" testId="3d821c1f-4535-cc22-0441-2178d0438ec5" testName="ConstructorCreatesNonFullQueueTest" computerName="COREY-ASUS" duration="00:00:00.3047093" startTime="2013-04-20T15:41:36.0433327-05:00" endTime="2013-04-20T15:41:36.3513503-05:00" testType="13cdc9d9-ddb5-4fa4-a97d-d965ccfc6d4b" outcome="Failed" testListId="8c84fa94-04c1-424b-9868-57a2d4851a1d" relativeResultsDirectory="bc6030d4-c10d-49df-8313-487ecd6bad0b">
      <Output>
        <ErrorInfo>
          <Message>Test method QueueTests.LinkedListQueueTest.ConstructorCreatesNonFullQueueTest threw exception: 
System.NotImplementedException: The method or operation is not implemented.</Message>
          <StackTrace>    at Assignment_1.LinkedListQueue.get_IsFull() in D:\Documents\Visual Studio 2012\EECS 311 Assignment 1\Assignment 1\LinkedListQueue.cs:line 55
   at QueueTests.LinkedListQueueTest.ConstructorCreatesNonFullQueueTest() in D:\Documents\Visual Studio 2012\EECS 311 Assignment 1\QueueTests\LinkedListQueueTest.cs:line 76
</StackTrace>
        </ErrorInfo>
      </Output>
    </UnitTestResult>
    <UnitTestResult executionId="247b3626-838b-41dc-88af-cbbce4cdd196" testId="091f89d3-0ed1-30d7-5c4b-fdd3fa0faa90" testName="NonEmptyQueueReadsNotEmptyTest" computerName="COREY-ASUS" duration="00:00:04.2444054" startTime="2013-04-20T15:41:36.3563506-05:00" endTime="2013-04-20T15:41:40.6035935-05:00" testType="13cdc9d9-ddb5-4fa4-a97d-d965ccfc6d4b" outcome="Failed" testListId="8c84fa94-04c1-424b-9868-57a2d4851a1d" relativeResultsDirectory="247b3626-838b-41dc-88af-cbbce4cdd196">
      <Output>
        <ErrorInfo>
          <Message>Test method QueueTests.LinkedListQueueTest.NonEmptyQueueReadsNotEmptyTest threw exception: 
System.NotImplementedException: The method or operation is not implemented.</Message>
          <StackTrace>    at Assignment_1.LinkedListQueue.Enqueue(Object o) in D:\Documents\Visual Studio 2012\EECS 311 Assignment 1\Assignment 1\LinkedListQueue.cs:line 20
   at QueueTests.LinkedListQueueTest.NonEmptyQueueReadsNotEmptyTest() in D:\Documents\Visual Studio 2012\EECS 311 Assignment 1\QueueTests\LinkedListQueueTest.cs:line 83
</StackTrace>
        </ErrorInfo>
      </Output>
    </UnitTestResult>
    <UnitTestResult executionId="dcd11605-5459-48eb-914a-30c7af92e23e" testId="97365ef3-436d-9c9d-7432-5e36bdfa5b17" testName="CountTest" computerName="COREY-ASUS" duration="00:00:01.2245909" startTime="2013-04-20T15:41:40.6075937-05:00" endTime="2013-04-20T15:41:41.8356640-05:00" testType="13cdc9d9-ddb5-4fa4-a97d-d965ccfc6d4b" outcome="Failed" testListId="8c84fa94-04c1-424b-9868-57a2d4851a1d" relativeResultsDirectory="dcd11605-5459-48eb-914a-30c7af92e23e">
      <Output>
        <ErrorInfo>
          <Message>Test method QueueTests.LinkedListQueueTest.CountTest threw exception: 
System.NotImplementedException: The method or operation is not implemented.</Message>
          <StackTrace>    at Assignment_1.LinkedListQueue.get_Count() in D:\Documents\Visual Studio 2012\EECS 311 Assignment 1\Assignment 1\LinkedListQueue.cs:line 41
   at QueueTests.LinkedListQueueTest.CountTest() in D:\Documents\Visual Studio 2012\EECS 311 Assignment 1\QueueTests\LinkedListQueueTest.cs:line 100
</StackTrace>
        </ErrorInfo>
      </Output>
    </UnitTestResult>
    <UnitTestResult executionId="39991d72-058e-42bb-ba47-8c8250a7690d" testId="373800ba-b828-3141-13f3-14ad92fca915" testName="DataOrderPreservedTest" computerName="COREY-ASUS" duration="00:00:01.8620671" startTime="2013-04-20T15:41:41.8476646-05:00" endTime="2013-04-20T15:41:43.7137714-05:00" testType="13cdc9d9-ddb5-4fa4-a97d-d965ccfc6d4b" outcome="Failed" testListId="8c84fa94-04c1-424b-9868-57a2d4851a1d" relativeResultsDirectory="39991d72-058e-42bb-ba47-8c8250a7690d">
      <Output>
        <ErrorInfo>
          <Message>Test method QueueTests.LinkedListQueueTest.DataOrderPreservedTest threw exception: 
System.NotImplementedException: The method or operation is not implemented.</Message>
          <StackTrace>    at Assignment_1.LinkedListQueue.Enqueue(Object o) in D:\Documents\Visual Studio 2012\EECS 311 Assignment 1\Assignment 1\LinkedListQueue.cs:line 20
   at QueueTests.LinkedListQueueTest.DataOrderPreservedTest() in D:\Documents\Visual Studio 2012\EECS 311 Assignment 1\QueueTests\LinkedListQueueTest.cs:line 116
</StackTrace>
        </ErrorInfo>
      </Output>
    </UnitTestResult>
    <UnitTestResult executionId="50dc46a0-76d1-47d8-87ff-8fae31fe0851" testId="72df603b-478e-691e-c9b9-cdc0bacfe212" testName="DequeueOnEmptyQueueThrowsQueueEmptyExceptionTest" computerName="COREY-ASUS" duration="00:00:00.7904486" startTime="2013-04-20T15:41:43.7177716-05:00" endTime="2013-04-20T15:41:44.5118170-05:00" testType="13cdc9d9-ddb5-4fa4-a97d-d965ccfc6d4b" outcome="Failed" testListId="8c84fa94-04c1-424b-9868-57a2d4851a1d" relativeResultsDirectory="50dc46a0-76d1-47d8-87ff-8fae31fe0851">
      <Output>
        <ErrorInfo>
          <Message>Test method QueueTests.LinkedListQueueTest.DequeueOnEmptyQueueThrowsQueueEmptyExceptionTest threw exception System.NotImplementedException, but exception Assignment_1.QueueEmptyException was expected. Exception message: System.NotImplementedException: The method or operation is not implemented.</Message>
          <StackTrace>    at Assignment_1.LinkedListQueue.Dequeue() in D:\Documents\Visual Studio 2012\EECS 311 Assignment 1\Assignment 1\LinkedListQueue.cs:line 30
   at QueueTests.LinkedListQueueTest.DequeueOnEmptyQueueThrowsQueueEmptyExceptionTest() in D:\Documents\Visual Studio 2012\EECS 311 Assignment 1\QueueTests\LinkedListQueueTest.cs:line 131
</StackTrace>
        </ErrorInfo>
      </Output>
    </UnitTestResult>
    <UnitTestResult executionId="1125bd2e-442a-4668-907e-4250c2842159" testId="1cb0a1e2-2261-0d1a-ef0f-bcef8b0ea15f" testName="ConstructorCreatesEmptyQueueTest" computerName="COREY-ASUS" duration="00:00:00.0006072" startTime="2013-04-20T15:41:44.5158173-05:00" endTime="2013-04-20T15:41:44.5198175-05:00" testType="13cdc9d9-ddb5-4fa4-a97d-d965ccfc6d4b" outcome="Passed" testListId="8c84fa94-04c1-424b-9868-57a2d4851a1d" relativeResultsDirectory="1125bd2e-442a-4668-907e-4250c2842159">
    </UnitTestResult>
    <UnitTestResult executionId="edb0c59b-d669-46fe-a277-89ce018c7a1f" testId="1fd90ceb-f0d0-1e68-b554-ad1d4ba25e72" testName="ConstructorCreatesNonFullQueueTest" computerName="COREY-ASUS" duration="00:00:00.0003230" startTime="2013-04-20T15:41:44.5238177-05:00" endTime="2013-04-20T15:41:44.5278179-05:00" testType="13cdc9d9-ddb5-4fa4-a97d-d965ccfc6d4b" outcome="Passed" testListId="8c84fa94-04c1-424b-9868-57a2d4851a1d" relativeResultsDirectory="edb0c59b-d669-46fe-a277-89ce018c7a1f">
    </UnitTestResult>
    <UnitTestResult executionId="3c722a77-d039-4b5a-b159-9053970bb571" testId="db91ed9e-0902-7231-b42b-88381c85adcd" testName="QueueEventuallyFillsText" computerName="COREY-ASUS" duration="00:00:00.0004029" startTime="2013-04-20T15:41:44.5308181-05:00" endTime="2013-04-20T15:41:44.5338183-05:00" testType="13cdc9d9-ddb5-4fa4-a97d-d965ccfc6d4b" outcome="Passed" testListId="8c84fa94-04c1-424b-9868-57a2d4851a1d" relativeResultsDirectory="3c722a77-d039-4b5a-b159-9053970bb571">
    </UnitTestResult>
    <UnitTestResult executionId="cf1ef0a9-0782-4a0a-a997-a04df6411d97" testId="19cca519-f5a5-3da9-b116-a67ee263cbb4" testName="NonEmptyQueueReadsNotEmptyTest" computerName="COREY-ASUS" duration="00:00:00.0002940" startTime="2013-04-20T15:41:44.5388186-05:00" endTime="2013-04-20T15:41:44.5418187-05:00" testType="13cdc9d9-ddb5-4fa4-a97d-d965ccfc6d4b" outcome="Passed" testListId="8c84fa94-04c1-424b-9868-57a2d4851a1d" relativeResultsDirectory="cf1ef0a9-0782-4a0a-a997-a04df6411d97">
    </UnitTestResult>
    <UnitTestResult executionId="a935c2a6-acb3-47b5-a96e-2c307ac7dede" testId="7c46bf1f-4cc7-0ba7-67e8-52f5cd3c9713" testName="EnqueueToFullQueueThrowsQueueFullExceptionTest" computerName="COREY-ASUS" duration="00:00:11.4323320" startTime="2013-04-20T15:41:44.5658201-05:00" endTime="2013-04-20T15:41:56.0014742-05:00" testType="13cdc9d9-ddb5-4fa4-a97d-d965ccfc6d4b" outcome="Passed" testListId="8c84fa94-04c1-424b-9868-57a2d4851a1d" relativeResultsDirectory="a935c2a6-acb3-47b5-a96e-2c307ac7dede">
    </UnitTestResult>
    <UnitTestResult executionId="5cc5fa25-f89a-42d0-869f-3539f18af0f8" testId="043f3c5a-7887-abdc-d249-173d4b7b8591" testName="CountTest" computerName="COREY-ASUS" duration="00:00:00.0009522" startTime="2013-04-20T15:41:56.0124748-05:00" endTime="2013-04-20T15:41:56.0174751-05:00" testType="13cdc9d9-ddb5-4fa4-a97d-d965ccfc6d4b" outcome="Passed" testListId="8c84fa94-04c1-424b-9868-57a2d4851a1d" relativeResultsDirectory="5cc5fa25-f89a-42d0-869f-3539f18af0f8">
    </UnitTestResult>
    <UnitTestResult executionId="91a39374-f027-4a97-b992-99fac50af124" testId="f013084a-d4ea-a9f8-357a-4047b1176ab2" testName="DataOrderPreservedTest" computerName="COREY-ASUS" duration="00:00:02.6865274" startTime="2013-04-20T15:41:56.0784786-05:00" endTime="2013-04-20T15:41:58.7686325-05:00" testType="13cdc9d9-ddb5-4fa4-a97d-d965ccfc6d4b" outcome="Failed" testListId="8c84fa94-04c1-424b-9868-57a2d4851a1d" relativeResultsDirectory="91a39374-f027-4a97-b992-99fac50af124">
      <Output>
        <ErrorInfo>
          <Message>Test method QueueTests.ArrayQueueTest.DataOrderPreservedTest threw exception: 
Assignment_1.QueueFullException: Attempt to add to a full queue</Message>
          <StackTrace>    at Assignment_1.ArrayQueue.Enqueue(Object o) in D:\Documents\Visual Studio 2012\EECS 311 Assignment 1\Assignment 1\ArrayQueue.cs:line 30
   at QueueTests.ArrayQueueTest.DataOrderPreservedTest() in D:\Documents\Visual Studio 2012\EECS 311 Assignment 1\QueueTests\ArrayQueueTest.cs:line 139
</StackTrace>
        </ErrorInfo>
      </Output>
    </UnitTestResult>
    <UnitTestResult executionId="46964cd1-546e-415c-a49e-d5c335bee568" testId="282e02e9-49c3-e1d4-f2ea-59cee629a781" testName="DequeueOnEmptyQueueThrowsQueueEmptyExceptionTest" computerName="COREY-ASUS" duration="00:00:04.2155154" startTime="2013-04-20T15:41:58.7936339-05:00" endTime="2013-04-20T15:42:03.0138753-05:00" testType="13cdc9d9-ddb5-4fa4-a97d-d965ccfc6d4b" outcome="Passed" testListId="8c84fa94-04c1-424b-9868-57a2d4851a1d" relativeResultsDirectory="46964cd1-546e-415c-a49e-d5c335bee568">
    </UnitTestResult>
  </Results>
</TestRun>