<?xml version="1.0" encoding="UTF-8"?>
<TestRun id="0dea79be-2efd-494f-9081-9f95e5f8c7e4" name="Corey@COREY-ASUS 2013-05-09 22:05:07" runUser="Corey-ASUS\Corey" xmlns="http://microsoft.com/schemas/VisualStudio/TeamTest/2010">
  <TestSettings name="Local" id="4086bb99-4879-4a3b-8a59-bbea98ebebc6">
    <Description>These are default test settings for a local test run.</Description>
    <Deployment enabled="false" runDeploymentRoot="Corey_COREY-ASUS 2013-05-09 22_05_07">
      <DeploymentItem filename="D:\Documents\Visual Studio 2012\EECS-311 Assignment 4\HappyFunBlob\bin\x86\Debug\HappyFunBlob.exe" />
    </Deployment>
    <Execution>
      <TestTypeSpecific />
      <AgentRule name="Execution Agents">
      </AgentRule>
    </Execution>
  </TestSettings>
  <Times creation="2013-05-09T22:05:07.6130645-05:00" queuing="2013-05-09T22:05:07.6980693-05:00" start="2013-05-09T22:05:07.7230707-05:00" finish="2013-05-09T22:05:08.0730908-05:00" />
  <ResultSummary outcome="Failed">
    <Counters total="18" executed="18" passed="12" error="0" failed="6" timeout="0" aborted="0" inconclusive="0" passedButRunAborted="0" notRunnable="0" notExecuted="0" disconnected="0" warning="0" completed="0" inProgress="0" pending="0" />
  </ResultSummary>
  <TestDefinitions>
    <UnitTest name="OpenHTCountTest" storage="d:\documents\visual studio 2012\eecs-311 assignment 4\tests\bin\debug\tests.dll" id="e1e81ca3-826b-3286-bf15-706298b51fdd">
      <Execution id="cf30d2c0-ea4b-4d51-9b4f-09391149621d" />
      <TestMethod codeBase="D:/Documents/Visual Studio 2012/EECS-311 Assignment 4/Tests/bin/Debug/Tests.DLL" adapterTypeName="Microsoft.VisualStudio.TestTools.TestTypes.Unit.UnitTestAdapter, Microsoft.VisualStudio.QualityTools.Tips.UnitTest.Adapter, Version=10.0.0.0, Culture=neutral, PublicKeyToken=b03f5f7f11d50a3a" className="Tests.OpenAddressedHashtableTest, Tests, Version=1.0.0.0, Culture=neutral, PublicKeyToken=null" name="OpenHTCountTest" />
    </UnitTest>
    <UnitTest name="OpenHTStoreOverwriteTest" storage="d:\documents\visual studio 2012\eecs-311 assignment 4\tests\bin\debug\tests.dll" id="c7ba8f42-0ec1-9118-d9bb-e81b4295e097">
      <Execution id="735b5774-9d8d-44e0-91fe-469198ae15b2" />
      <TestMethod codeBase="D:/Documents/Visual Studio 2012/EECS-311 Assignment 4/Tests/bin/Debug/Tests.DLL" adapterTypeName="Microsoft.VisualStudio.TestTools.TestTypes.Unit.UnitTestAdapter, Microsoft.VisualStudio.QualityTools.Tips.UnitTest.Adapter, Version=10.0.0.0, Culture=neutral, PublicKeyToken=b03f5f7f11d50a3a" className="Tests.OpenAddressedHashtableTest, Tests, Version=1.0.0.0, Culture=neutral, PublicKeyToken=null" name="OpenHTStoreOverwriteTest" />
    </UnitTest>
    <UnitTest name="ChainedHashtableConstructorTest" storage="d:\documents\visual studio 2012\eecs-311 assignment 4\tests\bin\debug\tests.dll" id="b7f32841-9164-ff19-cb23-03474a5b68f2">
      <Execution id="3422d282-e1b7-468a-bc41-d0f5d84d4fde" />
      <TestMethod codeBase="D:/Documents/Visual Studio 2012/EECS-311 Assignment 4/Tests/bin/Debug/Tests.DLL" adapterTypeName="Microsoft.VisualStudio.TestTools.TestTypes.Unit.UnitTestAdapter, Microsoft.VisualStudio.QualityTools.Tips.UnitTest.Adapter, Version=10.0.0.0, Culture=neutral, PublicKeyToken=b03f5f7f11d50a3a" className="Tests.ChainedHashtableTest, Tests, Version=1.0.0.0, Culture=neutral, PublicKeyToken=null" name="ChainedHashtableConstructorTest" />
    </UnitTest>
    <UnitTest name="ChainedHashtableParentTest" storage="d:\documents\visual studio 2012\eecs-311 assignment 4\tests\bin\debug\tests.dll" id="77f92430-e15d-1805-2a5f-3bac8352d656">
      <Execution id="105e2ed0-67b5-416a-8df5-3c4cbd0acf3d" />
      <TestMethod codeBase="D:/Documents/Visual Studio 2012/EECS-311 Assignment 4/Tests/bin/Debug/Tests.DLL" adapterTypeName="Microsoft.VisualStudio.TestTools.TestTypes.Unit.UnitTestAdapter, Microsoft.VisualStudio.QualityTools.Tips.UnitTest.Adapter, Version=10.0.0.0, Culture=neutral, PublicKeyToken=b03f5f7f11d50a3a" className="Tests.ChainedHashtableTest, Tests, Version=1.0.0.0, Culture=neutral, PublicKeyToken=null" name="ChainedHashtableParentTest" />
    </UnitTest>
    <UnitTest name="OpenHTLookupThrowsDictionaryNotFoundExceptionTest" storage="d:\documents\visual studio 2012\eecs-311 assignment 4\tests\bin\debug\tests.dll" id="d1ac431c-9b5d-62c2-4a87-7869fa50817e">
      <Execution id="bec1b813-0115-4697-a162-ce612761bfc5" />
      <TestMethod codeBase="D:/Documents/Visual Studio 2012/EECS-311 Assignment 4/Tests/bin/Debug/Tests.DLL" adapterTypeName="Microsoft.VisualStudio.TestTools.TestTypes.Unit.UnitTestAdapter, Microsoft.VisualStudio.QualityTools.Tips.UnitTest.Adapter, Version=10.0.0.0, Culture=neutral, PublicKeyToken=b03f5f7f11d50a3a" className="Tests.OpenAddressedHashtableTest, Tests, Version=1.0.0.0, Culture=neutral, PublicKeyToken=null" name="OpenHTLookupThrowsDictionaryNotFoundExceptionTest" />
    </UnitTest>
    <UnitTest name="LDCountTest" storage="d:\documents\visual studio 2012\eecs-311 assignment 4\tests\bin\debug\tests.dll" id="3173ec7c-8657-cbfa-7b23-73980f4cefc5">
      <Execution id="2d07371c-4f32-4d20-bfc7-cd38ae31220b" />
      <TestMethod codeBase="D:/Documents/Visual Studio 2012/EECS-311 Assignment 4/Tests/bin/Debug/Tests.DLL" adapterTypeName="Microsoft.VisualStudio.TestTools.TestTypes.Unit.UnitTestAdapter, Microsoft.VisualStudio.QualityTools.Tips.UnitTest.Adapter, Version=10.0.0.0, Culture=neutral, PublicKeyToken=b03f5f7f11d50a3a" className="DictionaryTests.ListDictionaryTest, Tests, Version=1.0.0.0, Culture=neutral, PublicKeyToken=null" name="LDCountTest" />
    </UnitTest>
    <UnitTest name="OpenAddressedHashtableParentTest" storage="d:\documents\visual studio 2012\eecs-311 assignment 4\tests\bin\debug\tests.dll" id="396f85f9-d3a1-d602-2d10-d3e11e085d0a">
      <Execution id="1c42e751-324a-4b08-b08d-0d6a8caffffc" />
      <TestMethod codeBase="D:/Documents/Visual Studio 2012/EECS-311 Assignment 4/Tests/bin/Debug/Tests.DLL" adapterTypeName="Microsoft.VisualStudio.TestTools.TestTypes.Unit.UnitTestAdapter, Microsoft.VisualStudio.QualityTools.Tips.UnitTest.Adapter, Version=10.0.0.0, Culture=neutral, PublicKeyToken=b03f5f7f11d50a3a" className="Tests.OpenAddressedHashtableTest, Tests, Version=1.0.0.0, Culture=neutral, PublicKeyToken=null" name="OpenAddressedHashtableParentTest" />
    </UnitTest>
    <UnitTest name="ListDictionaryConstructorTest" storage="d:\documents\visual studio 2012\eecs-311 assignment 4\tests\bin\debug\tests.dll" id="d354d05d-5a14-6853-83aa-d07785f73845">
      <Execution id="1f7548ca-d246-4a0f-81b1-114caa4e2b9e" />
      <TestMethod codeBase="D:/Documents/Visual Studio 2012/EECS-311 Assignment 4/Tests/bin/Debug/Tests.DLL" adapterTypeName="Microsoft.VisualStudio.TestTools.TestTypes.Unit.UnitTestAdapter, Microsoft.VisualStudio.QualityTools.Tips.UnitTest.Adapter, Version=10.0.0.0, Culture=neutral, PublicKeyToken=b03f5f7f11d50a3a" className="DictionaryTests.ListDictionaryTest, Tests, Version=1.0.0.0, Culture=neutral, PublicKeyToken=null" name="ListDictionaryConstructorTest" />
    </UnitTest>
    <UnitTest name="ChainedHTLookupThrowsDictionaryNotFoundExceptionTest" storage="d:\documents\visual studio 2012\eecs-311 assignment 4\tests\bin\debug\tests.dll" id="e574ba46-8e58-1576-7c9a-4a505f9c4e46">
      <Execution id="d89a2fde-f35d-4723-80b9-48e389163bc4" />
      <TestMethod codeBase="D:/Documents/Visual Studio 2012/EECS-311 Assignment 4/Tests/bin/Debug/Tests.DLL" adapterTypeName="Microsoft.VisualStudio.TestTools.TestTypes.Unit.UnitTestAdapter, Microsoft.VisualStudio.QualityTools.Tips.UnitTest.Adapter, Version=10.0.0.0, Culture=neutral, PublicKeyToken=b03f5f7f11d50a3a" className="Tests.ChainedHashtableTest, Tests, Version=1.0.0.0, Culture=neutral, PublicKeyToken=null" name="ChainedHTLookupThrowsDictionaryNotFoundExceptionTest" />
    </UnitTest>
    <UnitTest name="LDStoreAndLookupTest" storage="d:\documents\visual studio 2012\eecs-311 assignment 4\tests\bin\debug\tests.dll" id="edc32e9c-1d9d-f859-e9bd-6fe889c0416d">
      <Execution id="85e70825-a55a-42c3-b7f3-049f95aae81b" />
      <TestMethod codeBase="D:/Documents/Visual Studio 2012/EECS-311 Assignment 4/Tests/bin/Debug/Tests.DLL" adapterTypeName="Microsoft.VisualStudio.TestTools.TestTypes.Unit.UnitTestAdapter, Microsoft.VisualStudio.QualityTools.Tips.UnitTest.Adapter, Version=10.0.0.0, Culture=neutral, PublicKeyToken=b03f5f7f11d50a3a" className="DictionaryTests.ListDictionaryTest, Tests, Version=1.0.0.0, Culture=neutral, PublicKeyToken=null" name="LDStoreAndLookupTest" />
    </UnitTest>
    <UnitTest name="OpenHTOverflowThrowsHashtableFullExceptionTest" storage="d:\documents\visual studio 2012\eecs-311 assignment 4\tests\bin\debug\tests.dll" id="6acd591f-d4d7-26f6-6464-9cb81148900b">
      <Execution id="f8091448-8f9e-4a8a-b73a-8b50482a9546" />
      <TestMethod codeBase="D:/Documents/Visual Studio 2012/EECS-311 Assignment 4/Tests/bin/Debug/Tests.DLL" adapterTypeName="Microsoft.VisualStudio.TestTools.TestTypes.Unit.UnitTestAdapter, Microsoft.VisualStudio.QualityTools.Tips.UnitTest.Adapter, Version=10.0.0.0, Culture=neutral, PublicKeyToken=b03f5f7f11d50a3a" className="Tests.OpenAddressedHashtableTest, Tests, Version=1.0.0.0, Culture=neutral, PublicKeyToken=null" name="OpenHTOverflowThrowsHashtableFullExceptionTest" />
    </UnitTest>
    <UnitTest name="ChainedHTStoreOverwriteTest" storage="d:\documents\visual studio 2012\eecs-311 assignment 4\tests\bin\debug\tests.dll" id="9249a21f-90aa-8e95-edbf-7a2477a28138">
      <Execution id="c0595478-cb11-47e0-8940-c2ccf9749972" />
      <TestMethod codeBase="D:/Documents/Visual Studio 2012/EECS-311 Assignment 4/Tests/bin/Debug/Tests.DLL" adapterTypeName="Microsoft.VisualStudio.TestTools.TestTypes.Unit.UnitTestAdapter, Microsoft.VisualStudio.QualityTools.Tips.UnitTest.Adapter, Version=10.0.0.0, Culture=neutral, PublicKeyToken=b03f5f7f11d50a3a" className="Tests.ChainedHashtableTest, Tests, Version=1.0.0.0, Culture=neutral, PublicKeyToken=null" name="ChainedHTStoreOverwriteTest" />
    </UnitTest>
    <UnitTest name="ChainedHTCountTest" storage="d:\documents\visual studio 2012\eecs-311 assignment 4\tests\bin\debug\tests.dll" id="bb5e8172-c68a-e1e2-cf9f-78e491bcbf2e">
      <Execution id="ac9b4fdc-ecfe-430e-9b00-ff7009edf09a" />
      <TestMethod codeBase="D:/Documents/Visual Studio 2012/EECS-311 Assignment 4/Tests/bin/Debug/Tests.DLL" adapterTypeName="Microsoft.VisualStudio.TestTools.TestTypes.Unit.UnitTestAdapter, Microsoft.VisualStudio.QualityTools.Tips.UnitTest.Adapter, Version=10.0.0.0, Culture=neutral, PublicKeyToken=b03f5f7f11d50a3a" className="Tests.ChainedHashtableTest, Tests, Version=1.0.0.0, Culture=neutral, PublicKeyToken=null" name="ChainedHTCountTest" />
    </UnitTest>
    <UnitTest name="OpenAddressedHashtableConstructorTest" storage="d:\documents\visual studio 2012\eecs-311 assignment 4\tests\bin\debug\tests.dll" id="f58fbbb2-c088-fc25-febb-1f85ba59f24c">
      <Execution id="e96443de-d4bb-4543-b3e1-65bf73119802" />
      <TestMethod codeBase="D:/Documents/Visual Studio 2012/EECS-311 Assignment 4/Tests/bin/Debug/Tests.DLL" adapterTypeName="Microsoft.VisualStudio.TestTools.TestTypes.Unit.UnitTestAdapter, Microsoft.VisualStudio.QualityTools.Tips.UnitTest.Adapter, Version=10.0.0.0, Culture=neutral, PublicKeyToken=b03f5f7f11d50a3a" className="Tests.OpenAddressedHashtableTest, Tests, Version=1.0.0.0, Culture=neutral, PublicKeyToken=null" name="OpenAddressedHashtableConstructorTest" />
    </UnitTest>
    <UnitTest name="LDStoreOverwriteTest" storage="d:\documents\visual studio 2012\eecs-311 assignment 4\tests\bin\debug\tests.dll" id="9568328b-2cfe-4270-7887-6945be150cfd">
      <Execution id="3b847c9f-f464-48a0-9fc6-0e66db629f15" />
      <TestMethod codeBase="D:/Documents/Visual Studio 2012/EECS-311 Assignment 4/Tests/bin/Debug/Tests.DLL" adapterTypeName="Microsoft.VisualStudio.TestTools.TestTypes.Unit.UnitTestAdapter, Microsoft.VisualStudio.QualityTools.Tips.UnitTest.Adapter, Version=10.0.0.0, Culture=neutral, PublicKeyToken=b03f5f7f11d50a3a" className="DictionaryTests.ListDictionaryTest, Tests, Version=1.0.0.0, Culture=neutral, PublicKeyToken=null" name="LDStoreOverwriteTest" />
    </UnitTest>
    <UnitTest name="LDLookupThrowsDictionaryNotFoundExceptionTest" storage="d:\documents\visual studio 2012\eecs-311 assignment 4\tests\bin\debug\tests.dll" id="372d763a-4db8-c506-ed45-3a0f1efa9472">
      <Execution id="ef9eadee-0ac9-42f9-8cbe-dfc086bcfd0c" />
      <TestMethod codeBase="D:/Documents/Visual Studio 2012/EECS-311 Assignment 4/Tests/bin/Debug/Tests.DLL" adapterTypeName="Microsoft.VisualStudio.TestTools.TestTypes.Unit.UnitTestAdapter, Microsoft.VisualStudio.QualityTools.Tips.UnitTest.Adapter, Version=10.0.0.0, Culture=neutral, PublicKeyToken=b03f5f7f11d50a3a" className="DictionaryTests.ListDictionaryTest, Tests, Version=1.0.0.0, Culture=neutral, PublicKeyToken=null" name="LDLookupThrowsDictionaryNotFoundExceptionTest" />
    </UnitTest>
    <UnitTest name="ChainedHTStoreAndLookupTest" storage="d:\documents\visual studio 2012\eecs-311 assignment 4\tests\bin\debug\tests.dll" id="92a56d21-7b45-c992-2814-b0dff9b5ca00">
      <Execution id="e427e47d-80d8-455b-b8e3-df56fd51b3c6" />
      <TestMethod codeBase="D:/Documents/Visual Studio 2012/EECS-311 Assignment 4/Tests/bin/Debug/Tests.DLL" adapterTypeName="Microsoft.VisualStudio.TestTools.TestTypes.Unit.UnitTestAdapter, Microsoft.VisualStudio.QualityTools.Tips.UnitTest.Adapter, Version=10.0.0.0, Culture=neutral, PublicKeyToken=b03f5f7f11d50a3a" className="Tests.ChainedHashtableTest, Tests, Version=1.0.0.0, Culture=neutral, PublicKeyToken=null" name="ChainedHTStoreAndLookupTest" />
    </UnitTest>
    <UnitTest name="OpenHTStoreAndLookupTest" storage="d:\documents\visual studio 2012\eecs-311 assignment 4\tests\bin\debug\tests.dll" id="a2571d66-825b-577c-328f-a9d27c85a47e">
      <Execution id="0951af6c-683e-4b1d-a0bd-a71444e734a7" />
      <TestMethod codeBase="D:/Documents/Visual Studio 2012/EECS-311 Assignment 4/Tests/bin/Debug/Tests.DLL" adapterTypeName="Microsoft.VisualStudio.TestTools.TestTypes.Unit.UnitTestAdapter, Microsoft.VisualStudio.QualityTools.Tips.UnitTest.Adapter, Version=10.0.0.0, Culture=neutral, PublicKeyToken=b03f5f7f11d50a3a" className="Tests.OpenAddressedHashtableTest, Tests, Version=1.0.0.0, Culture=neutral, PublicKeyToken=null" name="OpenHTStoreAndLookupTest" />
    </UnitTest>
  </TestDefinitions>
  <TestLists>
    <TestList name="Results Not in a List" id="8c84fa94-04c1-424b-9868-57a2d4851a1d" />
    <TestList name="All Loaded Results" id="19431567-8539-422a-85d7-44ee4e166bda" />
  </TestLists>
  <TestEntries>
    <TestEntry testId="3173ec7c-8657-cbfa-7b23-73980f4cefc5" executionId="2d07371c-4f32-4d20-bfc7-cd38ae31220b" testListId="8c84fa94-04c1-424b-9868-57a2d4851a1d" />
    <TestEntry testId="372d763a-4db8-c506-ed45-3a0f1efa9472" executionId="ef9eadee-0ac9-42f9-8cbe-dfc086bcfd0c" testListId="8c84fa94-04c1-424b-9868-57a2d4851a1d" />
    <TestEntry testId="396f85f9-d3a1-d602-2d10-d3e11e085d0a" executionId="1c42e751-324a-4b08-b08d-0d6a8caffffc" testListId="8c84fa94-04c1-424b-9868-57a2d4851a1d" />
    <TestEntry testId="6acd591f-d4d7-26f6-6464-9cb81148900b" executionId="f8091448-8f9e-4a8a-b73a-8b50482a9546" testListId="8c84fa94-04c1-424b-9868-57a2d4851a1d" />
    <TestEntry testId="77f92430-e15d-1805-2a5f-3bac8352d656" executionId="105e2ed0-67b5-416a-8df5-3c4cbd0acf3d" testListId="8c84fa94-04c1-424b-9868-57a2d4851a1d" />
    <TestEntry testId="9249a21f-90aa-8e95-edbf-7a2477a28138" executionId="c0595478-cb11-47e0-8940-c2ccf9749972" testListId="8c84fa94-04c1-424b-9868-57a2d4851a1d" />
    <TestEntry testId="92a56d21-7b45-c992-2814-b0dff9b5ca00" executionId="e427e47d-80d8-455b-b8e3-df56fd51b3c6" testListId="8c84fa94-04c1-424b-9868-57a2d4851a1d" />
    <TestEntry testId="9568328b-2cfe-4270-7887-6945be150cfd" executionId="3b847c9f-f464-48a0-9fc6-0e66db629f15" testListId="8c84fa94-04c1-424b-9868-57a2d4851a1d" />
    <TestEntry testId="a2571d66-825b-577c-328f-a9d27c85a47e" executionId="0951af6c-683e-4b1d-a0bd-a71444e734a7" testListId="8c84fa94-04c1-424b-9868-57a2d4851a1d" />
    <TestEntry testId="b7f32841-9164-ff19-cb23-03474a5b68f2" executionId="3422d282-e1b7-468a-bc41-d0f5d84d4fde" testListId="8c84fa94-04c1-424b-9868-57a2d4851a1d" />
    <TestEntry testId="bb5e8172-c68a-e1e2-cf9f-78e491bcbf2e" executionId="ac9b4fdc-ecfe-430e-9b00-ff7009edf09a" testListId="8c84fa94-04c1-424b-9868-57a2d4851a1d" />
    <TestEntry testId="c7ba8f42-0ec1-9118-d9bb-e81b4295e097" executionId="735b5774-9d8d-44e0-91fe-469198ae15b2" testListId="8c84fa94-04c1-424b-9868-57a2d4851a1d" />
    <TestEntry testId="d1ac431c-9b5d-62c2-4a87-7869fa50817e" executionId="bec1b813-0115-4697-a162-ce612761bfc5" testListId="8c84fa94-04c1-424b-9868-57a2d4851a1d" />
    <TestEntry testId="d354d05d-5a14-6853-83aa-d07785f73845" executionId="1f7548ca-d246-4a0f-81b1-114caa4e2b9e" testListId="8c84fa94-04c1-424b-9868-57a2d4851a1d" />
    <TestEntry testId="e1e81ca3-826b-3286-bf15-706298b51fdd" executionId="cf30d2c0-ea4b-4d51-9b4f-09391149621d" testListId="8c84fa94-04c1-424b-9868-57a2d4851a1d" />
    <TestEntry testId="e574ba46-8e58-1576-7c9a-4a505f9c4e46" executionId="d89a2fde-f35d-4723-80b9-48e389163bc4" testListId="8c84fa94-04c1-424b-9868-57a2d4851a1d" />
    <TestEntry testId="edc32e9c-1d9d-f859-e9bd-6fe889c0416d" executionId="85e70825-a55a-42c3-b7f3-049f95aae81b" testListId="8c84fa94-04c1-424b-9868-57a2d4851a1d" />
    <TestEntry testId="f58fbbb2-c088-fc25-febb-1f85ba59f24c" executionId="e96443de-d4bb-4543-b3e1-65bf73119802" testListId="8c84fa94-04c1-424b-9868-57a2d4851a1d" />
  </TestEntries>
  <Results>
    <UnitTestResult executionId="2d07371c-4f32-4d20-bfc7-cd38ae31220b" testId="3173ec7c-8657-cbfa-7b23-73980f4cefc5" testName="LDCountTest" computerName="COREY-ASUS" duration="00:00:00.0107058" startTime="2013-05-09T22:05:07.7300711-05:00" endTime="2013-05-09T22:05:07.9320827-05:00" testType="13cdc9d9-ddb5-4fa4-a97d-d965ccfc6d4b" outcome="Passed" testListId="8c84fa94-04c1-424b-9868-57a2d4851a1d" relativeResultsDirectory="2d07371c-4f32-4d20-bfc7-cd38ae31220b">
    </UnitTestResult>
    <UnitTestResult executionId="ef9eadee-0ac9-42f9-8cbe-dfc086bcfd0c" testId="372d763a-4db8-c506-ed45-3a0f1efa9472" testName="LDLookupThrowsDictionaryNotFoundExceptionTest" computerName="COREY-ASUS" duration="00:00:00.0030262" startTime="2013-05-09T22:05:07.9340828-05:00" endTime="2013-05-09T22:05:07.9410832-05:00" testType="13cdc9d9-ddb5-4fa4-a97d-d965ccfc6d4b" outcome="Passed" testListId="8c84fa94-04c1-424b-9868-57a2d4851a1d" relativeResultsDirectory="ef9eadee-0ac9-42f9-8cbe-dfc086bcfd0c">
    </UnitTestResult>
    <UnitTestResult executionId="1c42e751-324a-4b08-b08d-0d6a8caffffc" testId="396f85f9-d3a1-d602-2d10-d3e11e085d0a" testName="OpenAddressedHashtableParentTest" computerName="COREY-ASUS" duration="00:00:00.0003663" startTime="2013-05-09T22:05:07.9430833-05:00" endTime="2013-05-09T22:05:07.9460835-05:00" testType="13cdc9d9-ddb5-4fa4-a97d-d965ccfc6d4b" outcome="Passed" testListId="8c84fa94-04c1-424b-9868-57a2d4851a1d" relativeResultsDirectory="1c42e751-324a-4b08-b08d-0d6a8caffffc">
    </UnitTestResult>
    <UnitTestResult executionId="f8091448-8f9e-4a8a-b73a-8b50482a9546" testId="6acd591f-d4d7-26f6-6464-9cb81148900b" testName="OpenHTOverflowThrowsHashtableFullExceptionTest" computerName="COREY-ASUS" duration="00:00:00.0008870" startTime="2013-05-09T22:05:07.9470836-05:00" endTime="2013-05-09T22:05:07.9510838-05:00" testType="13cdc9d9-ddb5-4fa4-a97d-d965ccfc6d4b" outcome="Passed" testListId="8c84fa94-04c1-424b-9868-57a2d4851a1d" relativeResultsDirectory="f8091448-8f9e-4a8a-b73a-8b50482a9546">
    </UnitTestResult>
    <UnitTestResult executionId="105e2ed0-67b5-416a-8df5-3c4cbd0acf3d" testId="77f92430-e15d-1805-2a5f-3bac8352d656" testName="ChainedHashtableParentTest" computerName="COREY-ASUS" duration="00:00:00.0003270" startTime="2013-05-09T22:05:07.9530839-05:00" endTime="2013-05-09T22:05:07.9560841-05:00" testType="13cdc9d9-ddb5-4fa4-a97d-d965ccfc6d4b" outcome="Passed" testListId="8c84fa94-04c1-424b-9868-57a2d4851a1d" relativeResultsDirectory="105e2ed0-67b5-416a-8df5-3c4cbd0acf3d">
    </UnitTestResult>
    <UnitTestResult executionId="c0595478-cb11-47e0-8940-c2ccf9749972" testId="9249a21f-90aa-8e95-edbf-7a2477a28138" testName="ChainedHTStoreOverwriteTest" computerName="COREY-ASUS" duration="00:00:00.0124724" startTime="2013-05-09T22:05:07.9580842-05:00" endTime="2013-05-09T22:05:07.9730850-05:00" testType="13cdc9d9-ddb5-4fa4-a97d-d965ccfc6d4b" outcome="Failed" testListId="8c84fa94-04c1-424b-9868-57a2d4851a1d" relativeResultsDirectory="c0595478-cb11-47e0-8940-c2ccf9749972">
      <Output>
        <ErrorInfo>
          <Message>Test method Tests.ChainedHashtableTest.ChainedHTStoreOverwriteTest threw exception: 
System.NotImplementedException: The method or operation is not implemented.</Message>
          <StackTrace>    at HappyFunBlob.ChainedHashtable.Lookup(String name) in D:\Documents\Visual Studio 2012\EECS-311 Assignment 4\HappyFunBlob\ChainedHashtable.cs:line 67
   at Tests.ChainedHashtableTest.ChainedHTStoreOverwriteTest() in D:\Documents\Visual Studio 2012\EECS-311 Assignment 4\Tests\ChainedHashtableTest.cs:line 61
</StackTrace>
        </ErrorInfo>
      </Output>
    </UnitTestResult>
    <UnitTestResult executionId="e427e47d-80d8-455b-b8e3-df56fd51b3c6" testId="92a56d21-7b45-c992-2814-b0dff9b5ca00" testName="ChainedHTStoreAndLookupTest" computerName="COREY-ASUS" duration="00:00:00.0016318" startTime="2013-05-09T22:05:07.9750852-05:00" endTime="2013-05-09T22:05:07.9800854-05:00" testType="13cdc9d9-ddb5-4fa4-a97d-d965ccfc6d4b" outcome="Failed" testListId="8c84fa94-04c1-424b-9868-57a2d4851a1d" relativeResultsDirectory="e427e47d-80d8-455b-b8e3-df56fd51b3c6">
      <Output>
        <ErrorInfo>
          <Message>Test method Tests.ChainedHashtableTest.ChainedHTStoreAndLookupTest threw exception: 
System.NotImplementedException: The method or operation is not implemented.</Message>
          <StackTrace>    at HappyFunBlob.ChainedHashtable.Lookup(String name) in D:\Documents\Visual Studio 2012\EECS-311 Assignment 4\HappyFunBlob\ChainedHashtable.cs:line 67
   at Tests.ChainedHashtableTest.ChainedHTStoreAndLookupTest() in D:\Documents\Visual Studio 2012\EECS-311 Assignment 4\Tests\ChainedHashtableTest.cs:line 95
</StackTrace>
        </ErrorInfo>
      </Output>
    </UnitTestResult>
    <UnitTestResult executionId="3b847c9f-f464-48a0-9fc6-0e66db629f15" testId="9568328b-2cfe-4270-7887-6945be150cfd" testName="LDStoreOverwriteTest" computerName="COREY-ASUS" duration="00:00:00.0002347" startTime="2013-05-09T22:05:07.9810855-05:00" endTime="2013-05-09T22:05:07.9850857-05:00" testType="13cdc9d9-ddb5-4fa4-a97d-d965ccfc6d4b" outcome="Passed" testListId="8c84fa94-04c1-424b-9868-57a2d4851a1d" relativeResultsDirectory="3b847c9f-f464-48a0-9fc6-0e66db629f15">
    </UnitTestResult>
    <UnitTestResult executionId="0951af6c-683e-4b1d-a0bd-a71444e734a7" testId="a2571d66-825b-577c-328f-a9d27c85a47e" testName="OpenHTStoreAndLookupTest" computerName="COREY-ASUS" duration="00:00:00.0016996" startTime="2013-05-09T22:05:07.9870858-05:00" endTime="2013-05-09T22:05:07.9920861-05:00" testType="13cdc9d9-ddb5-4fa4-a97d-d965ccfc6d4b" outcome="Failed" testListId="8c84fa94-04c1-424b-9868-57a2d4851a1d" relativeResultsDirectory="0951af6c-683e-4b1d-a0bd-a71444e734a7">
      <Output>
        <ErrorInfo>
          <Message>Test method Tests.OpenAddressedHashtableTest.OpenHTStoreAndLookupTest threw exception: 
HappyFunBlob.DictionaryKeyNotFoundException: Key not found in dictionary: x0</Message>
          <StackTrace>    at HappyFunBlob.OpenAddressedHashtable.Lookup(String name) in D:\Documents\Visual Studio 2012\EECS-311 Assignment 4\HappyFunBlob\OpenAddressedHashtable.cs:line 56
   at Tests.OpenAddressedHashtableTest.OpenHTStoreAndLookupTest() in D:\Documents\Visual Studio 2012\EECS-311 Assignment 4\Tests\OpenAddressedHashtableTest.cs:line 109
</StackTrace>
        </ErrorInfo>
      </Output>
    </UnitTestResult>
    <UnitTestResult executionId="3422d282-e1b7-468a-bc41-d0f5d84d4fde" testId="b7f32841-9164-ff19-cb23-03474a5b68f2" testName="ChainedHashtableConstructorTest" computerName="COREY-ASUS" duration="00:00:00.0001503" startTime="2013-05-09T22:05:07.9940862-05:00" endTime="2013-05-09T22:05:07.9980865-05:00" testType="13cdc9d9-ddb5-4fa4-a97d-d965ccfc6d4b" outcome="Passed" testListId="8c84fa94-04c1-424b-9868-57a2d4851a1d" relativeResultsDirectory="3422d282-e1b7-468a-bc41-d0f5d84d4fde">
    </UnitTestResult>
    <UnitTestResult executionId="ac9b4fdc-ecfe-430e-9b00-ff7009edf09a" testId="bb5e8172-c68a-e1e2-cf9f-78e491bcbf2e" testName="ChainedHTCountTest" computerName="COREY-ASUS" duration="00:00:00.0025840" startTime="2013-05-09T22:05:07.9990865-05:00" endTime="2013-05-09T22:05:08.0050869-05:00" testType="13cdc9d9-ddb5-4fa4-a97d-d965ccfc6d4b" outcome="Failed" testListId="8c84fa94-04c1-424b-9868-57a2d4851a1d" relativeResultsDirectory="ac9b4fdc-ecfe-430e-9b00-ff7009edf09a">
      <Output>
        <ErrorInfo>
          <Message>Assert.AreEqual failed. Expected:&lt;2&gt;. Actual:&lt;3&gt;. Overwriting key that is already stored in the dictionary should not change the count.</Message>
          <StackTrace>   at Tests.ChainedHashtableTest.ChainedHTCountTest() in D:\Documents\Visual Studio 2012\EECS-311 Assignment 4\Tests\ChainedHashtableTest.cs:line 113
</StackTrace>
        </ErrorInfo>
      </Output>
    </UnitTestResult>
    <UnitTestResult executionId="735b5774-9d8d-44e0-91fe-469198ae15b2" testId="c7ba8f42-0ec1-9118-d9bb-e81b4295e097" testName="OpenHTStoreOverwriteTest" computerName="COREY-ASUS" duration="00:00:00.0002351" startTime="2013-05-09T22:05:08.0060869-05:00" endTime="2013-05-09T22:05:08.0100872-05:00" testType="13cdc9d9-ddb5-4fa4-a97d-d965ccfc6d4b" outcome="Passed" testListId="8c84fa94-04c1-424b-9868-57a2d4851a1d" relativeResultsDirectory="735b5774-9d8d-44e0-91fe-469198ae15b2">
    </UnitTestResult>
    <UnitTestResult executionId="bec1b813-0115-4697-a162-ce612761bfc5" testId="d1ac431c-9b5d-62c2-4a87-7869fa50817e" testName="OpenHTLookupThrowsDictionaryNotFoundExceptionTest" computerName="COREY-ASUS" duration="00:00:00.0003614" startTime="2013-05-09T22:05:08.0120873-05:00" endTime="2013-05-09T22:05:08.0150874-05:00" testType="13cdc9d9-ddb5-4fa4-a97d-d965ccfc6d4b" outcome="Passed" testListId="8c84fa94-04c1-424b-9868-57a2d4851a1d" relativeResultsDirectory="bec1b813-0115-4697-a162-ce612761bfc5">
    </UnitTestResult>
    <UnitTestResult executionId="1f7548ca-d246-4a0f-81b1-114caa4e2b9e" testId="d354d05d-5a14-6853-83aa-d07785f73845" testName="ListDictionaryConstructorTest" computerName="COREY-ASUS" duration="00:00:00.0001142" startTime="2013-05-09T22:05:08.0170876-05:00" endTime="2013-05-09T22:05:08.0200877-05:00" testType="13cdc9d9-ddb5-4fa4-a97d-d965ccfc6d4b" outcome="Passed" testListId="8c84fa94-04c1-424b-9868-57a2d4851a1d" relativeResultsDirectory="1f7548ca-d246-4a0f-81b1-114caa4e2b9e">
    </UnitTestResult>
    <UnitTestResult executionId="cf30d2c0-ea4b-4d51-9b4f-09391149621d" testId="e1e81ca3-826b-3286-bf15-706298b51fdd" testName="OpenHTCountTest" computerName="COREY-ASUS" duration="00:00:00.0012654" startTime="2013-05-09T22:05:08.0350886-05:00" endTime="2013-05-09T22:05:08.0390888-05:00" testType="13cdc9d9-ddb5-4fa4-a97d-d965ccfc6d4b" outcome="Failed" testListId="8c84fa94-04c1-424b-9868-57a2d4851a1d" relativeResultsDirectory="cf30d2c0-ea4b-4d51-9b4f-09391149621d">
      <Output>
        <ErrorInfo>
          <Message>Assert.AreEqual failed. Expected:&lt;2&gt;. Actual:&lt;3&gt;. Overwriting key that is already stored in the dictionary should not change the count.</Message>
          <StackTrace>   at Tests.OpenAddressedHashtableTest.OpenHTCountTest() in D:\Documents\Visual Studio 2012\EECS-311 Assignment 4\Tests\OpenAddressedHashtableTest.cs:line 127
</StackTrace>
        </ErrorInfo>
      </Output>
    </UnitTestResult>
    <UnitTestResult executionId="d89a2fde-f35d-4723-80b9-48e389163bc4" testId="e574ba46-8e58-1576-7c9a-4a505f9c4e46" testName="ChainedHTLookupThrowsDictionaryNotFoundExceptionTest" computerName="COREY-ASUS" duration="00:00:00.0015220" startTime="2013-05-09T22:05:08.0410889-05:00" endTime="2013-05-09T22:05:08.0460892-05:00" testType="13cdc9d9-ddb5-4fa4-a97d-d965ccfc6d4b" outcome="Failed" testListId="8c84fa94-04c1-424b-9868-57a2d4851a1d" relativeResultsDirectory="d89a2fde-f35d-4723-80b9-48e389163bc4">
      <Output>
        <ErrorInfo>
          <Message>Test method Tests.ChainedHashtableTest.ChainedHTLookupThrowsDictionaryNotFoundExceptionTest threw exception System.NotImplementedException, but exception HappyFunBlob.DictionaryKeyNotFoundException was expected. Exception message: System.NotImplementedException: The method or operation is not implemented.</Message>
          <StackTrace>    at HappyFunBlob.ChainedHashtable.Lookup(String name) in D:\Documents\Visual Studio 2012\EECS-311 Assignment 4\HappyFunBlob\ChainedHashtable.cs:line 67
   at Tests.ChainedHashtableTest.ChainedHTLookupThrowsDictionaryNotFoundExceptionTest() in D:\Documents\Visual Studio 2012\EECS-311 Assignment 4\Tests\ChainedHashtableTest.cs:line 76
</StackTrace>
        </ErrorInfo>
      </Output>
    </UnitTestResult>
    <UnitTestResult executionId="85e70825-a55a-42c3-b7f3-049f95aae81b" testId="edc32e9c-1d9d-f859-e9bd-6fe889c0416d" testName="LDStoreAndLookupTest" computerName="COREY-ASUS" duration="00:00:00.0003935" startTime="2013-05-09T22:05:08.0480893-05:00" endTime="2013-05-09T22:05:08.0510895-05:00" testType="13cdc9d9-ddb5-4fa4-a97d-d965ccfc6d4b" outcome="Passed" testListId="8c84fa94-04c1-424b-9868-57a2d4851a1d" relativeResultsDirectory="85e70825-a55a-42c3-b7f3-049f95aae81b">
    </UnitTestResult>
    <UnitTestResult executionId="e96443de-d4bb-4543-b3e1-65bf73119802" testId="f58fbbb2-c088-fc25-febb-1f85ba59f24c" testName="OpenAddressedHashtableConstructorTest" computerName="COREY-ASUS" duration="00:00:00.0001231" startTime="2013-05-09T22:05:08.0530896-05:00" endTime="2013-05-09T22:05:08.0560898-05:00" testType="13cdc9d9-ddb5-4fa4-a97d-d965ccfc6d4b" outcome="Passed" testListId="8c84fa94-04c1-424b-9868-57a2d4851a1d" relativeResultsDirectory="e96443de-d4bb-4543-b3e1-65bf73119802">
    </UnitTestResult>
  </Results>
</TestRun>