<?xml version="1.0" encoding="UTF-8"?>
<TestRun id="0ed93b97-49c6-4c01-931e-17a3252ea043" name="Corey@COREY-ASUS 2013-05-09 21:24:52" runUser="Corey-ASUS\Corey" xmlns="http://microsoft.com/schemas/VisualStudio/TeamTest/2010">
  <TestSettings name="Local" id="4086bb99-4879-4a3b-8a59-bbea98ebebc6">
    <Description>These are default test settings for a local test run.</Description>
    <Deployment enabled="false" runDeploymentRoot="Corey_COREY-ASUS 2013-05-09 21_24_52">
      <DeploymentItem filename="D:\Documents\Visual Studio 2012\EECS-311 Assignment 4\HappyFunBlob\bin\x86\Debug\HappyFunBlob.exe" />
    </Deployment>
    <Execution>
      <TestTypeSpecific />
      <AgentRule name="Execution Agents">
      </AgentRule>
    </Execution>
  </TestSettings>
  <Times creation="2013-05-09T21:24:52.7859442-05:00" queuing="2013-05-09T21:24:53.4999851-05:00" start="2013-05-09T21:24:53.5549882-05:00" finish="2013-05-09T21:25:11.4510118-05:00" />
  <ResultSummary outcome="Failed">
    <Counters total="18" executed="18" passed="10" error="0" failed="8" timeout="0" aborted="0" inconclusive="0" passedButRunAborted="0" notRunnable="0" notExecuted="0" disconnected="0" warning="0" completed="0" inProgress="0" pending="0" />
  </ResultSummary>
  <TestDefinitions>
    <UnitTest name="OpenHTCountTest" storage="d:\documents\visual studio 2012\eecs-311 assignment 4\tests\bin\debug\tests.dll" id="e1e81ca3-826b-3286-bf15-706298b51fdd">
      <Execution id="f10f7029-c683-45c0-8553-b5e1db3dc089" />
      <TestMethod codeBase="D:/Documents/Visual Studio 2012/EECS-311 Assignment 4/Tests/bin/Debug/Tests.DLL" adapterTypeName="Microsoft.VisualStudio.TestTools.TestTypes.Unit.UnitTestAdapter, Microsoft.VisualStudio.QualityTools.Tips.UnitTest.Adapter, Version=10.0.0.0, Culture=neutral, PublicKeyToken=b03f5f7f11d50a3a" className="Tests.OpenAddressedHashtableTest, Tests, Version=1.0.0.0, Culture=neutral, PublicKeyToken=null" name="OpenHTCountTest" />
    </UnitTest>
    <UnitTest name="OpenHTStoreOverwriteTest" storage="d:\documents\visual studio 2012\eecs-311 assignment 4\tests\bin\debug\tests.dll" id="c7ba8f42-0ec1-9118-d9bb-e81b4295e097">
      <Execution id="202264bc-833a-4bdc-8253-979361cdfa77" />
      <TestMethod codeBase="D:/Documents/Visual Studio 2012/EECS-311 Assignment 4/Tests/bin/Debug/Tests.DLL" adapterTypeName="Microsoft.VisualStudio.TestTools.TestTypes.Unit.UnitTestAdapter, Microsoft.VisualStudio.QualityTools.Tips.UnitTest.Adapter, Version=10.0.0.0, Culture=neutral, PublicKeyToken=b03f5f7f11d50a3a" className="Tests.OpenAddressedHashtableTest, Tests, Version=1.0.0.0, Culture=neutral, PublicKeyToken=null" name="OpenHTStoreOverwriteTest" />
    </UnitTest>
    <UnitTest name="ChainedHashtableConstructorTest" storage="d:\documents\visual studio 2012\eecs-311 assignment 4\tests\bin\debug\tests.dll" id="b7f32841-9164-ff19-cb23-03474a5b68f2">
      <Execution id="2b469390-b7ca-424d-ae1a-ac99ac91c2fb" />
      <TestMethod codeBase="D:/Documents/Visual Studio 2012/EECS-311 Assignment 4/Tests/bin/Debug/Tests.DLL" adapterTypeName="Microsoft.VisualStudio.TestTools.TestTypes.Unit.UnitTestAdapter, Microsoft.VisualStudio.QualityTools.Tips.UnitTest.Adapter, Version=10.0.0.0, Culture=neutral, PublicKeyToken=b03f5f7f11d50a3a" className="Tests.ChainedHashtableTest, Tests, Version=1.0.0.0, Culture=neutral, PublicKeyToken=null" name="ChainedHashtableConstructorTest" />
    </UnitTest>
    <UnitTest name="ChainedHashtableParentTest" storage="d:\documents\visual studio 2012\eecs-311 assignment 4\tests\bin\debug\tests.dll" id="77f92430-e15d-1805-2a5f-3bac8352d656">
      <Execution id="9ce8442b-e187-44cd-b5fe-958103d98258" />
      <TestMethod codeBase="D:/Documents/Visual Studio 2012/EECS-311 Assignment 4/Tests/bin/Debug/Tests.DLL" adapterTypeName="Microsoft.VisualStudio.TestTools.TestTypes.Unit.UnitTestAdapter, Microsoft.VisualStudio.QualityTools.Tips.UnitTest.Adapter, Version=10.0.0.0, Culture=neutral, PublicKeyToken=b03f5f7f11d50a3a" className="Tests.ChainedHashtableTest, Tests, Version=1.0.0.0, Culture=neutral, PublicKeyToken=null" name="ChainedHashtableParentTest" />
    </UnitTest>
    <UnitTest name="OpenHTLookupThrowsDictionaryNotFoundExceptionTest" storage="d:\documents\visual studio 2012\eecs-311 assignment 4\tests\bin\debug\tests.dll" id="d1ac431c-9b5d-62c2-4a87-7869fa50817e">
      <Execution id="b72a4931-ad48-4dca-9e4f-3c4ecea3ef81" />
      <TestMethod codeBase="D:/Documents/Visual Studio 2012/EECS-311 Assignment 4/Tests/bin/Debug/Tests.DLL" adapterTypeName="Microsoft.VisualStudio.TestTools.TestTypes.Unit.UnitTestAdapter, Microsoft.VisualStudio.QualityTools.Tips.UnitTest.Adapter, Version=10.0.0.0, Culture=neutral, PublicKeyToken=b03f5f7f11d50a3a" className="Tests.OpenAddressedHashtableTest, Tests, Version=1.0.0.0, Culture=neutral, PublicKeyToken=null" name="OpenHTLookupThrowsDictionaryNotFoundExceptionTest" />
    </UnitTest>
    <UnitTest name="LDCountTest" storage="d:\documents\visual studio 2012\eecs-311 assignment 4\tests\bin\debug\tests.dll" id="3173ec7c-8657-cbfa-7b23-73980f4cefc5">
      <Execution id="263dfe61-ee9e-4193-8e97-fdb0bacb36fa" />
      <TestMethod codeBase="D:/Documents/Visual Studio 2012/EECS-311 Assignment 4/Tests/bin/Debug/Tests.DLL" adapterTypeName="Microsoft.VisualStudio.TestTools.TestTypes.Unit.UnitTestAdapter, Microsoft.VisualStudio.QualityTools.Tips.UnitTest.Adapter, Version=10.0.0.0, Culture=neutral, PublicKeyToken=b03f5f7f11d50a3a" className="DictionaryTests.ListDictionaryTest, Tests, Version=1.0.0.0, Culture=neutral, PublicKeyToken=null" name="LDCountTest" />
    </UnitTest>
    <UnitTest name="ListDictionaryConstructorTest" storage="d:\documents\visual studio 2012\eecs-311 assignment 4\tests\bin\debug\tests.dll" id="d354d05d-5a14-6853-83aa-d07785f73845">
      <Execution id="a5f81ea2-cd88-48c7-89da-e22b86466eb8" />
      <TestMethod codeBase="D:/Documents/Visual Studio 2012/EECS-311 Assignment 4/Tests/bin/Debug/Tests.DLL" adapterTypeName="Microsoft.VisualStudio.TestTools.TestTypes.Unit.UnitTestAdapter, Microsoft.VisualStudio.QualityTools.Tips.UnitTest.Adapter, Version=10.0.0.0, Culture=neutral, PublicKeyToken=b03f5f7f11d50a3a" className="DictionaryTests.ListDictionaryTest, Tests, Version=1.0.0.0, Culture=neutral, PublicKeyToken=null" name="ListDictionaryConstructorTest" />
    </UnitTest>
    <UnitTest name="ChainedHTStoreOverwriteTest" storage="d:\documents\visual studio 2012\eecs-311 assignment 4\tests\bin\debug\tests.dll" id="9249a21f-90aa-8e95-edbf-7a2477a28138">
      <Execution id="d997cb92-e92f-40a0-a956-cea7f062607a" />
      <TestMethod codeBase="D:/Documents/Visual Studio 2012/EECS-311 Assignment 4/Tests/bin/Debug/Tests.DLL" adapterTypeName="Microsoft.VisualStudio.TestTools.TestTypes.Unit.UnitTestAdapter, Microsoft.VisualStudio.QualityTools.Tips.UnitTest.Adapter, Version=10.0.0.0, Culture=neutral, PublicKeyToken=b03f5f7f11d50a3a" className="Tests.ChainedHashtableTest, Tests, Version=1.0.0.0, Culture=neutral, PublicKeyToken=null" name="ChainedHTStoreOverwriteTest" />
    </UnitTest>
    <UnitTest name="ChainedHTLookupThrowsDictionaryNotFoundExceptionTest" storage="d:\documents\visual studio 2012\eecs-311 assignment 4\tests\bin\debug\tests.dll" id="e574ba46-8e58-1576-7c9a-4a505f9c4e46">
      <Execution id="7481e276-0489-476b-8aa1-33262df9b33e" />
      <TestMethod codeBase="D:/Documents/Visual Studio 2012/EECS-311 Assignment 4/Tests/bin/Debug/Tests.DLL" adapterTypeName="Microsoft.VisualStudio.TestTools.TestTypes.Unit.UnitTestAdapter, Microsoft.VisualStudio.QualityTools.Tips.UnitTest.Adapter, Version=10.0.0.0, Culture=neutral, PublicKeyToken=b03f5f7f11d50a3a" className="Tests.ChainedHashtableTest, Tests, Version=1.0.0.0, Culture=neutral, PublicKeyToken=null" name="ChainedHTLookupThrowsDictionaryNotFoundExceptionTest" />
    </UnitTest>
    <UnitTest name="LDStoreAndLookupTest" storage="d:\documents\visual studio 2012\eecs-311 assignment 4\tests\bin\debug\tests.dll" id="edc32e9c-1d9d-f859-e9bd-6fe889c0416d">
      <Execution id="3f42cd50-d02a-43a6-87c4-da09749dc57a" />
      <TestMethod codeBase="D:/Documents/Visual Studio 2012/EECS-311 Assignment 4/Tests/bin/Debug/Tests.DLL" adapterTypeName="Microsoft.VisualStudio.TestTools.TestTypes.Unit.UnitTestAdapter, Microsoft.VisualStudio.QualityTools.Tips.UnitTest.Adapter, Version=10.0.0.0, Culture=neutral, PublicKeyToken=b03f5f7f11d50a3a" className="DictionaryTests.ListDictionaryTest, Tests, Version=1.0.0.0, Culture=neutral, PublicKeyToken=null" name="LDStoreAndLookupTest" />
    </UnitTest>
    <UnitTest name="OpenHTOverflowThrowsHashtableFullExceptionTest" storage="d:\documents\visual studio 2012\eecs-311 assignment 4\tests\bin\debug\tests.dll" id="6acd591f-d4d7-26f6-6464-9cb81148900b">
      <Execution id="d9f32f42-e79d-4d45-8817-1b7cbc60a525" />
      <TestMethod codeBase="D:/Documents/Visual Studio 2012/EECS-311 Assignment 4/Tests/bin/Debug/Tests.DLL" adapterTypeName="Microsoft.VisualStudio.TestTools.TestTypes.Unit.UnitTestAdapter, Microsoft.VisualStudio.QualityTools.Tips.UnitTest.Adapter, Version=10.0.0.0, Culture=neutral, PublicKeyToken=b03f5f7f11d50a3a" className="Tests.OpenAddressedHashtableTest, Tests, Version=1.0.0.0, Culture=neutral, PublicKeyToken=null" name="OpenHTOverflowThrowsHashtableFullExceptionTest" />
    </UnitTest>
    <UnitTest name="OpenAddressedHashtableParentTest" storage="d:\documents\visual studio 2012\eecs-311 assignment 4\tests\bin\debug\tests.dll" id="396f85f9-d3a1-d602-2d10-d3e11e085d0a">
      <Execution id="07293fcb-9bbf-4010-82f2-cdcc8a1dfcde" />
      <TestMethod codeBase="D:/Documents/Visual Studio 2012/EECS-311 Assignment 4/Tests/bin/Debug/Tests.DLL" adapterTypeName="Microsoft.VisualStudio.TestTools.TestTypes.Unit.UnitTestAdapter, Microsoft.VisualStudio.QualityTools.Tips.UnitTest.Adapter, Version=10.0.0.0, Culture=neutral, PublicKeyToken=b03f5f7f11d50a3a" className="Tests.OpenAddressedHashtableTest, Tests, Version=1.0.0.0, Culture=neutral, PublicKeyToken=null" name="OpenAddressedHashtableParentTest" />
    </UnitTest>
    <UnitTest name="ChainedHTCountTest" storage="d:\documents\visual studio 2012\eecs-311 assignment 4\tests\bin\debug\tests.dll" id="bb5e8172-c68a-e1e2-cf9f-78e491bcbf2e">
      <Execution id="e022ff09-89de-4177-b130-bf829671585a" />
      <TestMethod codeBase="D:/Documents/Visual Studio 2012/EECS-311 Assignment 4/Tests/bin/Debug/Tests.DLL" adapterTypeName="Microsoft.VisualStudio.TestTools.TestTypes.Unit.UnitTestAdapter, Microsoft.VisualStudio.QualityTools.Tips.UnitTest.Adapter, Version=10.0.0.0, Culture=neutral, PublicKeyToken=b03f5f7f11d50a3a" className="Tests.ChainedHashtableTest, Tests, Version=1.0.0.0, Culture=neutral, PublicKeyToken=null" name="ChainedHTCountTest" />
    </UnitTest>
    <UnitTest name="OpenAddressedHashtableConstructorTest" storage="d:\documents\visual studio 2012\eecs-311 assignment 4\tests\bin\debug\tests.dll" id="f58fbbb2-c088-fc25-febb-1f85ba59f24c">
      <Execution id="3ae23b06-c3a7-4456-b920-dbac45d06d0b" />
      <TestMethod codeBase="D:/Documents/Visual Studio 2012/EECS-311 Assignment 4/Tests/bin/Debug/Tests.DLL" adapterTypeName="Microsoft.VisualStudio.TestTools.TestTypes.Unit.UnitTestAdapter, Microsoft.VisualStudio.QualityTools.Tips.UnitTest.Adapter, Version=10.0.0.0, Culture=neutral, PublicKeyToken=b03f5f7f11d50a3a" className="Tests.OpenAddressedHashtableTest, Tests, Version=1.0.0.0, Culture=neutral, PublicKeyToken=null" name="OpenAddressedHashtableConstructorTest" />
    </UnitTest>
    <UnitTest name="LDStoreOverwriteTest" storage="d:\documents\visual studio 2012\eecs-311 assignment 4\tests\bin\debug\tests.dll" id="9568328b-2cfe-4270-7887-6945be150cfd">
      <Execution id="ac680afe-eb23-4819-9bcf-458228c660d1" />
      <TestMethod codeBase="D:/Documents/Visual Studio 2012/EECS-311 Assignment 4/Tests/bin/Debug/Tests.DLL" adapterTypeName="Microsoft.VisualStudio.TestTools.TestTypes.Unit.UnitTestAdapter, Microsoft.VisualStudio.QualityTools.Tips.UnitTest.Adapter, Version=10.0.0.0, Culture=neutral, PublicKeyToken=b03f5f7f11d50a3a" className="DictionaryTests.ListDictionaryTest, Tests, Version=1.0.0.0, Culture=neutral, PublicKeyToken=null" name="LDStoreOverwriteTest" />
    </UnitTest>
    <UnitTest name="LDLookupThrowsDictionaryNotFoundExceptionTest" storage="d:\documents\visual studio 2012\eecs-311 assignment 4\tests\bin\debug\tests.dll" id="372d763a-4db8-c506-ed45-3a0f1efa9472">
      <Execution id="b62367a2-a43d-4e56-8e0a-ff7ae3494023" />
      <TestMethod codeBase="D:/Documents/Visual Studio 2012/EECS-311 Assignment 4/Tests/bin/Debug/Tests.DLL" adapterTypeName="Microsoft.VisualStudio.TestTools.TestTypes.Unit.UnitTestAdapter, Microsoft.VisualStudio.QualityTools.Tips.UnitTest.Adapter, Version=10.0.0.0, Culture=neutral, PublicKeyToken=b03f5f7f11d50a3a" className="DictionaryTests.ListDictionaryTest, Tests, Version=1.0.0.0, Culture=neutral, PublicKeyToken=null" name="LDLookupThrowsDictionaryNotFoundExceptionTest" />
    </UnitTest>
    <UnitTest name="ChainedHTStoreAndLookupTest" storage="d:\documents\visual studio 2012\eecs-311 assignment 4\tests\bin\debug\tests.dll" id="92a56d21-7b45-c992-2814-b0dff9b5ca00">
      <Execution id="780f405e-9e65-4655-9812-8ca459e62670" />
      <TestMethod codeBase="D:/Documents/Visual Studio 2012/EECS-311 Assignment 4/Tests/bin/Debug/Tests.DLL" adapterTypeName="Microsoft.VisualStudio.TestTools.TestTypes.Unit.UnitTestAdapter, Microsoft.VisualStudio.QualityTools.Tips.UnitTest.Adapter, Version=10.0.0.0, Culture=neutral, PublicKeyToken=b03f5f7f11d50a3a" className="Tests.ChainedHashtableTest, Tests, Version=1.0.0.0, Culture=neutral, PublicKeyToken=null" name="ChainedHTStoreAndLookupTest" />
    </UnitTest>
    <UnitTest name="OpenHTStoreAndLookupTest" storage="d:\documents\visual studio 2012\eecs-311 assignment 4\tests\bin\debug\tests.dll" id="a2571d66-825b-577c-328f-a9d27c85a47e">
      <Execution id="d22311a9-3e42-4bd8-97fc-437573f69949" />
      <TestMethod codeBase="D:/Documents/Visual Studio 2012/EECS-311 Assignment 4/Tests/bin/Debug/Tests.DLL" adapterTypeName="Microsoft.VisualStudio.TestTools.TestTypes.Unit.UnitTestAdapter, Microsoft.VisualStudio.QualityTools.Tips.UnitTest.Adapter, Version=10.0.0.0, Culture=neutral, PublicKeyToken=b03f5f7f11d50a3a" className="Tests.OpenAddressedHashtableTest, Tests, Version=1.0.0.0, Culture=neutral, PublicKeyToken=null" name="OpenHTStoreAndLookupTest" />
    </UnitTest>
  </TestDefinitions>
  <TestLists>
    <TestList name="Results Not in a List" id="8c84fa94-04c1-424b-9868-57a2d4851a1d" />
    <TestList name="All Loaded Results" id="19431567-8539-422a-85d7-44ee4e166bda" />
  </TestLists>
  <TestEntries>
    <TestEntry testId="d354d05d-5a14-6853-83aa-d07785f73845" executionId="a5f81ea2-cd88-48c7-89da-e22b86466eb8" testListId="8c84fa94-04c1-424b-9868-57a2d4851a1d" />
    <TestEntry testId="9568328b-2cfe-4270-7887-6945be150cfd" executionId="ac680afe-eb23-4819-9bcf-458228c660d1" testListId="8c84fa94-04c1-424b-9868-57a2d4851a1d" />
    <TestEntry testId="372d763a-4db8-c506-ed45-3a0f1efa9472" executionId="b62367a2-a43d-4e56-8e0a-ff7ae3494023" testListId="8c84fa94-04c1-424b-9868-57a2d4851a1d" />
    <TestEntry testId="edc32e9c-1d9d-f859-e9bd-6fe889c0416d" executionId="3f42cd50-d02a-43a6-87c4-da09749dc57a" testListId="8c84fa94-04c1-424b-9868-57a2d4851a1d" />
    <TestEntry testId="3173ec7c-8657-cbfa-7b23-73980f4cefc5" executionId="263dfe61-ee9e-4193-8e97-fdb0bacb36fa" testListId="8c84fa94-04c1-424b-9868-57a2d4851a1d" />
    <TestEntry testId="77f92430-e15d-1805-2a5f-3bac8352d656" executionId="9ce8442b-e187-44cd-b5fe-958103d98258" testListId="8c84fa94-04c1-424b-9868-57a2d4851a1d" />
    <TestEntry testId="b7f32841-9164-ff19-cb23-03474a5b68f2" executionId="2b469390-b7ca-424d-ae1a-ac99ac91c2fb" testListId="8c84fa94-04c1-424b-9868-57a2d4851a1d" />
    <TestEntry testId="9249a21f-90aa-8e95-edbf-7a2477a28138" executionId="d997cb92-e92f-40a0-a956-cea7f062607a" testListId="8c84fa94-04c1-424b-9868-57a2d4851a1d" />
    <TestEntry testId="e574ba46-8e58-1576-7c9a-4a505f9c4e46" executionId="7481e276-0489-476b-8aa1-33262df9b33e" testListId="8c84fa94-04c1-424b-9868-57a2d4851a1d" />
    <TestEntry testId="92a56d21-7b45-c992-2814-b0dff9b5ca00" executionId="780f405e-9e65-4655-9812-8ca459e62670" testListId="8c84fa94-04c1-424b-9868-57a2d4851a1d" />
    <TestEntry testId="bb5e8172-c68a-e1e2-cf9f-78e491bcbf2e" executionId="e022ff09-89de-4177-b130-bf829671585a" testListId="8c84fa94-04c1-424b-9868-57a2d4851a1d" />
    <TestEntry testId="396f85f9-d3a1-d602-2d10-d3e11e085d0a" executionId="07293fcb-9bbf-4010-82f2-cdcc8a1dfcde" testListId="8c84fa94-04c1-424b-9868-57a2d4851a1d" />
    <TestEntry testId="f58fbbb2-c088-fc25-febb-1f85ba59f24c" executionId="3ae23b06-c3a7-4456-b920-dbac45d06d0b" testListId="8c84fa94-04c1-424b-9868-57a2d4851a1d" />
    <TestEntry testId="c7ba8f42-0ec1-9118-d9bb-e81b4295e097" executionId="202264bc-833a-4bdc-8253-979361cdfa77" testListId="8c84fa94-04c1-424b-9868-57a2d4851a1d" />
    <TestEntry testId="d1ac431c-9b5d-62c2-4a87-7869fa50817e" executionId="b72a4931-ad48-4dca-9e4f-3c4ecea3ef81" testListId="8c84fa94-04c1-424b-9868-57a2d4851a1d" />
    <TestEntry testId="6acd591f-d4d7-26f6-6464-9cb81148900b" executionId="d9f32f42-e79d-4d45-8817-1b7cbc60a525" testListId="8c84fa94-04c1-424b-9868-57a2d4851a1d" />
    <TestEntry testId="a2571d66-825b-577c-328f-a9d27c85a47e" executionId="d22311a9-3e42-4bd8-97fc-437573f69949" testListId="8c84fa94-04c1-424b-9868-57a2d4851a1d" />
    <TestEntry testId="e1e81ca3-826b-3286-bf15-706298b51fdd" executionId="f10f7029-c683-45c0-8553-b5e1db3dc089" testListId="8c84fa94-04c1-424b-9868-57a2d4851a1d" />
  </TestEntries>
  <Results>
    <UnitTestResult executionId="a5f81ea2-cd88-48c7-89da-e22b86466eb8" testId="d354d05d-5a14-6853-83aa-d07785f73845" testName="ListDictionaryConstructorTest" computerName="COREY-ASUS" duration="00:00:00.0079990" startTime="2013-05-09T21:24:53.5869901-05:00" endTime="2013-05-09T21:24:54.5770467-05:00" testType="13cdc9d9-ddb5-4fa4-a97d-d965ccfc6d4b" outcome="Passed" testListId="8c84fa94-04c1-424b-9868-57a2d4851a1d" relativeResultsDirectory="a5f81ea2-cd88-48c7-89da-e22b86466eb8">
    </UnitTestResult>
    <UnitTestResult executionId="ac680afe-eb23-4819-9bcf-458228c660d1" testId="9568328b-2cfe-4270-7887-6945be150cfd" testName="LDStoreOverwriteTest" computerName="COREY-ASUS" duration="00:00:00.0008000" startTime="2013-05-09T21:24:54.5830470-05:00" endTime="2013-05-09T21:24:54.5890474-05:00" testType="13cdc9d9-ddb5-4fa4-a97d-d965ccfc6d4b" outcome="Passed" testListId="8c84fa94-04c1-424b-9868-57a2d4851a1d" relativeResultsDirectory="ac680afe-eb23-4819-9bcf-458228c660d1">
    </UnitTestResult>
    <UnitTestResult executionId="b62367a2-a43d-4e56-8e0a-ff7ae3494023" testId="372d763a-4db8-c506-ed45-3a0f1efa9472" testName="LDLookupThrowsDictionaryNotFoundExceptionTest" computerName="COREY-ASUS" duration="00:00:11.7103258" startTime="2013-05-09T21:24:54.5940477-05:00" endTime="2013-05-09T21:25:06.3107178-05:00" testType="13cdc9d9-ddb5-4fa4-a97d-d965ccfc6d4b" outcome="Passed" testListId="8c84fa94-04c1-424b-9868-57a2d4851a1d" relativeResultsDirectory="b62367a2-a43d-4e56-8e0a-ff7ae3494023">
    </UnitTestResult>
    <UnitTestResult executionId="3f42cd50-d02a-43a6-87c4-da09749dc57a" testId="edc32e9c-1d9d-f859-e9bd-6fe889c0416d" testName="LDStoreAndLookupTest" computerName="COREY-ASUS" duration="00:00:00.0004533" startTime="2013-05-09T21:25:06.3147180-05:00" endTime="2013-05-09T21:25:06.3217184-05:00" testType="13cdc9d9-ddb5-4fa4-a97d-d965ccfc6d4b" outcome="Passed" testListId="8c84fa94-04c1-424b-9868-57a2d4851a1d" relativeResultsDirectory="3f42cd50-d02a-43a6-87c4-da09749dc57a">
    </UnitTestResult>
    <UnitTestResult executionId="263dfe61-ee9e-4193-8e97-fdb0bacb36fa" testId="3173ec7c-8657-cbfa-7b23-73980f4cefc5" testName="LDCountTest" computerName="COREY-ASUS" duration="00:00:00.0010156" startTime="2013-05-09T21:25:06.3267187-05:00" endTime="2013-05-09T21:25:06.3347192-05:00" testType="13cdc9d9-ddb5-4fa4-a97d-d965ccfc6d4b" outcome="Passed" testListId="8c84fa94-04c1-424b-9868-57a2d4851a1d" relativeResultsDirectory="263dfe61-ee9e-4193-8e97-fdb0bacb36fa">
    </UnitTestResult>
    <UnitTestResult executionId="9ce8442b-e187-44cd-b5fe-958103d98258" testId="77f92430-e15d-1805-2a5f-3bac8352d656" testName="ChainedHashtableParentTest" computerName="COREY-ASUS" duration="00:00:00.0004636" startTime="2013-05-09T21:25:06.3397195-05:00" endTime="2013-05-09T21:25:06.3477199-05:00" testType="13cdc9d9-ddb5-4fa4-a97d-d965ccfc6d4b" outcome="Passed" testListId="8c84fa94-04c1-424b-9868-57a2d4851a1d" relativeResultsDirectory="9ce8442b-e187-44cd-b5fe-958103d98258">
    </UnitTestResult>
    <UnitTestResult executionId="2b469390-b7ca-424d-ae1a-ac99ac91c2fb" testId="b7f32841-9164-ff19-cb23-03474a5b68f2" testName="ChainedHashtableConstructorTest" computerName="COREY-ASUS" duration="00:00:00.3732211" startTime="2013-05-09T21:25:06.3517202-05:00" endTime="2013-05-09T21:25:06.7417425-05:00" testType="13cdc9d9-ddb5-4fa4-a97d-d965ccfc6d4b" outcome="Failed" testListId="8c84fa94-04c1-424b-9868-57a2d4851a1d" relativeResultsDirectory="2b469390-b7ca-424d-ae1a-ac99ac91c2fb">
      <Output>
        <ErrorInfo>
          <Message>Test method Tests.ChainedHashtableTest.ChainedHashtableConstructorTest threw exception: 
System.NotImplementedException: The method or operation is not implemented.</Message>
          <StackTrace>    at HappyFunBlob.ChainedHashtable..ctor(Int32 size) in D:\Documents\Visual Studio 2012\EECS-311 Assignment 4\HappyFunBlob\ChainedHashtable.cs:line 12
   at Tests.ChainedHashtableTest.ChainedHashtableConstructorTest() in D:\Documents\Visual Studio 2012\EECS-311 Assignment 4\Tests\ChainedHashtableTest.cs:line 50
</StackTrace>
        </ErrorInfo>
      </Output>
    </UnitTestResult>
    <UnitTestResult executionId="d997cb92-e92f-40a0-a956-cea7f062607a" testId="9249a21f-90aa-8e95-edbf-7a2477a28138" testName="ChainedHTStoreOverwriteTest" computerName="COREY-ASUS" duration="00:00:00.3017213" startTime="2013-05-09T21:25:06.7557433-05:00" endTime="2013-05-09T21:25:07.0647609-05:00" testType="13cdc9d9-ddb5-4fa4-a97d-d965ccfc6d4b" outcome="Failed" testListId="8c84fa94-04c1-424b-9868-57a2d4851a1d" relativeResultsDirectory="d997cb92-e92f-40a0-a956-cea7f062607a">
      <Output>
        <ErrorInfo>
          <Message>Test method Tests.ChainedHashtableTest.ChainedHTStoreOverwriteTest threw exception: 
System.NotImplementedException: The method or operation is not implemented.</Message>
          <StackTrace>    at HappyFunBlob.ChainedHashtable..ctor(Int32 size) in D:\Documents\Visual Studio 2012\EECS-311 Assignment 4\HappyFunBlob\ChainedHashtable.cs:line 12
   at Tests.ChainedHashtableTest.ChainedHTStoreOverwriteTest() in D:\Documents\Visual Studio 2012\EECS-311 Assignment 4\Tests\ChainedHashtableTest.cs:line 59
</StackTrace>
        </ErrorInfo>
      </Output>
    </UnitTestResult>
    <UnitTestResult executionId="7481e276-0489-476b-8aa1-33262df9b33e" testId="e574ba46-8e58-1576-7c9a-4a505f9c4e46" testName="ChainedHTLookupThrowsDictionaryNotFoundExceptionTest" computerName="COREY-ASUS" duration="00:00:00.3016905" startTime="2013-05-09T21:25:07.0697612-05:00" endTime="2013-05-09T21:25:07.3817791-05:00" testType="13cdc9d9-ddb5-4fa4-a97d-d965ccfc6d4b" outcome="Failed" testListId="8c84fa94-04c1-424b-9868-57a2d4851a1d" relativeResultsDirectory="7481e276-0489-476b-8aa1-33262df9b33e">
      <Output>
        <ErrorInfo>
          <Message>Test method Tests.ChainedHashtableTest.ChainedHTLookupThrowsDictionaryNotFoundExceptionTest threw exception System.NotImplementedException, but exception HappyFunBlob.DictionaryKeyNotFoundException was expected. Exception message: System.NotImplementedException: The method or operation is not implemented.</Message>
          <StackTrace>    at HappyFunBlob.ChainedHashtable..ctor(Int32 size) in D:\Documents\Visual Studio 2012\EECS-311 Assignment 4\HappyFunBlob\ChainedHashtable.cs:line 12
   at Tests.ChainedHashtableTest.ChainedHTLookupThrowsDictionaryNotFoundExceptionTest() in D:\Documents\Visual Studio 2012\EECS-311 Assignment 4\Tests\ChainedHashtableTest.cs:line 75
</StackTrace>
        </ErrorInfo>
      </Output>
    </UnitTestResult>
    <UnitTestResult executionId="780f405e-9e65-4655-9812-8ca459e62670" testId="92a56d21-7b45-c992-2814-b0dff9b5ca00" testName="ChainedHTStoreAndLookupTest" computerName="COREY-ASUS" duration="00:00:00.2992135" startTime="2013-05-09T21:25:07.3867794-05:00" endTime="2013-05-09T21:25:07.6937969-05:00" testType="13cdc9d9-ddb5-4fa4-a97d-d965ccfc6d4b" outcome="Failed" testListId="8c84fa94-04c1-424b-9868-57a2d4851a1d" relativeResultsDirectory="780f405e-9e65-4655-9812-8ca459e62670">
      <Output>
        <ErrorInfo>
          <Message>Test method Tests.ChainedHashtableTest.ChainedHTStoreAndLookupTest threw exception: 
System.NotImplementedException: The method or operation is not implemented.</Message>
          <StackTrace>    at HappyFunBlob.ChainedHashtable..ctor(Int32 size) in D:\Documents\Visual Studio 2012\EECS-311 Assignment 4\HappyFunBlob\ChainedHashtable.cs:line 12
   at Tests.ChainedHashtableTest.ChainedHTStoreAndLookupTest() in D:\Documents\Visual Studio 2012\EECS-311 Assignment 4\Tests\ChainedHashtableTest.cs:line 87
</StackTrace>
        </ErrorInfo>
      </Output>
    </UnitTestResult>
    <UnitTestResult executionId="e022ff09-89de-4177-b130-bf829671585a" testId="bb5e8172-c68a-e1e2-cf9f-78e491bcbf2e" testName="ChainedHTCountTest" computerName="COREY-ASUS" duration="00:00:00.3319597" startTime="2013-05-09T21:25:07.6977972-05:00" endTime="2013-05-09T21:25:08.0358165-05:00" testType="13cdc9d9-ddb5-4fa4-a97d-d965ccfc6d4b" outcome="Failed" testListId="8c84fa94-04c1-424b-9868-57a2d4851a1d" relativeResultsDirectory="e022ff09-89de-4177-b130-bf829671585a">
      <Output>
        <ErrorInfo>
          <Message>Test method Tests.ChainedHashtableTest.ChainedHTCountTest threw exception: 
System.NotImplementedException: The method or operation is not implemented.</Message>
          <StackTrace>    at HappyFunBlob.ChainedHashtable..ctor(Int32 size) in D:\Documents\Visual Studio 2012\EECS-311 Assignment 4\HappyFunBlob\ChainedHashtable.cs:line 12
   at Tests.ChainedHashtableTest.ChainedHTCountTest() in D:\Documents\Visual Studio 2012\EECS-311 Assignment 4\Tests\ChainedHashtableTest.cs:line 106
</StackTrace>
        </ErrorInfo>
      </Output>
    </UnitTestResult>
    <UnitTestResult executionId="07293fcb-9bbf-4010-82f2-cdcc8a1dfcde" testId="396f85f9-d3a1-d602-2d10-d3e11e085d0a" testName="OpenAddressedHashtableParentTest" computerName="COREY-ASUS" duration="00:00:00.0004372" startTime="2013-05-09T21:25:08.0468171-05:00" endTime="2013-05-09T21:25:08.0538175-05:00" testType="13cdc9d9-ddb5-4fa4-a97d-d965ccfc6d4b" outcome="Passed" testListId="8c84fa94-04c1-424b-9868-57a2d4851a1d" relativeResultsDirectory="07293fcb-9bbf-4010-82f2-cdcc8a1dfcde">
    </UnitTestResult>
    <UnitTestResult executionId="3ae23b06-c3a7-4456-b920-dbac45d06d0b" testId="f58fbbb2-c088-fc25-febb-1f85ba59f24c" testName="OpenAddressedHashtableConstructorTest" computerName="COREY-ASUS" duration="00:00:00.0002574" startTime="2013-05-09T21:25:08.0568177-05:00" endTime="2013-05-09T21:25:08.0638181-05:00" testType="13cdc9d9-ddb5-4fa4-a97d-d965ccfc6d4b" outcome="Passed" testListId="8c84fa94-04c1-424b-9868-57a2d4851a1d" relativeResultsDirectory="3ae23b06-c3a7-4456-b920-dbac45d06d0b">
    </UnitTestResult>
    <UnitTestResult executionId="202264bc-833a-4bdc-8253-979361cdfa77" testId="c7ba8f42-0ec1-9118-d9bb-e81b4295e097" testName="OpenHTStoreOverwriteTest" computerName="COREY-ASUS" duration="00:00:00.6558204" startTime="2013-05-09T21:25:08.0678183-05:00" endTime="2013-05-09T21:25:08.7288561-05:00" testType="13cdc9d9-ddb5-4fa4-a97d-d965ccfc6d4b" outcome="Failed" testListId="8c84fa94-04c1-424b-9868-57a2d4851a1d" relativeResultsDirectory="202264bc-833a-4bdc-8253-979361cdfa77">
      <Output>
        <ErrorInfo>
          <Message>Test method Tests.OpenAddressedHashtableTest.OpenHTStoreOverwriteTest threw exception: 
HappyFunBlob.DictionaryKeyNotFoundException: Key not found in dictionary: test</Message>
          <StackTrace>    at HappyFunBlob.OpenAddressedHashtable.Lookup(String name) in D:\Documents\Visual Studio 2012\EECS-311 Assignment 4\HappyFunBlob\OpenAddressedHashtable.cs:line 56
   at Tests.OpenAddressedHashtableTest.OpenHTStoreOverwriteTest() in D:\Documents\Visual Studio 2012\EECS-311 Assignment 4\Tests\OpenAddressedHashtableTest.cs:line 61
</StackTrace>
        </ErrorInfo>
      </Output>
    </UnitTestResult>
    <UnitTestResult executionId="b72a4931-ad48-4dca-9e4f-3c4ecea3ef81" testId="d1ac431c-9b5d-62c2-4a87-7869fa50817e" testName="OpenHTLookupThrowsDictionaryNotFoundExceptionTest" computerName="COREY-ASUS" duration="00:00:00.4875394" startTime="2013-05-09T21:25:08.7328564-05:00" endTime="2013-05-09T21:25:09.2268846-05:00" testType="13cdc9d9-ddb5-4fa4-a97d-d965ccfc6d4b" outcome="Passed" testListId="8c84fa94-04c1-424b-9868-57a2d4851a1d" relativeResultsDirectory="b72a4931-ad48-4dca-9e4f-3c4ecea3ef81">
    </UnitTestResult>
    <UnitTestResult executionId="d9f32f42-e79d-4d45-8817-1b7cbc60a525" testId="6acd591f-d4d7-26f6-6464-9cb81148900b" testName="OpenHTOverflowThrowsHashtableFullExceptionTest" computerName="COREY-ASUS" duration="00:00:00.6792713" startTime="2013-05-09T21:25:09.2328850-05:00" endTime="2013-05-09T21:25:09.9199242-05:00" testType="13cdc9d9-ddb5-4fa4-a97d-d965ccfc6d4b" outcome="Passed" testListId="8c84fa94-04c1-424b-9868-57a2d4851a1d" relativeResultsDirectory="d9f32f42-e79d-4d45-8817-1b7cbc60a525">
    </UnitTestResult>
    <UnitTestResult executionId="d22311a9-3e42-4bd8-97fc-437573f69949" testId="a2571d66-825b-577c-328f-a9d27c85a47e" testName="OpenHTStoreAndLookupTest" computerName="COREY-ASUS" duration="00:00:00.5891937" startTime="2013-05-09T21:25:09.9239245-05:00" endTime="2013-05-09T21:25:10.5199586-05:00" testType="13cdc9d9-ddb5-4fa4-a97d-d965ccfc6d4b" outcome="Failed" testListId="8c84fa94-04c1-424b-9868-57a2d4851a1d" relativeResultsDirectory="d22311a9-3e42-4bd8-97fc-437573f69949">
      <Output>
        <ErrorInfo>
          <Message>Test method Tests.OpenAddressedHashtableTest.OpenHTStoreAndLookupTest threw exception: 
HappyFunBlob.DictionaryKeyNotFoundException: Key not found in dictionary: x0</Message>
          <StackTrace>    at HappyFunBlob.OpenAddressedHashtable.Lookup(String name) in D:\Documents\Visual Studio 2012\EECS-311 Assignment 4\HappyFunBlob\OpenAddressedHashtable.cs:line 56
   at Tests.OpenAddressedHashtableTest.OpenHTStoreAndLookupTest() in D:\Documents\Visual Studio 2012\EECS-311 Assignment 4\Tests\OpenAddressedHashtableTest.cs:line 109
</StackTrace>
        </ErrorInfo>
      </Output>
    </UnitTestResult>
    <UnitTestResult executionId="f10f7029-c683-45c0-8553-b5e1db3dc089" testId="e1e81ca3-826b-3286-bf15-706298b51fdd" testName="OpenHTCountTest" computerName="COREY-ASUS" duration="00:00:00.8500552" startTime="2013-05-09T21:25:10.5309592-05:00" endTime="2013-05-09T21:25:11.3880082-05:00" testType="13cdc9d9-ddb5-4fa4-a97d-d965ccfc6d4b" outcome="Failed" testListId="8c84fa94-04c1-424b-9868-57a2d4851a1d" relativeResultsDirectory="f10f7029-c683-45c0-8553-b5e1db3dc089">
      <Output>
        <ErrorInfo>
          <Message>Assert.AreEqual failed. Expected:&lt;2&gt;. Actual:&lt;3&gt;. Overwriting key that is already stored in the dictionary should not change the count.</Message>
          <StackTrace>   at Tests.OpenAddressedHashtableTest.OpenHTCountTest() in D:\Documents\Visual Studio 2012\EECS-311 Assignment 4\Tests\OpenAddressedHashtableTest.cs:line 127
</StackTrace>
        </ErrorInfo>
      </Output>
    </UnitTestResult>
  </Results>
</TestRun>