<?xml version="1.0" encoding="UTF-8"?>
<TestRun id="8a6608e7-50bc-4d8e-99e1-f26a9a66cc55" name="Corey@COREY-ASUS 2013-05-09 23:09:35" runUser="Corey-ASUS\Corey" xmlns="http://microsoft.com/schemas/VisualStudio/TeamTest/2010">
  <TestSettings name="Local" id="4086bb99-4879-4a3b-8a59-bbea98ebebc6">
    <Description>These are default test settings for a local test run.</Description>
    <Deployment enabled="false" runDeploymentRoot="Corey_COREY-ASUS 2013-05-09 23_09_35">
      <DeploymentItem filename="D:\Documents\Visual Studio 2012\EECS-311 Assignment 4\HappyFunBlob\bin\x86\Debug\HappyFunBlob.exe" />
    </Deployment>
    <Execution>
      <TestTypeSpecific />
      <AgentRule name="Execution Agents">
      </AgentRule>
    </Execution>
  </TestSettings>
  <Times creation="2013-05-09T23:09:35.8163130-05:00" queuing="2013-05-09T23:09:35.8483149-05:00" start="2013-05-09T23:09:35.8543152-05:00" finish="2013-05-09T23:09:36.3413431-05:00" />
  <ResultSummary outcome="Completed">
    <Counters total="18" executed="18" passed="18" error="0" failed="0" timeout="0" aborted="0" inconclusive="0" passedButRunAborted="0" notRunnable="0" notExecuted="0" disconnected="0" warning="0" completed="0" inProgress="0" pending="0" />
  </ResultSummary>
  <TestDefinitions>
    <UnitTest name="OpenHTCountTest" storage="d:\documents\visual studio 2012\eecs-311 assignment 4\tests\bin\debug\tests.dll" id="e1e81ca3-826b-3286-bf15-706298b51fdd">
      <Execution id="84764962-199a-4ee5-ac31-b811cfc419db" />
      <TestMethod codeBase="D:/Documents/Visual Studio 2012/EECS-311 Assignment 4/Tests/bin/Debug/Tests.DLL" adapterTypeName="Microsoft.VisualStudio.TestTools.TestTypes.Unit.UnitTestAdapter, Microsoft.VisualStudio.QualityTools.Tips.UnitTest.Adapter, Version=10.0.0.0, Culture=neutral, PublicKeyToken=b03f5f7f11d50a3a" className="Tests.OpenAddressedHashtableTest, Tests, Version=1.0.0.0, Culture=neutral, PublicKeyToken=null" name="OpenHTCountTest" />
    </UnitTest>
    <UnitTest name="OpenHTStoreOverwriteTest" storage="d:\documents\visual studio 2012\eecs-311 assignment 4\tests\bin\debug\tests.dll" id="c7ba8f42-0ec1-9118-d9bb-e81b4295e097">
      <Execution id="a90a7b7f-3303-4291-aba0-18eb628e8f7d" />
      <TestMethod codeBase="D:/Documents/Visual Studio 2012/EECS-311 Assignment 4/Tests/bin/Debug/Tests.DLL" adapterTypeName="Microsoft.VisualStudio.TestTools.TestTypes.Unit.UnitTestAdapter, Microsoft.VisualStudio.QualityTools.Tips.UnitTest.Adapter, Version=10.0.0.0, Culture=neutral, PublicKeyToken=b03f5f7f11d50a3a" className="Tests.OpenAddressedHashtableTest, Tests, Version=1.0.0.0, Culture=neutral, PublicKeyToken=null" name="OpenHTStoreOverwriteTest" />
    </UnitTest>
    <UnitTest name="ChainedHashtableConstructorTest" storage="d:\documents\visual studio 2012\eecs-311 assignment 4\tests\bin\debug\tests.dll" id="b7f32841-9164-ff19-cb23-03474a5b68f2">
      <Execution id="82146a07-8e19-427a-b1e0-2be867ce5ad9" />
      <TestMethod codeBase="D:/Documents/Visual Studio 2012/EECS-311 Assignment 4/Tests/bin/Debug/Tests.DLL" adapterTypeName="Microsoft.VisualStudio.TestTools.TestTypes.Unit.UnitTestAdapter, Microsoft.VisualStudio.QualityTools.Tips.UnitTest.Adapter, Version=10.0.0.0, Culture=neutral, PublicKeyToken=b03f5f7f11d50a3a" className="Tests.ChainedHashtableTest, Tests, Version=1.0.0.0, Culture=neutral, PublicKeyToken=null" name="ChainedHashtableConstructorTest" />
    </UnitTest>
    <UnitTest name="ChainedHashtableParentTest" storage="d:\documents\visual studio 2012\eecs-311 assignment 4\tests\bin\debug\tests.dll" id="77f92430-e15d-1805-2a5f-3bac8352d656">
      <Execution id="83b0e918-7d55-40c5-b1b7-84895a0fd40f" />
      <TestMethod codeBase="D:/Documents/Visual Studio 2012/EECS-311 Assignment 4/Tests/bin/Debug/Tests.DLL" adapterTypeName="Microsoft.VisualStudio.TestTools.TestTypes.Unit.UnitTestAdapter, Microsoft.VisualStudio.QualityTools.Tips.UnitTest.Adapter, Version=10.0.0.0, Culture=neutral, PublicKeyToken=b03f5f7f11d50a3a" className="Tests.ChainedHashtableTest, Tests, Version=1.0.0.0, Culture=neutral, PublicKeyToken=null" name="ChainedHashtableParentTest" />
    </UnitTest>
    <UnitTest name="OpenHTLookupThrowsDictionaryNotFoundExceptionTest" storage="d:\documents\visual studio 2012\eecs-311 assignment 4\tests\bin\debug\tests.dll" id="d1ac431c-9b5d-62c2-4a87-7869fa50817e">
      <Execution id="0d444bc6-4e47-4ce5-bcf3-c84babbbd9ce" />
      <TestMethod codeBase="D:/Documents/Visual Studio 2012/EECS-311 Assignment 4/Tests/bin/Debug/Tests.DLL" adapterTypeName="Microsoft.VisualStudio.TestTools.TestTypes.Unit.UnitTestAdapter, Microsoft.VisualStudio.QualityTools.Tips.UnitTest.Adapter, Version=10.0.0.0, Culture=neutral, PublicKeyToken=b03f5f7f11d50a3a" className="Tests.OpenAddressedHashtableTest, Tests, Version=1.0.0.0, Culture=neutral, PublicKeyToken=null" name="OpenHTLookupThrowsDictionaryNotFoundExceptionTest" />
    </UnitTest>
    <UnitTest name="LDCountTest" storage="d:\documents\visual studio 2012\eecs-311 assignment 4\tests\bin\debug\tests.dll" id="3173ec7c-8657-cbfa-7b23-73980f4cefc5">
      <Execution id="2e3ff10e-5a4f-48c3-ba88-836fc32ab8d8" />
      <TestMethod codeBase="D:/Documents/Visual Studio 2012/EECS-311 Assignment 4/Tests/bin/Debug/Tests.DLL" adapterTypeName="Microsoft.VisualStudio.TestTools.TestTypes.Unit.UnitTestAdapter, Microsoft.VisualStudio.QualityTools.Tips.UnitTest.Adapter, Version=10.0.0.0, Culture=neutral, PublicKeyToken=b03f5f7f11d50a3a" className="DictionaryTests.ListDictionaryTest, Tests, Version=1.0.0.0, Culture=neutral, PublicKeyToken=null" name="LDCountTest" />
    </UnitTest>
    <UnitTest name="OpenAddressedHashtableParentTest" storage="d:\documents\visual studio 2012\eecs-311 assignment 4\tests\bin\debug\tests.dll" id="396f85f9-d3a1-d602-2d10-d3e11e085d0a">
      <Execution id="50f553dc-1c72-4801-905c-d54788bf3473" />
      <TestMethod codeBase="D:/Documents/Visual Studio 2012/EECS-311 Assignment 4/Tests/bin/Debug/Tests.DLL" adapterTypeName="Microsoft.VisualStudio.TestTools.TestTypes.Unit.UnitTestAdapter, Microsoft.VisualStudio.QualityTools.Tips.UnitTest.Adapter, Version=10.0.0.0, Culture=neutral, PublicKeyToken=b03f5f7f11d50a3a" className="Tests.OpenAddressedHashtableTest, Tests, Version=1.0.0.0, Culture=neutral, PublicKeyToken=null" name="OpenAddressedHashtableParentTest" />
    </UnitTest>
    <UnitTest name="ListDictionaryConstructorTest" storage="d:\documents\visual studio 2012\eecs-311 assignment 4\tests\bin\debug\tests.dll" id="d354d05d-5a14-6853-83aa-d07785f73845">
      <Execution id="d494b237-ec47-4ffb-b5bd-73dab2eb3379" />
      <TestMethod codeBase="D:/Documents/Visual Studio 2012/EECS-311 Assignment 4/Tests/bin/Debug/Tests.DLL" adapterTypeName="Microsoft.VisualStudio.TestTools.TestTypes.Unit.UnitTestAdapter, Microsoft.VisualStudio.QualityTools.Tips.UnitTest.Adapter, Version=10.0.0.0, Culture=neutral, PublicKeyToken=b03f5f7f11d50a3a" className="DictionaryTests.ListDictionaryTest, Tests, Version=1.0.0.0, Culture=neutral, PublicKeyToken=null" name="ListDictionaryConstructorTest" />
    </UnitTest>
    <UnitTest name="ChainedHTLookupThrowsDictionaryNotFoundExceptionTest" storage="d:\documents\visual studio 2012\eecs-311 assignment 4\tests\bin\debug\tests.dll" id="e574ba46-8e58-1576-7c9a-4a505f9c4e46">
      <Execution id="7f4d463a-1f46-4d43-afe9-7414a7fc1474" />
      <TestMethod codeBase="D:/Documents/Visual Studio 2012/EECS-311 Assignment 4/Tests/bin/Debug/Tests.DLL" adapterTypeName="Microsoft.VisualStudio.TestTools.TestTypes.Unit.UnitTestAdapter, Microsoft.VisualStudio.QualityTools.Tips.UnitTest.Adapter, Version=10.0.0.0, Culture=neutral, PublicKeyToken=b03f5f7f11d50a3a" className="Tests.ChainedHashtableTest, Tests, Version=1.0.0.0, Culture=neutral, PublicKeyToken=null" name="ChainedHTLookupThrowsDictionaryNotFoundExceptionTest" />
    </UnitTest>
    <UnitTest name="LDStoreAndLookupTest" storage="d:\documents\visual studio 2012\eecs-311 assignment 4\tests\bin\debug\tests.dll" id="edc32e9c-1d9d-f859-e9bd-6fe889c0416d">
      <Execution id="b86120f0-3147-492e-8dd4-f2355d1a2239" />
      <TestMethod codeBase="D:/Documents/Visual Studio 2012/EECS-311 Assignment 4/Tests/bin/Debug/Tests.DLL" adapterTypeName="Microsoft.VisualStudio.TestTools.TestTypes.Unit.UnitTestAdapter, Microsoft.VisualStudio.QualityTools.Tips.UnitTest.Adapter, Version=10.0.0.0, Culture=neutral, PublicKeyToken=b03f5f7f11d50a3a" className="DictionaryTests.ListDictionaryTest, Tests, Version=1.0.0.0, Culture=neutral, PublicKeyToken=null" name="LDStoreAndLookupTest" />
    </UnitTest>
    <UnitTest name="OpenHTOverflowThrowsHashtableFullExceptionTest" storage="d:\documents\visual studio 2012\eecs-311 assignment 4\tests\bin\debug\tests.dll" id="6acd591f-d4d7-26f6-6464-9cb81148900b">
      <Execution id="9185806b-c0e5-4ace-8056-7c61aaf5b3c2" />
      <TestMethod codeBase="D:/Documents/Visual Studio 2012/EECS-311 Assignment 4/Tests/bin/Debug/Tests.DLL" adapterTypeName="Microsoft.VisualStudio.TestTools.TestTypes.Unit.UnitTestAdapter, Microsoft.VisualStudio.QualityTools.Tips.UnitTest.Adapter, Version=10.0.0.0, Culture=neutral, PublicKeyToken=b03f5f7f11d50a3a" className="Tests.OpenAddressedHashtableTest, Tests, Version=1.0.0.0, Culture=neutral, PublicKeyToken=null" name="OpenHTOverflowThrowsHashtableFullExceptionTest" />
    </UnitTest>
    <UnitTest name="ChainedHTStoreOverwriteTest" storage="d:\documents\visual studio 2012\eecs-311 assignment 4\tests\bin\debug\tests.dll" id="9249a21f-90aa-8e95-edbf-7a2477a28138">
      <Execution id="66b978b1-efe6-484b-831d-50ca53107183" />
      <TestMethod codeBase="D:/Documents/Visual Studio 2012/EECS-311 Assignment 4/Tests/bin/Debug/Tests.DLL" adapterTypeName="Microsoft.VisualStudio.TestTools.TestTypes.Unit.UnitTestAdapter, Microsoft.VisualStudio.QualityTools.Tips.UnitTest.Adapter, Version=10.0.0.0, Culture=neutral, PublicKeyToken=b03f5f7f11d50a3a" className="Tests.ChainedHashtableTest, Tests, Version=1.0.0.0, Culture=neutral, PublicKeyToken=null" name="ChainedHTStoreOverwriteTest" />
    </UnitTest>
    <UnitTest name="ChainedHTCountTest" storage="d:\documents\visual studio 2012\eecs-311 assignment 4\tests\bin\debug\tests.dll" id="bb5e8172-c68a-e1e2-cf9f-78e491bcbf2e">
      <Execution id="8db63f09-d64d-446b-aaa5-994f22c7399d" />
      <TestMethod codeBase="D:/Documents/Visual Studio 2012/EECS-311 Assignment 4/Tests/bin/Debug/Tests.DLL" adapterTypeName="Microsoft.VisualStudio.TestTools.TestTypes.Unit.UnitTestAdapter, Microsoft.VisualStudio.QualityTools.Tips.UnitTest.Adapter, Version=10.0.0.0, Culture=neutral, PublicKeyToken=b03f5f7f11d50a3a" className="Tests.ChainedHashtableTest, Tests, Version=1.0.0.0, Culture=neutral, PublicKeyToken=null" name="ChainedHTCountTest" />
    </UnitTest>
    <UnitTest name="OpenAddressedHashtableConstructorTest" storage="d:\documents\visual studio 2012\eecs-311 assignment 4\tests\bin\debug\tests.dll" id="f58fbbb2-c088-fc25-febb-1f85ba59f24c">
      <Execution id="80c5baba-3209-4672-a4ea-724466a1821d" />
      <TestMethod codeBase="D:/Documents/Visual Studio 2012/EECS-311 Assignment 4/Tests/bin/Debug/Tests.DLL" adapterTypeName="Microsoft.VisualStudio.TestTools.TestTypes.Unit.UnitTestAdapter, Microsoft.VisualStudio.QualityTools.Tips.UnitTest.Adapter, Version=10.0.0.0, Culture=neutral, PublicKeyToken=b03f5f7f11d50a3a" className="Tests.OpenAddressedHashtableTest, Tests, Version=1.0.0.0, Culture=neutral, PublicKeyToken=null" name="OpenAddressedHashtableConstructorTest" />
    </UnitTest>
    <UnitTest name="LDStoreOverwriteTest" storage="d:\documents\visual studio 2012\eecs-311 assignment 4\tests\bin\debug\tests.dll" id="9568328b-2cfe-4270-7887-6945be150cfd">
      <Execution id="4b620be4-2bcc-47a6-bc4f-0831a202d165" />
      <TestMethod codeBase="D:/Documents/Visual Studio 2012/EECS-311 Assignment 4/Tests/bin/Debug/Tests.DLL" adapterTypeName="Microsoft.VisualStudio.TestTools.TestTypes.Unit.UnitTestAdapter, Microsoft.VisualStudio.QualityTools.Tips.UnitTest.Adapter, Version=10.0.0.0, Culture=neutral, PublicKeyToken=b03f5f7f11d50a3a" className="DictionaryTests.ListDictionaryTest, Tests, Version=1.0.0.0, Culture=neutral, PublicKeyToken=null" name="LDStoreOverwriteTest" />
    </UnitTest>
    <UnitTest name="LDLookupThrowsDictionaryNotFoundExceptionTest" storage="d:\documents\visual studio 2012\eecs-311 assignment 4\tests\bin\debug\tests.dll" id="372d763a-4db8-c506-ed45-3a0f1efa9472">
      <Execution id="5a250127-5093-4f6f-8861-5c2210d9940d" />
      <TestMethod codeBase="D:/Documents/Visual Studio 2012/EECS-311 Assignment 4/Tests/bin/Debug/Tests.DLL" adapterTypeName="Microsoft.VisualStudio.TestTools.TestTypes.Unit.UnitTestAdapter, Microsoft.VisualStudio.QualityTools.Tips.UnitTest.Adapter, Version=10.0.0.0, Culture=neutral, PublicKeyToken=b03f5f7f11d50a3a" className="DictionaryTests.ListDictionaryTest, Tests, Version=1.0.0.0, Culture=neutral, PublicKeyToken=null" name="LDLookupThrowsDictionaryNotFoundExceptionTest" />
    </UnitTest>
    <UnitTest name="ChainedHTStoreAndLookupTest" storage="d:\documents\visual studio 2012\eecs-311 assignment 4\tests\bin\debug\tests.dll" id="92a56d21-7b45-c992-2814-b0dff9b5ca00">
      <Execution id="8fb0ec14-5fbf-4d45-9df9-b20b4db7f632" />
      <TestMethod codeBase="D:/Documents/Visual Studio 2012/EECS-311 Assignment 4/Tests/bin/Debug/Tests.DLL" adapterTypeName="Microsoft.VisualStudio.TestTools.TestTypes.Unit.UnitTestAdapter, Microsoft.VisualStudio.QualityTools.Tips.UnitTest.Adapter, Version=10.0.0.0, Culture=neutral, PublicKeyToken=b03f5f7f11d50a3a" className="Tests.ChainedHashtableTest, Tests, Version=1.0.0.0, Culture=neutral, PublicKeyToken=null" name="ChainedHTStoreAndLookupTest" />
    </UnitTest>
    <UnitTest name="OpenHTStoreAndLookupTest" storage="d:\documents\visual studio 2012\eecs-311 assignment 4\tests\bin\debug\tests.dll" id="a2571d66-825b-577c-328f-a9d27c85a47e">
      <Execution id="78ad2b5a-cabc-4577-8baf-574213707593" />
      <TestMethod codeBase="D:/Documents/Visual Studio 2012/EECS-311 Assignment 4/Tests/bin/Debug/Tests.DLL" adapterTypeName="Microsoft.VisualStudio.TestTools.TestTypes.Unit.UnitTestAdapter, Microsoft.VisualStudio.QualityTools.Tips.UnitTest.Adapter, Version=10.0.0.0, Culture=neutral, PublicKeyToken=b03f5f7f11d50a3a" className="Tests.OpenAddressedHashtableTest, Tests, Version=1.0.0.0, Culture=neutral, PublicKeyToken=null" name="OpenHTStoreAndLookupTest" />
    </UnitTest>
  </TestDefinitions>
  <TestLists>
    <TestList name="Results Not in a List" id="8c84fa94-04c1-424b-9868-57a2d4851a1d" />
    <TestList name="All Loaded Results" id="19431567-8539-422a-85d7-44ee4e166bda" />
  </TestLists>
  <TestEntries>
    <TestEntry testId="3173ec7c-8657-cbfa-7b23-73980f4cefc5" executionId="2e3ff10e-5a4f-48c3-ba88-836fc32ab8d8" testListId="8c84fa94-04c1-424b-9868-57a2d4851a1d" />
    <TestEntry testId="372d763a-4db8-c506-ed45-3a0f1efa9472" executionId="5a250127-5093-4f6f-8861-5c2210d9940d" testListId="8c84fa94-04c1-424b-9868-57a2d4851a1d" />
    <TestEntry testId="396f85f9-d3a1-d602-2d10-d3e11e085d0a" executionId="50f553dc-1c72-4801-905c-d54788bf3473" testListId="8c84fa94-04c1-424b-9868-57a2d4851a1d" />
    <TestEntry testId="6acd591f-d4d7-26f6-6464-9cb81148900b" executionId="9185806b-c0e5-4ace-8056-7c61aaf5b3c2" testListId="8c84fa94-04c1-424b-9868-57a2d4851a1d" />
    <TestEntry testId="77f92430-e15d-1805-2a5f-3bac8352d656" executionId="83b0e918-7d55-40c5-b1b7-84895a0fd40f" testListId="8c84fa94-04c1-424b-9868-57a2d4851a1d" />
    <TestEntry testId="9249a21f-90aa-8e95-edbf-7a2477a28138" executionId="66b978b1-efe6-484b-831d-50ca53107183" testListId="8c84fa94-04c1-424b-9868-57a2d4851a1d" />
    <TestEntry testId="92a56d21-7b45-c992-2814-b0dff9b5ca00" executionId="8fb0ec14-5fbf-4d45-9df9-b20b4db7f632" testListId="8c84fa94-04c1-424b-9868-57a2d4851a1d" />
    <TestEntry testId="9568328b-2cfe-4270-7887-6945be150cfd" executionId="4b620be4-2bcc-47a6-bc4f-0831a202d165" testListId="8c84fa94-04c1-424b-9868-57a2d4851a1d" />
    <TestEntry testId="a2571d66-825b-577c-328f-a9d27c85a47e" executionId="78ad2b5a-cabc-4577-8baf-574213707593" testListId="8c84fa94-04c1-424b-9868-57a2d4851a1d" />
    <TestEntry testId="b7f32841-9164-ff19-cb23-03474a5b68f2" executionId="82146a07-8e19-427a-b1e0-2be867ce5ad9" testListId="8c84fa94-04c1-424b-9868-57a2d4851a1d" />
    <TestEntry testId="bb5e8172-c68a-e1e2-cf9f-78e491bcbf2e" executionId="8db63f09-d64d-446b-aaa5-994f22c7399d" testListId="8c84fa94-04c1-424b-9868-57a2d4851a1d" />
    <TestEntry testId="c7ba8f42-0ec1-9118-d9bb-e81b4295e097" executionId="a90a7b7f-3303-4291-aba0-18eb628e8f7d" testListId="8c84fa94-04c1-424b-9868-57a2d4851a1d" />
    <TestEntry testId="d1ac431c-9b5d-62c2-4a87-7869fa50817e" executionId="0d444bc6-4e47-4ce5-bcf3-c84babbbd9ce" testListId="8c84fa94-04c1-424b-9868-57a2d4851a1d" />
    <TestEntry testId="d354d05d-5a14-6853-83aa-d07785f73845" executionId="d494b237-ec47-4ffb-b5bd-73dab2eb3379" testListId="8c84fa94-04c1-424b-9868-57a2d4851a1d" />
    <TestEntry testId="e1e81ca3-826b-3286-bf15-706298b51fdd" executionId="84764962-199a-4ee5-ac31-b811cfc419db" testListId="8c84fa94-04c1-424b-9868-57a2d4851a1d" />
    <TestEntry testId="e574ba46-8e58-1576-7c9a-4a505f9c4e46" executionId="7f4d463a-1f46-4d43-afe9-7414a7fc1474" testListId="8c84fa94-04c1-424b-9868-57a2d4851a1d" />
    <TestEntry testId="edc32e9c-1d9d-f859-e9bd-6fe889c0416d" executionId="b86120f0-3147-492e-8dd4-f2355d1a2239" testListId="8c84fa94-04c1-424b-9868-57a2d4851a1d" />
    <TestEntry testId="f58fbbb2-c088-fc25-febb-1f85ba59f24c" executionId="80c5baba-3209-4672-a4ea-724466a1821d" testListId="8c84fa94-04c1-424b-9868-57a2d4851a1d" />
  </TestEntries>
  <Results>
    <UnitTestResult executionId="2e3ff10e-5a4f-48c3-ba88-836fc32ab8d8" testId="3173ec7c-8657-cbfa-7b23-73980f4cefc5" testName="LDCountTest" computerName="COREY-ASUS" duration="00:00:00.0118646" startTime="2013-05-09T23:09:35.8573154-05:00" endTime="2013-05-09T23:09:36.0253250-05:00" testType="13cdc9d9-ddb5-4fa4-a97d-d965ccfc6d4b" outcome="Passed" testListId="8c84fa94-04c1-424b-9868-57a2d4851a1d" relativeResultsDirectory="2e3ff10e-5a4f-48c3-ba88-836fc32ab8d8">
    </UnitTestResult>
    <UnitTestResult executionId="5a250127-5093-4f6f-8861-5c2210d9940d" testId="372d763a-4db8-c506-ed45-3a0f1efa9472" testName="LDLookupThrowsDictionaryNotFoundExceptionTest" computerName="COREY-ASUS" duration="00:00:00.0020669" startTime="2013-05-09T23:09:36.0273251-05:00" endTime="2013-05-09T23:09:36.0323254-05:00" testType="13cdc9d9-ddb5-4fa4-a97d-d965ccfc6d4b" outcome="Passed" testListId="8c84fa94-04c1-424b-9868-57a2d4851a1d" relativeResultsDirectory="5a250127-5093-4f6f-8861-5c2210d9940d">
    </UnitTestResult>
    <UnitTestResult executionId="50f553dc-1c72-4801-905c-d54788bf3473" testId="396f85f9-d3a1-d602-2d10-d3e11e085d0a" testName="OpenAddressedHashtableParentTest" computerName="COREY-ASUS" duration="00:00:00.0004181" startTime="2013-05-09T23:09:36.0343255-05:00" endTime="2013-05-09T23:09:36.0373257-05:00" testType="13cdc9d9-ddb5-4fa4-a97d-d965ccfc6d4b" outcome="Passed" testListId="8c84fa94-04c1-424b-9868-57a2d4851a1d" relativeResultsDirectory="50f553dc-1c72-4801-905c-d54788bf3473">
    </UnitTestResult>
    <UnitTestResult executionId="9185806b-c0e5-4ace-8056-7c61aaf5b3c2" testId="6acd591f-d4d7-26f6-6464-9cb81148900b" testName="OpenHTOverflowThrowsHashtableFullExceptionTest" computerName="COREY-ASUS" duration="00:00:00.0009415" startTime="2013-05-09T23:09:36.0393258-05:00" endTime="2013-05-09T23:09:36.0433260-05:00" testType="13cdc9d9-ddb5-4fa4-a97d-d965ccfc6d4b" outcome="Passed" testListId="8c84fa94-04c1-424b-9868-57a2d4851a1d" relativeResultsDirectory="9185806b-c0e5-4ace-8056-7c61aaf5b3c2">
    </UnitTestResult>
    <UnitTestResult executionId="83b0e918-7d55-40c5-b1b7-84895a0fd40f" testId="77f92430-e15d-1805-2a5f-3bac8352d656" testName="ChainedHashtableParentTest" computerName="COREY-ASUS" duration="00:00:00.0003373" startTime="2013-05-09T23:09:36.0453261-05:00" endTime="2013-05-09T23:09:36.0493264-05:00" testType="13cdc9d9-ddb5-4fa4-a97d-d965ccfc6d4b" outcome="Passed" testListId="8c84fa94-04c1-424b-9868-57a2d4851a1d" relativeResultsDirectory="83b0e918-7d55-40c5-b1b7-84895a0fd40f">
    </UnitTestResult>
    <UnitTestResult executionId="66b978b1-efe6-484b-831d-50ca53107183" testId="9249a21f-90aa-8e95-edbf-7a2477a28138" testName="ChainedHTStoreOverwriteTest" computerName="COREY-ASUS" duration="00:00:00.0009571" startTime="2013-05-09T23:09:36.0513265-05:00" endTime="2013-05-09T23:09:36.0553267-05:00" testType="13cdc9d9-ddb5-4fa4-a97d-d965ccfc6d4b" outcome="Passed" testListId="8c84fa94-04c1-424b-9868-57a2d4851a1d" relativeResultsDirectory="66b978b1-efe6-484b-831d-50ca53107183">
    </UnitTestResult>
    <UnitTestResult executionId="8fb0ec14-5fbf-4d45-9df9-b20b4db7f632" testId="92a56d21-7b45-c992-2814-b0dff9b5ca00" testName="ChainedHTStoreAndLookupTest" computerName="COREY-ASUS" duration="00:00:00.0004158" startTime="2013-05-09T23:09:36.0563268-05:00" endTime="2013-05-09T23:09:36.0593269-05:00" testType="13cdc9d9-ddb5-4fa4-a97d-d965ccfc6d4b" outcome="Passed" testListId="8c84fa94-04c1-424b-9868-57a2d4851a1d" relativeResultsDirectory="8fb0ec14-5fbf-4d45-9df9-b20b4db7f632">
    </UnitTestResult>
    <UnitTestResult executionId="4b620be4-2bcc-47a6-bc4f-0831a202d165" testId="9568328b-2cfe-4270-7887-6945be150cfd" testName="LDStoreOverwriteTest" computerName="COREY-ASUS" duration="00:00:00.0002289" startTime="2013-05-09T23:09:36.0613270-05:00" endTime="2013-05-09T23:09:36.0643272-05:00" testType="13cdc9d9-ddb5-4fa4-a97d-d965ccfc6d4b" outcome="Passed" testListId="8c84fa94-04c1-424b-9868-57a2d4851a1d" relativeResultsDirectory="4b620be4-2bcc-47a6-bc4f-0831a202d165">
    </UnitTestResult>
    <UnitTestResult executionId="78ad2b5a-cabc-4577-8baf-574213707593" testId="a2571d66-825b-577c-328f-a9d27c85a47e" testName="OpenHTStoreAndLookupTest" computerName="COREY-ASUS" duration="00:00:00.0005403" startTime="2013-05-09T23:09:36.0663273-05:00" endTime="2013-05-09T23:09:36.0693275-05:00" testType="13cdc9d9-ddb5-4fa4-a97d-d965ccfc6d4b" outcome="Passed" testListId="8c84fa94-04c1-424b-9868-57a2d4851a1d" relativeResultsDirectory="78ad2b5a-cabc-4577-8baf-574213707593">
    </UnitTestResult>
    <UnitTestResult executionId="82146a07-8e19-427a-b1e0-2be867ce5ad9" testId="b7f32841-9164-ff19-cb23-03474a5b68f2" testName="ChainedHashtableConstructorTest" computerName="COREY-ASUS" duration="00:00:00.0001133" startTime="2013-05-09T23:09:36.0713276-05:00" endTime="2013-05-09T23:09:36.0733277-05:00" testType="13cdc9d9-ddb5-4fa4-a97d-d965ccfc6d4b" outcome="Passed" testListId="8c84fa94-04c1-424b-9868-57a2d4851a1d" relativeResultsDirectory="82146a07-8e19-427a-b1e0-2be867ce5ad9">
    </UnitTestResult>
    <UnitTestResult executionId="8db63f09-d64d-446b-aaa5-994f22c7399d" testId="bb5e8172-c68a-e1e2-cf9f-78e491bcbf2e" testName="ChainedHTCountTest" computerName="COREY-ASUS" duration="00:00:00.0004953" startTime="2013-05-09T23:09:36.0753278-05:00" endTime="2013-05-09T23:09:36.0793281-05:00" testType="13cdc9d9-ddb5-4fa4-a97d-d965ccfc6d4b" outcome="Passed" testListId="8c84fa94-04c1-424b-9868-57a2d4851a1d" relativeResultsDirectory="8db63f09-d64d-446b-aaa5-994f22c7399d">
    </UnitTestResult>
    <UnitTestResult executionId="a90a7b7f-3303-4291-aba0-18eb628e8f7d" testId="c7ba8f42-0ec1-9118-d9bb-e81b4295e097" testName="OpenHTStoreOverwriteTest" computerName="COREY-ASUS" duration="00:00:00.0003150" startTime="2013-05-09T23:09:36.0813282-05:00" endTime="2013-05-09T23:09:36.0853284-05:00" testType="13cdc9d9-ddb5-4fa4-a97d-d965ccfc6d4b" outcome="Passed" testListId="8c84fa94-04c1-424b-9868-57a2d4851a1d" relativeResultsDirectory="a90a7b7f-3303-4291-aba0-18eb628e8f7d">
    </UnitTestResult>
    <UnitTestResult executionId="0d444bc6-4e47-4ce5-bcf3-c84babbbd9ce" testId="d1ac431c-9b5d-62c2-4a87-7869fa50817e" testName="OpenHTLookupThrowsDictionaryNotFoundExceptionTest" computerName="COREY-ASUS" duration="00:00:00.0003654" startTime="2013-05-09T23:09:36.0873285-05:00" endTime="2013-05-09T23:09:36.0903287-05:00" testType="13cdc9d9-ddb5-4fa4-a97d-d965ccfc6d4b" outcome="Passed" testListId="8c84fa94-04c1-424b-9868-57a2d4851a1d" relativeResultsDirectory="0d444bc6-4e47-4ce5-bcf3-c84babbbd9ce">
    </UnitTestResult>
    <UnitTestResult executionId="d494b237-ec47-4ffb-b5bd-73dab2eb3379" testId="d354d05d-5a14-6853-83aa-d07785f73845" testName="ListDictionaryConstructorTest" computerName="COREY-ASUS" duration="00:00:00.0001169" startTime="2013-05-09T23:09:36.0923288-05:00" endTime="2013-05-09T23:09:36.0953290-05:00" testType="13cdc9d9-ddb5-4fa4-a97d-d965ccfc6d4b" outcome="Passed" testListId="8c84fa94-04c1-424b-9868-57a2d4851a1d" relativeResultsDirectory="d494b237-ec47-4ffb-b5bd-73dab2eb3379">
    </UnitTestResult>
    <UnitTestResult executionId="84764962-199a-4ee5-ac31-b811cfc419db" testId="e1e81ca3-826b-3286-bf15-706298b51fdd" testName="OpenHTCountTest" computerName="COREY-ASUS" duration="00:00:00.0006795" startTime="2013-05-09T23:09:36.0973291-05:00" endTime="2013-05-09T23:09:36.1023294-05:00" testType="13cdc9d9-ddb5-4fa4-a97d-d965ccfc6d4b" outcome="Passed" testListId="8c84fa94-04c1-424b-9868-57a2d4851a1d" relativeResultsDirectory="84764962-199a-4ee5-ac31-b811cfc419db">
    </UnitTestResult>
    <UnitTestResult executionId="7f4d463a-1f46-4d43-afe9-7414a7fc1474" testId="e574ba46-8e58-1576-7c9a-4a505f9c4e46" testName="ChainedHTLookupThrowsDictionaryNotFoundExceptionTest" computerName="COREY-ASUS" duration="00:00:00.0004002" startTime="2013-05-09T23:09:36.1043295-05:00" endTime="2013-05-09T23:09:36.1073297-05:00" testType="13cdc9d9-ddb5-4fa4-a97d-d965ccfc6d4b" outcome="Passed" testListId="8c84fa94-04c1-424b-9868-57a2d4851a1d" relativeResultsDirectory="7f4d463a-1f46-4d43-afe9-7414a7fc1474">
    </UnitTestResult>
    <UnitTestResult executionId="b86120f0-3147-492e-8dd4-f2355d1a2239" testId="edc32e9c-1d9d-f859-e9bd-6fe889c0416d" testName="LDStoreAndLookupTest" computerName="COREY-ASUS" duration="00:00:00.0003917" startTime="2013-05-09T23:09:36.1093298-05:00" endTime="2013-05-09T23:09:36.1133300-05:00" testType="13cdc9d9-ddb5-4fa4-a97d-d965ccfc6d4b" outcome="Passed" testListId="8c84fa94-04c1-424b-9868-57a2d4851a1d" relativeResultsDirectory="b86120f0-3147-492e-8dd4-f2355d1a2239">
    </UnitTestResult>
    <UnitTestResult executionId="80c5baba-3209-4672-a4ea-724466a1821d" testId="f58fbbb2-c088-fc25-febb-1f85ba59f24c" testName="OpenAddressedHashtableConstructorTest" computerName="COREY-ASUS" duration="00:00:00.0001307" startTime="2013-05-09T23:09:36.1153301-05:00" endTime="2013-05-09T23:09:36.1183303-05:00" testType="13cdc9d9-ddb5-4fa4-a97d-d965ccfc6d4b" outcome="Passed" testListId="8c84fa94-04c1-424b-9868-57a2d4851a1d" relativeResultsDirectory="80c5baba-3209-4672-a4ea-724466a1821d">
    </UnitTestResult>
  </Results>
</TestRun>